Log file open, 01/25/18 11:42:15
LogWindows: Failed to load 'aqProf.dll' (GetLastError=126)
LogWindows: File 'aqProf.dll' does not exist
LogWindows: Failed to load 'VSPerf140.dll' (GetLastError=126)
LogWindows: File 'VSPerf140.dll' does not exist
LogWindows: Failed to load 'VtuneApi.dll' (GetLastError=126)
LogWindows: File 'VtuneApi.dll' does not exist
LogWindows: Failed to load 'VtuneApi32e.dll' (GetLastError=126)
LogWindows: File 'VtuneApi32e.dll' does not exist
LogInit: Display: Running engine for game: TechDemo
LogPlatformFile: Not using cached read wrapper
LogInit: Display: RandInit(356085836) SRandInit(356085836).
LogInit: Read version file with build ID '3709383'
LogInit: Overriding engine version to CL 3832480, compatible CL 3709383
LogInit: Registered custom module enumerator with build ID '3709383'
LogTaskGraph: Started task graph with 5 named threads and 14 total threads with 3 sets of task threads.
LogStats: Stats thread started at 0.153031
LogD3D11RHI: Aftermath initialized
LogPluginManager: Mounting plugin Paper2D
LogPluginManager: Mounting plugin LightPropagationVolume
LogPluginManager: Mounting plugin CodeLiteSourceCodeAccess
LogPluginManager: Mounting plugin GitSourceControl
LogPluginManager: Mounting plugin KDevelopSourceCodeAccess
LogPluginManager: Mounting plugin NullSourceCodeAccess
LogPluginManager: Mounting plugin PerforceSourceControl
LogPluginManager: Mounting plugin SubversionSourceControl
LogPluginManager: Mounting plugin UObjectPlugin
LogPluginManager: Mounting plugin VisualStudioCodeSourceCodeAccess
LogPluginManager: Mounting plugin VisualStudioSourceCodeAccess
LogPluginManager: Mounting plugin XCodeSourceCodeAccess
LogPluginManager: Mounting plugin AssetManagerEditor
LogPluginManager: Mounting plugin AudioCapture
LogPluginManager: Mounting plugin FacialAnimation
LogPluginManager: Mounting plugin GameplayTagsEditor
LogPluginManager: Mounting plugin MobileLauncherProfileWizard
LogPluginManager: Mounting plugin PluginBrowser
LogPluginManager: Mounting plugin SpeedTreeImporter
LogPluginManager: Mounting plugin AlembicImporter
LogPluginManager: Mounting plugin CharacterAI
LogPluginManager: Mounting plugin HTML5Networking
LogPluginManager: Mounting plugin AndroidMedia
LogPluginManager: Mounting plugin AvfMedia
LogPluginManager: Mounting plugin ImgMedia
LogPluginManager: Mounting plugin MediaCompositing
LogPluginManager: Mounting plugin MediaPlayerEditor
LogPluginManager: Mounting plugin WmfMedia
LogPluginManager: Mounting plugin TcpMessaging
LogPluginManager: Mounting plugin UdpMessaging
LogPluginManager: Mounting plugin ActorSequence
LogPluginManager: Mounting plugin LevelSequenceEditor
LogPluginManager: Mounting plugin MatineeToLevelSequence
LogPluginManager: Mounting plugin OnlineSubsystemGooglePlay
LogPluginManager: Mounting plugin OnlineSubsystemIOS
LogPluginManager: Mounting plugin OnlineSubsystem
LogPluginManager: Mounting plugin OnlineSubsystemNull
LogPluginManager: Mounting plugin OnlineSubsystemUtils
LogPluginManager: Mounting plugin AndroidDeviceProfileSelector
LogPluginManager: Mounting plugin AndroidMoviePlayer
LogPluginManager: Mounting plugin AndroidPermission
LogPluginManager: Mounting plugin AppleARKit
LogPluginManager: Mounting plugin AppleMoviePlayer
LogPluginManager: Mounting plugin ArchVisCharacter
LogPluginManager: Mounting plugin CableComponent
LogPluginManager: Mounting plugin CustomMeshComponent
LogPluginManager: Mounting plugin ExampleDeviceProfileSelector
LogPluginManager: Mounting plugin GoogleCloudMessaging
LogPluginManager: Mounting plugin ImmediatePhysics
LogPluginManager: Mounting plugin IOSDeviceProfileSelector
LogPluginManager: Mounting plugin LinuxDeviceProfileSelector
LogPluginManager: Mounting plugin LocationServicesBPLibrary
LogPluginManager: Mounting plugin MobilePatchingUtils
LogPluginManager: Mounting plugin OculusVR
LogPluginManager: Plugin shader directory ../../../Engine/Plugins/Runtime/Oculus/OculusVR/Shaders found
LogPluginManager: Mapping shader source directory ../../../Engine/Plugins/Runtime/Oculus/OculusVR/Shaders to virtual directory /Plugin/OculusVR
LogPluginManager: Mounting plugin PhysXVehicles
LogPluginManager: Mounting plugin ProceduralMeshComponent
LogPluginManager: Mounting plugin RuntimePhysXCooking
LogPluginManager: Mounting plugin SteamVR
LogPluginManager: Mounting plugin WindowsMoviePlayer
LogModuleManager: Warning: Module file ../../../../../../Users/DrDoz/Desktop/TechDemo/TechDemo/Binaries/Win64/UE4Editor-TechDemo-3557.dll is missing. This is likely a stale module that must be recompiled.
LogModuleManager: Display: Found up-to-date module file ../../../Engine/Plugins/2D/Paper2D/Binaries/Win64/UE4Editor-Paper2D.dll (API version 3709383).
LogModuleManager: Display: Found up-to-date module file ../../../Engine/Plugins/2D/Paper2D/Binaries/Win64/UE4Editor-Paper2DEditor.dll (API version 3709383).
LogModuleManager: Display: Found up-to-date module file ../../../Engine/Plugins/2D/Paper2D/Binaries/Win64/UE4Editor-PaperSpriteSheetImporter.dll (API version 3709383).
LogModuleManager: Display: Found up-to-date module file ../../../Engine/Plugins/2D/Paper2D/Binaries/Win64/UE4Editor-PaperTiledImporter.dll (API version 3709383).
LogModuleManager: Display: Found up-to-date module file ../../../Engine/Plugins/2D/Paper2D/Binaries/Win64/UE4Editor-SmartSnapping.dll (API version 3709383).
LogModuleManager: Display: Found up-to-date module file ../../../Engine/Plugins/Blendables/LightPropagationVolume/Binaries/Win64/UE4Editor-LightPropagationVolumeRuntime.dll (API version 3709383).
LogModuleManager: Display: Found up-to-date module file ../../../Engine/Plugins/Blendables/LightPropagationVolume/Binaries/Win64/UE4Editor-LightPropagationVolumeEditor.dll (API version 3709383).
LogModuleManager: Display: Found up-to-date module file ../../../Engine/Plugins/Developer/GitSourceControl/Binaries/Win64/UE4Editor-GitSourceControl.dll (API version 3709383).
LogModuleManager: Display: Found up-to-date module file ../../../Engine/Plugins/Developer/PerforceSourceControl/Binaries/Win64/UE4Editor-PerforceSourceControl.dll (API version 3709383).
LogModuleManager: Display: Found up-to-date module file ../../../Engine/Plugins/Developer/SubversionSourceControl/Binaries/Win64/UE4Editor-SubversionSourceControl.dll (API version 3709383).
LogModuleManager: Display: Found up-to-date module file ../../../Engine/Plugins/Developer/UObjectPlugin/Binaries/Win64/UE4Editor-UObjectPlugin.dll (API version 3709383).
LogModuleManager: Display: Found up-to-date module file ../../../Engine/Plugins/Developer/VisualStudioCodeSourceCodeAccess/Binaries/Win64/UE4Editor-VisualStudioCodeSourceCodeAccess.dll (API version 3709383).
LogModuleManager: Display: Found up-to-date module file ../../../Engine/Plugins/Developer/VisualStudioSourceCodeAccess/Binaries/Win64/UE4Editor-VisualStudioSourceCodeAccess.dll (API version 3709383).
LogModuleManager: Display: Found up-to-date module file ../../../Engine/Plugins/Editor/AssetManagerEditor/Binaries/Win64/UE4Editor-AssetManagerEditor.dll (API version 3709383).
LogModuleManager: Display: Found up-to-date module file ../../../Engine/Plugins/Editor/AudioCapture/Binaries/Win64/UE4Editor-AudioCapture.dll (API version 3709383).
LogModuleManager: Display: Found up-to-date module file ../../../Engine/Plugins/Editor/FacialAnimation/Binaries/Win64/UE4Editor-FacialAnimation.dll (API version 3709383).
LogModuleManager: Display: Found up-to-date module file ../../../Engine/Plugins/Editor/FacialAnimation/Binaries/Win64/UE4Editor-FacialAnimationEditor.dll (API version 3709383).
LogModuleManager: Display: Found up-to-date module file ../../../Engine/Plugins/Editor/GameplayTagsEditor/Binaries/Win64/UE4Editor-GameplayTagsEditor.dll (API version 3709383).
LogModuleManager: Display: Found up-to-date module file ../../../Engine/Plugins/Editor/MobileLauncherProfileWizard/Binaries/Win64/UE4Editor-MobileLauncherProfileWizard.dll (API version 3709383).
LogModuleManager: Display: Found up-to-date module file ../../../Engine/Plugins/Editor/PluginBrowser/Binaries/Win64/UE4Editor-PluginBrowser.dll (API version 3709383).
LogModuleManager: Display: Found up-to-date module file ../../../Engine/Plugins/Editor/SpeedTreeImporter/Binaries/Win64/UE4Editor-SpeedTreeImporter.dll (API version 3709383).
LogModuleManager: Display: Found up-to-date module file ../../../Engine/Plugins/Experimental/AlembicImporter/Binaries/Win64/UE4Editor-AlembicImporter.dll (API version 3709383).
LogModuleManager: Display: Found up-to-date module file ../../../Engine/Plugins/Experimental/AlembicImporter/Binaries/Win64/UE4Editor-AlembicLibrary.dll (API version 3709383).
LogModuleManager: Display: Found up-to-date module file ../../../Engine/Plugins/Experimental/CharacterAI/Binaries/Win64/UE4Editor-CharacterAI.dll (API version 3709383).
LogModuleManager: Display: Found up-to-date module file ../../../Engine/Plugins/Experimental/HTML5Networking/Binaries/Win64/UE4Editor-HTML5Networking.dll (API version 3709383).
LogModuleManager: Display: Found up-to-date module file ../../../Engine/Plugins/Media/AndroidMedia/Binaries/Win64/UE4Editor-AndroidMediaEditor.dll (API version 3709383).
LogModuleManager: Display: Found up-to-date module file ../../../Engine/Plugins/Media/AndroidMedia/Binaries/Win64/UE4Editor-AndroidMediaFactory.dll (API version 3709383).
LogModuleManager: Display: Found up-to-date module file ../../../Engine/Plugins/Media/AvfMedia/Binaries/Win64/UE4Editor-AvfMediaEditor.dll (API version 3709383).
LogModuleManager: Display: Found up-to-date module file ../../../Engine/Plugins/Media/AvfMedia/Binaries/Win64/UE4Editor-AvfMediaFactory.dll (API version 3709383).
LogModuleManager: Display: Found up-to-date module file ../../../Engine/Plugins/Media/AvfMedia/Binaries/Win64/UE4Editor-AvfMediaFactory.dll (API version 3709383).
LogModuleManager: Display: Found up-to-date module file ../../../Engine/Plugins/Media/ImgMedia/Binaries/Win64/UE4Editor-ImgMedia.dll (API version 3709383).
LogModuleManager: Display: Found up-to-date module file ../../../Engine/Plugins/Media/ImgMedia/Binaries/Win64/UE4Editor-ImgMediaEditor.dll (API version 3709383).
LogModuleManager: Display: Found up-to-date module file ../../../Engine/Plugins/Media/ImgMedia/Binaries/Win64/UE4Editor-ImgMediaFactory.dll (API version 3709383).
LogModuleManager: Display: Found up-to-date module file ../../../Engine/Plugins/Media/ImgMedia/Binaries/Win64/UE4Editor-ImgMediaFactory.dll (API version 3709383).
LogModuleManager: Display: Found up-to-date module file ../../../Engine/Plugins/Media/ImgMedia/Binaries/Win64/UE4Editor-OpenExrWrapper.dll (API version 3709383).
LogModuleManager: Display: Found up-to-date module file ../../../Engine/Plugins/Media/MediaCompositing/Binaries/Win64/UE4Editor-MediaCompositing.dll (API version 3709383).
LogModuleManager: Display: Found up-to-date module file ../../../Engine/Plugins/Media/MediaCompositing/Binaries/Win64/UE4Editor-MediaCompositingEditor.dll (API version 3709383).
LogModuleManager: Display: Found up-to-date module file ../../../Engine/Plugins/Media/MediaPlayerEditor/Binaries/Win64/UE4Editor-MediaPlayerEditor.dll (API version 3709383).
LogModuleManager: Display: Found up-to-date module file ../../../Engine/Plugins/Media/WmfMedia/Binaries/Win64/UE4Editor-WmfMedia.dll (API version 3709383).
LogModuleManager: Display: Found up-to-date module file ../../../Engine/Plugins/Media/WmfMedia/Binaries/Win64/UE4Editor-WmfMediaEditor.dll (API version 3709383).
LogModuleManager: Display: Found up-to-date module file ../../../Engine/Plugins/Media/WmfMedia/Binaries/Win64/UE4Editor-WmfMediaFactory.dll (API version 3709383).
LogModuleManager: Display: Found up-to-date module file ../../../Engine/Plugins/Media/WmfMedia/Binaries/Win64/UE4Editor-WmfMediaFactory.dll (API version 3709383).
LogModuleManager: Display: Found up-to-date module file ../../../Engine/Plugins/Messaging/TcpMessaging/Binaries/Win64/UE4Editor-TcpMessaging.dll (API version 3709383).
LogModuleManager: Display: Found up-to-date module file ../../../Engine/Plugins/Messaging/UdpMessaging/Binaries/Win64/UE4Editor-UdpMessaging.dll (API version 3709383).
LogModuleManager: Display: Found up-to-date module file ../../../Engine/Plugins/MovieScene/ActorSequence/Binaries/Win64/UE4Editor-ActorSequence.dll (API version 3709383).
LogModuleManager: Display: Found up-to-date module file ../../../Engine/Plugins/MovieScene/LevelSequenceEditor/Binaries/Win64/UE4Editor-LevelSequenceEditor.dll (API version 3709383).
LogModuleManager: Display: Found up-to-date module file ../../../Engine/Plugins/MovieScene/MatineeToLevelSequence/Binaries/Win64/UE4Editor-MatineeToLevelSequence.dll (API version 3709383).
LogModuleManager: Display: Found up-to-date module file ../../../Engine/Plugins/Online/OnlineSubsystem/Binaries/Win64/UE4Editor-OnlineSubsystem.dll (API version 3709383).
LogModuleManager: Display: Found up-to-date module file ../../../Engine/Plugins/Online/OnlineSubsystemNull/Binaries/Win64/UE4Editor-OnlineSubsystemNull.dll (API version 3709383).
LogModuleManager: Display: Found up-to-date module file ../../../Engine/Plugins/Online/OnlineSubsystemUtils/Binaries/Win64/UE4Editor-OnlineSubsystemUtils.dll (API version 3709383).
LogModuleManager: Display: Found up-to-date module file ../../../Engine/Plugins/Online/OnlineSubsystemUtils/Binaries/Win64/UE4Editor-OnlineBlueprintSupport.dll (API version 3709383).
LogModuleManager: Display: Found up-to-date module file ../../../Engine/Plugins/Runtime/AndroidDeviceProfileSelector/Binaries/Win64/UE4Editor-AndroidDeviceProfileSelector.dll (API version 3709383).
LogModuleManager: Display: Found up-to-date module file ../../../Engine/Plugins/Runtime/AndroidPermission/Binaries/Win64/UE4Editor-AndroidPermission.dll (API version 3709383).
LogModuleManager: Display: Found up-to-date module file ../../../Engine/Plugins/Runtime/AppleARKit/Binaries/Win64/UE4Editor-AppleARKit.dll (API version 3709383).
LogModuleManager: Display: Found up-to-date module file ../../../Engine/Plugins/Runtime/ArchVisCharacter/Binaries/Win64/UE4Editor-ArchVisCharacter.dll (API version 3709383).
LogModuleManager: Display: Found up-to-date module file ../../../Engine/Plugins/Runtime/CableComponent/Binaries/Win64/UE4Editor-CableComponent.dll (API version 3709383).
LogModuleManager: Display: Found up-to-date module file ../../../Engine/Plugins/Runtime/CustomMeshComponent/Binaries/Win64/UE4Editor-CustomMeshComponent.dll (API version 3709383).
LogModuleManager: Display: Found up-to-date module file ../../../Engine/Plugins/Runtime/ExampleDeviceProfileSelector/Binaries/Win64/UE4Editor-ExampleDeviceProfileSelector.dll (API version 3709383).
LogModuleManager: Display: Found up-to-date module file ../../../Engine/Plugins/Runtime/ImmediatePhysics/Binaries/Win64/UE4Editor-ImmediatePhysics.dll (API version 3709383).
LogModuleManager: Display: Found up-to-date module file ../../../Engine/Plugins/Runtime/ImmediatePhysics/Binaries/Win64/UE4Editor-ImmediatePhysicsEditor.dll (API version 3709383).
LogModuleManager: Display: Found up-to-date module file ../../../Engine/Plugins/Runtime/LocationServicesBPLibrary/Binaries/Win64/UE4Editor-LocationServicesBPLibrary.dll (API version 3709383).
LogModuleManager: Display: Found up-to-date module file ../../../Engine/Plugins/Runtime/MobilePatchingUtils/Binaries/Win64/UE4Editor-MobilePatchingUtils.dll (API version 3709383).
LogModuleManager: Display: Found up-to-date module file ../../../Engine/Plugins/Runtime/Oculus/OculusVR/Binaries/Win64/UE4Editor-OculusHMD.dll (API version 3709383).
LogModuleManager: Display: Found up-to-date module file ../../../Engine/Plugins/Runtime/Oculus/OculusVR/Binaries/Win64/UE4Editor-OculusInput.dll (API version 3709383).
LogModuleManager: Display: Found up-to-date module file ../../../Engine/Plugins/Runtime/Oculus/OculusVR/Binaries/Win64/UE4Editor-OculusEditor.dll (API version 3709383).
LogModuleManager: Display: Found up-to-date module file ../../../Engine/Plugins/Runtime/PhysXVehicles/Binaries/Win64/UE4Editor-PhysXVehicles.dll (API version 3709383).
LogModuleManager: Display: Found up-to-date module file ../../../Engine/Plugins/Runtime/PhysXVehicles/Binaries/Win64/UE4Editor-PhysXVehiclesEditor.dll (API version 3709383).
LogModuleManager: Display: Found up-to-date module file ../../../Engine/Plugins/Runtime/ProceduralMeshComponent/Binaries/Win64/UE4Editor-ProceduralMeshComponent.dll (API version 3709383).
LogModuleManager: Display: Found up-to-date module file ../../../Engine/Plugins/Runtime/ProceduralMeshComponent/Binaries/Win64/UE4Editor-ProceduralMeshComponentEditor.dll (API version 3709383).
LogModuleManager: Display: Found up-to-date module file ../../../Engine/Plugins/Runtime/RuntimePhysXCooking/Binaries/Win64/UE4Editor-RuntimePhysXCooking.dll (API version 3709383).
LogModuleManager: Display: Found up-to-date module file ../../../Engine/Plugins/Runtime/Steam/SteamVR/Binaries/Win64/UE4Editor-SteamVR.dll (API version 3709383).
LogModuleManager: Display: Found up-to-date module file ../../../Engine/Plugins/Runtime/Steam/SteamVR/Binaries/Win64/UE4Editor-SteamVRController.dll (API version 3709383).
LogModuleManager: Display: Found up-to-date module file ../../../Engine/Plugins/Runtime/WindowsMoviePlayer/Binaries/Win64/UE4Editor-WindowsMoviePlayer.dll (API version 3709383).
LogInit: Warning: Incompatible or missing module: UE4Editor-TechDemo.dll
Running C:/Program Files/Epic Games/UE_4.18/Engine/Binaries/DotNET/UnrealBuildTool.exe TechDemo Development Win64 -project="C:/Users/DrDoz/Desktop/TechDemo/TechDemo/TechDemo.uproject" -editorrecompile -progress -NoHotReloadFromIDE
Performing full C++ include scan (building a new target)
Using 'git status' to determine working set for adaptive non-unity build.
Creating makefile for TechDemo (no existing makefile)
@progress push 5%
Parsing headers for TechDemoEditor
  Running UnrealHeaderTool "C:\Users\DrDoz\Desktop\TechDemo\TechDemo\TechDemo.uproject" "C:\Users\DrDoz\Desktop\TechDemo\TechDemo\Intermediate\Build\Win64\TechDemoEditor\Development\TechDemoEditor.uhtmanifest" -LogCmds="loginit warning, logexit warning, logdatabase error" -Unattended -WarningsAsErrors -installed
Reflection code generated for TechDemoEditor in 5.72609 seconds
@progress pop
Distributing 9 actions to XGE
--------------------Build System Warning---------------------------------------
License is invalid:
    License information is invalid. Please try reloading your license file using the Coordinator Monitor application on the Coordinator machine, or reinstall IncrediBuild.
    This build will run in standalone mode.

-------------------------------------------------------------------------------
--------------------Project: Default-------------------------------------------
 (0:01.93 at +0:00)
SharedPCH.Engine.cpp
 (0:00.57 at +0:01)
Player1Test.cpp
 (0:00.29 at +0:02)
TechDemo.cpp
 (0:00.39 at +0:02)
TechDemoGameModeBase.cpp
 (0:00.51 at +0:03)
Player1Test.gen.cpp
 (0:00.40 at +0:03)
TechDemo.init.gen.cpp
 (0:00.48 at +0:04)
TechDemoGameModeBase.gen.cpp
UE4Editor-TechDemo.dll (0:00.46 at +0:04)
   Creating library C:\Users\DrDoz\Desktop\TechDemo\TechDemo\Intermediate\Build\Win64\UE4Editor\Development\UE4Editor-TechDemo.suppressed.lib and object C:\Users\DrDoz\Desktop\TechDemo\TechDemo\Intermediate\Build\Win64\UE4Editor\Development\UE4Editor-TechDemo.suppressed.exp
UE4Editor-TechDemo.lib (0:00.06 at +0:05)
   Creating library C:\Users\DrDoz\Desktop\TechDemo\TechDemo\Intermediate\Build\Win64\UE4Editor\Development\UE4Editor-TechDemo.lib and object C:\Users\DrDoz\Desktop\TechDemo\TechDemo\Intermediate\Build\Win64\UE4Editor\Development\UE4Editor-TechDemo.exp
---------------------- Done ----------------------
 
    Rebuild All: 1 succeeded, 0 failed, 0 skipped
 
1 build system warning(s):
   - License is invalid
 


Total build time: 31.60 seconds (XGE executor: 5.54 seconds)
LogModuleManager: Display: Found up-to-date module file ../../../../../../Users/DrDoz/Desktop/TechDemo/TechDemo/Binaries/Win64/UE4Editor-TechDemo.dll (API version 3709383).
LogModuleManager: Display: Found up-to-date module file ../../../Engine/Plugins/2D/Paper2D/Binaries/Win64/UE4Editor-Paper2D.dll (API version 3709383).
LogModuleManager: Display: Found up-to-date module file ../../../Engine/Plugins/2D/Paper2D/Binaries/Win64/UE4Editor-Paper2DEditor.dll (API version 3709383).
LogModuleManager: Display: Found up-to-date module file ../../../Engine/Plugins/2D/Paper2D/Binaries/Win64/UE4Editor-PaperSpriteSheetImporter.dll (API version 3709383).
LogModuleManager: Display: Found up-to-date module file ../../../Engine/Plugins/2D/Paper2D/Binaries/Win64/UE4Editor-PaperTiledImporter.dll (API version 3709383).
LogModuleManager: Display: Found up-to-date module file ../../../Engine/Plugins/2D/Paper2D/Binaries/Win64/UE4Editor-SmartSnapping.dll (API version 3709383).
LogModuleManager: Display: Found up-to-date module file ../../../Engine/Plugins/Blendables/LightPropagationVolume/Binaries/Win64/UE4Editor-LightPropagationVolumeRuntime.dll (API version 3709383).
LogModuleManager: Display: Found up-to-date module file ../../../Engine/Plugins/Blendables/LightPropagationVolume/Binaries/Win64/UE4Editor-LightPropagationVolumeEditor.dll (API version 3709383).
LogModuleManager: Display: Found up-to-date module file ../../../Engine/Plugins/Developer/GitSourceControl/Binaries/Win64/UE4Editor-GitSourceControl.dll (API version 3709383).
LogModuleManager: Display: Found up-to-date module file ../../../Engine/Plugins/Developer/PerforceSourceControl/Binaries/Win64/UE4Editor-PerforceSourceControl.dll (API version 3709383).
LogModuleManager: Display: Found up-to-date module file ../../../Engine/Plugins/Developer/SubversionSourceControl/Binaries/Win64/UE4Editor-SubversionSourceControl.dll (API version 3709383).
LogModuleManager: Display: Found up-to-date module file ../../../Engine/Plugins/Developer/UObjectPlugin/Binaries/Win64/UE4Editor-UObjectPlugin.dll (API version 3709383).
LogModuleManager: Display: Found up-to-date module file ../../../Engine/Plugins/Developer/VisualStudioCodeSourceCodeAccess/Binaries/Win64/UE4Editor-VisualStudioCodeSourceCodeAccess.dll (API version 3709383).
LogModuleManager: Display: Found up-to-date module file ../../../Engine/Plugins/Developer/VisualStudioSourceCodeAccess/Binaries/Win64/UE4Editor-VisualStudioSourceCodeAccess.dll (API version 3709383).
LogModuleManager: Display: Found up-to-date module file ../../../Engine/Plugins/Editor/AssetManagerEditor/Binaries/Win64/UE4Editor-AssetManagerEditor.dll (API version 3709383).
LogModuleManager: Display: Found up-to-date module file ../../../Engine/Plugins/Editor/AudioCapture/Binaries/Win64/UE4Editor-AudioCapture.dll (API version 3709383).
LogModuleManager: Display: Found up-to-date module file ../../../Engine/Plugins/Editor/FacialAnimation/Binaries/Win64/UE4Editor-FacialAnimation.dll (API version 3709383).
LogModuleManager: Display: Found up-to-date module file ../../../Engine/Plugins/Editor/FacialAnimation/Binaries/Win64/UE4Editor-FacialAnimationEditor.dll (API version 3709383).
LogModuleManager: Display: Found up-to-date module file ../../../Engine/Plugins/Editor/GameplayTagsEditor/Binaries/Win64/UE4Editor-GameplayTagsEditor.dll (API version 3709383).
LogModuleManager: Display: Found up-to-date module file ../../../Engine/Plugins/Editor/MobileLauncherProfileWizard/Binaries/Win64/UE4Editor-MobileLauncherProfileWizard.dll (API version 3709383).
LogModuleManager: Display: Found up-to-date module file ../../../Engine/Plugins/Editor/PluginBrowser/Binaries/Win64/UE4Editor-PluginBrowser.dll (API version 3709383).
LogModuleManager: Display: Found up-to-date module file ../../../Engine/Plugins/Editor/SpeedTreeImporter/Binaries/Win64/UE4Editor-SpeedTreeImporter.dll (API version 3709383).
LogModuleManager: Display: Found up-to-date module file ../../../Engine/Plugins/Experimental/AlembicImporter/Binaries/Win64/UE4Editor-AlembicImporter.dll (API version 3709383).
LogModuleManager: Display: Found up-to-date module file ../../../Engine/Plugins/Experimental/AlembicImporter/Binaries/Win64/UE4Editor-AlembicLibrary.dll (API version 3709383).
LogModuleManager: Display: Found up-to-date module file ../../../Engine/Plugins/Experimental/CharacterAI/Binaries/Win64/UE4Editor-CharacterAI.dll (API version 3709383).
LogModuleManager: Display: Found up-to-date module file ../../../Engine/Plugins/Experimental/HTML5Networking/Binaries/Win64/UE4Editor-HTML5Networking.dll (API version 3709383).
LogModuleManager: Display: Found up-to-date module file ../../../Engine/Plugins/Media/AndroidMedia/Binaries/Win64/UE4Editor-AndroidMediaEditor.dll (API version 3709383).
LogModuleManager: Display: Found up-to-date module file ../../../Engine/Plugins/Media/AndroidMedia/Binaries/Win64/UE4Editor-AndroidMediaFactory.dll (API version 3709383).
LogModuleManager: Display: Found up-to-date module file ../../../Engine/Plugins/Media/AvfMedia/Binaries/Win64/UE4Editor-AvfMediaEditor.dll (API version 3709383).
LogModuleManager: Display: Found up-to-date module file ../../../Engine/Plugins/Media/AvfMedia/Binaries/Win64/UE4Editor-AvfMediaFactory.dll (API version 3709383).
LogModuleManager: Display: Found up-to-date module file ../../../Engine/Plugins/Media/AvfMedia/Binaries/Win64/UE4Editor-AvfMediaFactory.dll (API version 3709383).
LogModuleManager: Display: Found up-to-date module file ../../../Engine/Plugins/Media/ImgMedia/Binaries/Win64/UE4Editor-ImgMedia.dll (API version 3709383).
LogModuleManager: Display: Found up-to-date module file ../../../Engine/Plugins/Media/ImgMedia/Binaries/Win64/UE4Editor-ImgMediaEditor.dll (API version 3709383).
LogModuleManager: Display: Found up-to-date module file ../../../Engine/Plugins/Media/ImgMedia/Binaries/Win64/UE4Editor-ImgMediaFactory.dll (API version 3709383).
LogModuleManager: Display: Found up-to-date module file ../../../Engine/Plugins/Media/ImgMedia/Binaries/Win64/UE4Editor-ImgMediaFactory.dll (API version 3709383).
LogModuleManager: Display: Found up-to-date module file ../../../Engine/Plugins/Media/ImgMedia/Binaries/Win64/UE4Editor-OpenExrWrapper.dll (API version 3709383).
LogModuleManager: Display: Found up-to-date module file ../../../Engine/Plugins/Media/MediaCompositing/Binaries/Win64/UE4Editor-MediaCompositing.dll (API version 3709383).
LogModuleManager: Display: Found up-to-date module file ../../../Engine/Plugins/Media/MediaCompositing/Binaries/Win64/UE4Editor-MediaCompositingEditor.dll (API version 3709383).
LogModuleManager: Display: Found up-to-date module file ../../../Engine/Plugins/Media/MediaPlayerEditor/Binaries/Win64/UE4Editor-MediaPlayerEditor.dll (API version 3709383).
LogModuleManager: Display: Found up-to-date module file ../../../Engine/Plugins/Media/WmfMedia/Binaries/Win64/UE4Editor-WmfMedia.dll (API version 3709383).
LogModuleManager: Display: Found up-to-date module file ../../../Engine/Plugins/Media/WmfMedia/Binaries/Win64/UE4Editor-WmfMediaEditor.dll (API version 3709383).
LogModuleManager: Display: Found up-to-date module file ../../../Engine/Plugins/Media/WmfMedia/Binaries/Win64/UE4Editor-WmfMediaFactory.dll (API version 3709383).
LogModuleManager: Display: Found up-to-date module file ../../../Engine/Plugins/Media/WmfMedia/Binaries/Win64/UE4Editor-WmfMediaFactory.dll (API version 3709383).
LogModuleManager: Display: Found up-to-date module file ../../../Engine/Plugins/Messaging/TcpMessaging/Binaries/Win64/UE4Editor-TcpMessaging.dll (API version 3709383).
LogModuleManager: Display: Found up-to-date module file ../../../Engine/Plugins/Messaging/UdpMessaging/Binaries/Win64/UE4Editor-UdpMessaging.dll (API version 3709383).
LogModuleManager: Display: Found up-to-date module file ../../../Engine/Plugins/MovieScene/ActorSequence/Binaries/Win64/UE4Editor-ActorSequence.dll (API version 3709383).
LogModuleManager: Display: Found up-to-date module file ../../../Engine/Plugins/MovieScene/LevelSequenceEditor/Binaries/Win64/UE4Editor-LevelSequenceEditor.dll (API version 3709383).
LogModuleManager: Display: Found up-to-date module file ../../../Engine/Plugins/MovieScene/MatineeToLevelSequence/Binaries/Win64/UE4Editor-MatineeToLevelSequence.dll (API version 3709383).
LogModuleManager: Display: Found up-to-date module file ../../../Engine/Plugins/Online/OnlineSubsystem/Binaries/Win64/UE4Editor-OnlineSubsystem.dll (API version 3709383).
LogModuleManager: Display: Found up-to-date module file ../../../Engine/Plugins/Online/OnlineSubsystemNull/Binaries/Win64/UE4Editor-OnlineSubsystemNull.dll (API version 3709383).
LogModuleManager: Display: Found up-to-date module file ../../../Engine/Plugins/Online/OnlineSubsystemUtils/Binaries/Win64/UE4Editor-OnlineSubsystemUtils.dll (API version 3709383).
LogModuleManager: Display: Found up-to-date module file ../../../Engine/Plugins/Online/OnlineSubsystemUtils/Binaries/Win64/UE4Editor-OnlineBlueprintSupport.dll (API version 3709383).
LogModuleManager: Display: Found up-to-date module file ../../../Engine/Plugins/Runtime/AndroidDeviceProfileSelector/Binaries/Win64/UE4Editor-AndroidDeviceProfileSelector.dll (API version 3709383).
LogModuleManager: Display: Found up-to-date module file ../../../Engine/Plugins/Runtime/AndroidPermission/Binaries/Win64/UE4Editor-AndroidPermission.dll (API version 3709383).
LogModuleManager: Display: Found up-to-date module file ../../../Engine/Plugins/Runtime/AppleARKit/Binaries/Win64/UE4Editor-AppleARKit.dll (API version 3709383).
LogModuleManager: Display: Found up-to-date module file ../../../Engine/Plugins/Runtime/ArchVisCharacter/Binaries/Win64/UE4Editor-ArchVisCharacter.dll (API version 3709383).
LogModuleManager: Display: Found up-to-date module file ../../../Engine/Plugins/Runtime/CableComponent/Binaries/Win64/UE4Editor-CableComponent.dll (API version 3709383).
LogModuleManager: Display: Found up-to-date module file ../../../Engine/Plugins/Runtime/CustomMeshComponent/Binaries/Win64/UE4Editor-CustomMeshComponent.dll (API version 3709383).
LogModuleManager: Display: Found up-to-date module file ../../../Engine/Plugins/Runtime/ExampleDeviceProfileSelector/Binaries/Win64/UE4Editor-ExampleDeviceProfileSelector.dll (API version 3709383).
LogModuleManager: Display: Found up-to-date module file ../../../Engine/Plugins/Runtime/ImmediatePhysics/Binaries/Win64/UE4Editor-ImmediatePhysics.dll (API version 3709383).
LogModuleManager: Display: Found up-to-date module file ../../../Engine/Plugins/Runtime/ImmediatePhysics/Binaries/Win64/UE4Editor-ImmediatePhysicsEditor.dll (API version 3709383).
LogModuleManager: Display: Found up-to-date module file ../../../Engine/Plugins/Runtime/LocationServicesBPLibrary/Binaries/Win64/UE4Editor-LocationServicesBPLibrary.dll (API version 3709383).
LogModuleManager: Display: Found up-to-date module file ../../../Engine/Plugins/Runtime/MobilePatchingUtils/Binaries/Win64/UE4Editor-MobilePatchingUtils.dll (API version 3709383).
LogModuleManager: Display: Found up-to-date module file ../../../Engine/Plugins/Runtime/Oculus/OculusVR/Binaries/Win64/UE4Editor-OculusHMD.dll (API version 3709383).
LogModuleManager: Display: Found up-to-date module file ../../../Engine/Plugins/Runtime/Oculus/OculusVR/Binaries/Win64/UE4Editor-OculusInput.dll (API version 3709383).
LogModuleManager: Display: Found up-to-date module file ../../../Engine/Plugins/Runtime/Oculus/OculusVR/Binaries/Win64/UE4Editor-OculusEditor.dll (API version 3709383).
LogModuleManager: Display: Found up-to-date module file ../../../Engine/Plugins/Runtime/PhysXVehicles/Binaries/Win64/UE4Editor-PhysXVehicles.dll (API version 3709383).
LogModuleManager: Display: Found up-to-date module file ../../../Engine/Plugins/Runtime/PhysXVehicles/Binaries/Win64/UE4Editor-PhysXVehiclesEditor.dll (API version 3709383).
LogModuleManager: Display: Found up-to-date module file ../../../Engine/Plugins/Runtime/ProceduralMeshComponent/Binaries/Win64/UE4Editor-ProceduralMeshComponent.dll (API version 3709383).
LogModuleManager: Display: Found up-to-date module file ../../../Engine/Plugins/Runtime/ProceduralMeshComponent/Binaries/Win64/UE4Editor-ProceduralMeshComponentEditor.dll (API version 3709383).
LogModuleManager: Display: Found up-to-date module file ../../../Engine/Plugins/Runtime/RuntimePhysXCooking/Binaries/Win64/UE4Editor-RuntimePhysXCooking.dll (API version 3709383).
LogModuleManager: Display: Found up-to-date module file ../../../Engine/Plugins/Runtime/Steam/SteamVR/Binaries/Win64/UE4Editor-SteamVR.dll (API version 3709383).
LogModuleManager: Display: Found up-to-date module file ../../../Engine/Plugins/Runtime/Steam/SteamVR/Binaries/Win64/UE4Editor-SteamVRController.dll (API version 3709383).
LogModuleManager: Display: Found up-to-date module file ../../../Engine/Plugins/Runtime/WindowsMoviePlayer/Binaries/Win64/UE4Editor-WindowsMoviePlayer.dll (API version 3709383).
LogInit: Using libcurl 7.47.1
LogInit:  - built for x86_64-pc-win32
LogInit:  - supports SSL with OpenSSL/1.0.2g
LogInit:  - supports HTTP deflate (compression) using libz 1.2.8
LogInit:  - other features:
LogInit:      CURL_VERSION_SSL
LogInit:      CURL_VERSION_LIBZ
LogInit:      CURL_VERSION_IPV6
LogInit:      CURL_VERSION_ASYNCHDNS
LogInit:      CURL_VERSION_LARGEFILE
LogInit:      CURL_VERSION_IDN
LogInit:  CurlRequestOptions (configurable via config and command line):
LogInit:  - bVerifyPeer = false  - Libcurl will NOT verify peer certificate
LogInit:  - bUseHttpProxy = false  - Libcurl will NOT use HTTP proxy
LogInit:  - bDontReuseConnections = false  - Libcurl will reuse connections
LogInit:  - CertBundlePath = nullptr  - Libcurl will use whatever was configured at build time.
LogHMD: Failed initializing OVRPlugin 1.19.0
LogInit: Build: ++UE4+Release-4.18-CL-3832480
LogInit: Engine Version: 4.18.3-3832480+++UE4+Release-4.18
LogInit: Compatible Engine Version: 4.18.0-3709383+++UE4+Release-4.18
LogInit: Net CL: 3709383
LogDevObjectVersion: Number of dev versions registered: 16
LogDevObjectVersion:   Dev-Blueprints (B0D832E4-1F89-4F0D-ACCF-7EB736FD4AA2): 10
LogDevObjectVersion:   Dev-Build (E1C64328-A22C-4D53-A36C-8E866417BD8C): 0
LogDevObjectVersion:   Dev-Core (375EC13C-06E4-48FB-B500-84F0262A717E): 2
LogDevObjectVersion:   Dev-Editor (E4B068ED-F494-42E9-A231-DA0B2E46BB41): 20
LogDevObjectVersion:   Dev-Framework (CFFC743F-43B0-4480-9391-14DF171D2073): 30
LogDevObjectVersion:   Dev-Mobile (B02B49B5-BB20-44E9-A304-32B752E40360): 0
LogDevObjectVersion:   Dev-Networking (A4E4105C-59A1-49B5-A7C5-40C4547EDFEE): 0
LogDevObjectVersion:   Dev-Online (39C831C9-5AE6-47DC-9A44-9C173E1C8E7C): 0
LogDevObjectVersion:   Dev-Physics (78F01B33-EBEA-4F98-B9B4-84EACCB95AA2): 0
LogDevObjectVersion:   Dev-Platform (6631380F-2D4D-43E0-8009-CF276956A95A): 0
LogDevObjectVersion:   Dev-Rendering (12F88B9F-8875-4AFC-A67C-D90C383ABD29): 20
LogDevObjectVersion:   Dev-Sequencer (7B5AE74C-D270-4C10-A958-57980B212A5A): 4
LogDevObjectVersion:   Dev-VR (D7296918-1DD6-4BDD-9DE2-64A83CC13884): 0
LogDevObjectVersion:   Dev-LoadTimes (C2A15278-BFE7-4AFE-6C17-90FF531DF755): 1
LogDevObjectVersion:   Private-Geometry (6EACA3D4-40EC-4CC1-B786-8BED09428FC5): 1
LogDevObjectVersion:   Dev-AnimPhys (29E575DD-E0A3-4627-9D10-D276232CDCEA): 12
LogInit: Compiled (64-bit): Jan 12 2018 02:04:55
LogInit: Compiled with Visual C++: 19.00.24215.01
LogInit: Build Configuration: Development
LogInit: Branch Name: ++UE4+Release-4.18
LogInit: Command line:  
LogInit: Base directory: C:/Program Files/Epic Games/UE_4.18/Engine/Binaries/Win64/
LogInit: Installed Engine Build: 1
LogInit: Presizing for max 8388607 objects, including 0 objects not considered by GC, pre-allocating 0 bytes for permanent pool.
LogInit: Object subsystem initialized
[2018.01.25-09.42.52:206][  0]LogInit: Selected Device Profile: [Windows]
[2018.01.25-09.42.52:206][  0]LogInit: Applying CVar settings loaded from the selected device profile: [Windows]
[2018.01.25-09.42.52:217][  0]LogInit: Computer: DESKTOP-RPIN1KH
[2018.01.25-09.42.52:217][  0]LogInit: User: DrDoz
[2018.01.25-09.42.52:217][  0]LogInit: CPU Page size=4096, Cores=4
[2018.01.25-09.42.52:217][  0]LogInit: High frequency timer resolution =4.101559 MHz
[2018.01.25-09.42.52:218][  0]LogMemory: Memory total: Physical=31.9GB (32GB approx)
[2018.01.25-09.42.52:218][  0]LogMemory: Platform Memory Stats for Windows
[2018.01.25-09.42.52:218][  0]LogMemory: Process Physical Memory: 285.74 MB used, 285.74 MB peak
[2018.01.25-09.42.52:218][  0]LogMemory: Process Virtual Memory: 278.09 MB used, 278.09 MB peak
[2018.01.25-09.42.52:218][  0]LogMemory: Physical Memory: 9195.36 MB used,  23497.69 MB free, 32693.05 MB total
[2018.01.25-09.42.52:218][  0]LogMemory: Virtual Memory: 786.49 MB used,  23497.69 MB free, 134217728.00 MB total
[2018.01.25-09.42.52:388][  0]LogInit: Using OS detected language (en-GB).
[2018.01.25-09.42.52:388][  0]LogInit: Using OS detected locale (en-US).
[2018.01.25-09.42.52:423][  0]LogTextLocalizationManager: No specific localization for 'en-GB' exists, so the 'en' localization will be used.
[2018.01.25-09.42.52:728][  0]LogInit: Setting process to per monitor DPI aware
[2018.01.25-09.42.54:246][  0]LogD3D11RHI: D3D11 adapters:
[2018.01.25-09.42.54:280][  0]LogD3D11RHI:    0. 'NVIDIA GeForce GTX 1080' (Feature Level 11_0)
[2018.01.25-09.42.54:280][  0]LogD3D11RHI:       8086/0/16346 MB DedicatedVideo/DedicatedSystem/SharedSystem, Outputs:1, VendorId:0x10de
[2018.01.25-09.42.54:281][  0]LogD3D11RHI:    1. 'Microsoft Basic Render Driver' (Feature Level 11_0)
[2018.01.25-09.42.54:281][  0]LogD3D11RHI:       0/0/16346 MB DedicatedVideo/DedicatedSystem/SharedSystem, Outputs:0, VendorId:0x1414
[2018.01.25-09.42.54:281][  0]LogD3D11RHI: Chosen D3D11 Adapter: 0
[2018.01.25-09.42.54:289][  0]LogD3D11RHI: Creating new Direct3DDevice
[2018.01.25-09.42.54:289][  0]LogD3D11RHI:     GPU DeviceId: 0x1b80 (for the marketing name, search the web for "GPU Device Id")
[2018.01.25-09.42.54:289][  0]LogWindows: EnumDisplayDevices:
[2018.01.25-09.42.54:289][  0]LogWindows:    0. 'NVIDIA GeForce GTX 1080' (P:1 D:1)
[2018.01.25-09.42.54:289][  0]LogWindows:    1. 'NVIDIA GeForce GTX 1080' (P:0 D:0)
[2018.01.25-09.42.54:289][  0]LogWindows:    2. 'NVIDIA GeForce GTX 1080' (P:0 D:0)
[2018.01.25-09.42.54:289][  0]LogWindows:    3. 'NVIDIA GeForce GTX 1080' (P:0 D:0)
[2018.01.25-09.42.54:289][  0]LogWindows: DebugString: GetVideoDriverDetailsInvalid PrimaryIsNotTheChoosenAdapter GetVideoDriverDetailsInvalid PrimaryIsNotTheChoosenAdapter GetVideoDriverDetailsInvalid PrimaryIsNotTheChoosenAdapter GetVideoDriverDetailsInvalid PrimaryIsNotTheChoosenAdapter FoundDriverCount:0 
[2018.01.25-09.42.54:289][  0]LogD3D11RHI:     Adapter Name: NVIDIA GeForce GTX 1080
[2018.01.25-09.42.54:289][  0]LogD3D11RHI:   Driver Version: Unknown (internal:Unknown, unified:Unknown)
[2018.01.25-09.42.54:289][  0]LogD3D11RHI:      Driver Date: Unknown
[2018.01.25-09.42.54:289][  0]LogRHI: Texture pool is 5660 MB (70% of 8086 MB)
[2018.01.25-09.42.54:309][  0]LogD3D11RHI: Async texture creation enabled
[2018.01.25-09.42.54:551][  0]LogD3D11RHI: GPU Timing Frequency: 1000.000000 (Debug: 2 1)
[2018.01.25-09.42.54:598][  0]LogShaderCompilers: Guid format shader working directory is -9 characters bigger than the processId version (../../../../../../Users/DrDoz/Desktop/TechDemo/TechDemo/Intermediate/Shaders/WorkingDirectory/8352/).
[2018.01.25-09.42.54:599][  0]LogShaderCompilers: Cleaned the shader compiler working directory 'C:/Users/DrDoz/AppData/Local/Temp/UnrealShaderWorkingDir/E019A0A9461F4A0F8B313E8A42D29E28/'.
[2018.01.25-09.42.54:599][  0]LogShaderCompilers: Display: Using Local Shader Compiler.
[2018.01.25-09.42.55:876][  0]LogTemp: Display: Loaded TP AllDesktopTargetPlatform
[2018.01.25-09.42.55:913][  0]LogTemp: Display: Loaded TP MacClientTargetPlatform
[2018.01.25-09.42.55:951][  0]LogTemp: Display: Loaded TP MacNoEditorTargetPlatform
[2018.01.25-09.42.55:987][  0]LogTemp: Display: Loaded TP MacServerTargetPlatform
[2018.01.25-09.42.56:026][  0]LogTemp: Display: Loaded TP MacTargetPlatform
[2018.01.25-09.42.56:062][  0]LogTemp: Display: Loaded TP WindowsClientTargetPlatform
[2018.01.25-09.42.56:099][  0]LogTemp: Display: Loaded TP WindowsNoEditorTargetPlatform
[2018.01.25-09.42.56:136][  0]LogTemp: Display: Loaded TP WindowsServerTargetPlatform
[2018.01.25-09.42.56:167][  0]LogTemp: Display: Loaded TP WindowsTargetPlatform
[2018.01.25-09.42.56:202][  0]LogTemp: Display: Loaded TP Android_ASTCTargetPlatform
[2018.01.25-09.42.56:238][  0]LogTemp: Display: Loaded TP Android_ATCTargetPlatform
[2018.01.25-09.42.56:272][  0]LogTemp: Display: Loaded TP Android_DXTTargetPlatform
[2018.01.25-09.42.56:308][  0]LogTemp: Display: Loaded TP Android_ETC1TargetPlatform
[2018.01.25-09.42.56:343][  0]LogTemp: Display: Loaded TP Android_ETC2TargetPlatform
[2018.01.25-09.42.56:413][  0]LogTemp: Display: Loaded TP Android_MultiTargetPlatform
[2018.01.25-09.42.56:413][  0]LogTemp: Display: Loaded TP Android_PVRTCTargetPlatform
[2018.01.25-09.42.56:450][  0]LogTemp: Display: Loaded TP AndroidTargetPlatform
[2018.01.25-09.42.56:480][  0]LogTemp: Display: Loaded TP HTML5TargetPlatform
[2018.01.25-09.42.56:552][  0]LogTemp: Display: Loaded TP IOSTargetPlatform
[2018.01.25-09.42.56:572][  0]LogTemp: Display: Loaded TP TVOSTargetPlatform
[2018.01.25-09.42.56:607][  0]LogTemp: Display: Loaded TP LinuxClientTargetPlatform
[2018.01.25-09.42.56:642][  0]LogTemp: Display: Loaded TP LinuxNoEditorTargetPlatform
[2018.01.25-09.42.56:678][  0]LogTemp: Display: Loaded TP LinuxServerTargetPlatform
[2018.01.25-09.42.56:715][  0]LogTemp: Display: Loaded TP LinuxTargetPlatform
[2018.01.25-09.42.56:715][  0]LogTargetPlatformManager: Display: Building Assets For Windows
[2018.01.25-09.42.57:070][  0]LogDerivedDataCache: Display: Max Cache Size: 512 MB
[2018.01.25-09.42.57:124][  0]LogDerivedDataCache: Loaded boot cache 0.05s 79MB C:/Users/DrDoz/AppData/Local/UnrealEngine/4.18/DerivedDataCache/Boot.ddc.
[2018.01.25-09.42.57:124][  0]LogDerivedDataCache: Display: Loaded Boot cache: C:/Users/DrDoz/AppData/Local/UnrealEngine/4.18/DerivedDataCache/Boot.ddc
[2018.01.25-09.42.57:124][  0]LogDerivedDataCache: FDerivedDataBackendGraph:  Pak pak cache file ../../../../../../Users/DrDoz/Desktop/TechDemo/TechDemo/DerivedDataCache/DDC.ddp not found, will not use a pak cache.
[2018.01.25-09.42.57:124][  0]LogDerivedDataCache: Unable to find inner node Pak for hierarchical cache Hierarchy.
[2018.01.25-09.42.57:124][  0]LogDerivedDataCache: FDerivedDataBackendGraph:  CompressedPak pak cache file ../../../../../../Users/DrDoz/Desktop/TechDemo/TechDemo/DerivedDataCache/Compressed.ddp not found, will not use a pak cache.
[2018.01.25-09.42.57:124][  0]LogDerivedDataCache: Unable to find inner node CompressedPak for hierarchical cache Hierarchy.
[2018.01.25-09.42.57:139][  0]LogDerivedDataCache: Display: Pak cache opened for reading ../../../Engine/DerivedDataCache/Compressed.ddp.
[2018.01.25-09.42.57:150][  0]LogDerivedDataCache: Using Local data cache path C:/Users/DrDoz/AppData/Local/UnrealEngine/Common/DerivedDataCache: Writable
[2018.01.25-09.42.57:158][  0]LogMaterial: Verifying Global Shaders for PCD3D_SM5
[2018.01.25-09.42.57:158][  0]LogSlate: Using Freetype 2.6.0
[2018.01.25-09.42.57:165][  0]LogSlate: SlateFontCache - WITH_FREETYPE: 1, WITH_HARFBUZZ: 1
[2018.01.25-09.42.57:165][  0]LogSlate: SlateFontCache - WITH_FREETYPE: 1, WITH_HARFBUZZ: 1
[2018.01.25-09.42.57:492][  0]LogInit: Selected Device Profile: [Windows]
[2018.01.25-09.42.57:794][  0]LogSimplygon: Simplygon DLL not present - disabling.
[2018.01.25-09.42.57:823][  0]LogMeshReduction: Using SimplygonSwarm for distributed automatic mesh merging
[2018.01.25-09.42.57:823][  0]LogMeshReduction: Using QuadricMeshReduction for automatic static mesh reduction
[2018.01.25-09.42.57:823][  0]LogMeshReduction: No automatic skeletal mesh reduction module available
[2018.01.25-09.42.57:823][  0]LogMeshReduction: No automatic mesh merging module available
[2018.01.25-09.42.57:823][  0]LogMeshMerging: No automatic mesh merging module available
[2018.01.25-09.42.57:856][  0]LogNetVersion: TechDemo , NetCL: 3709383, EngineNetVer: 2, GameNetVer: 0 (Checksum: 3811988934)
[2018.01.25-09.42.58:106][  0]LogAssetRegistry: FAssetRegistry took 0.0258 seconds to start up
[2018.01.25-09.42.58:709][  0]LogPackageLocalizationCache: Processed 7 localized package path(s) for 2 prioritized culture(s) in 0.057699 seconds
[2018.01.25-09.42.58:714][  0]LogUObjectArray: 35870 objects as part of root set at end of initial load.
[2018.01.25-09.42.58:715][  0]LogUObjectAllocator: 7363696 out of 0 bytes used by permanent object pool.
[2018.01.25-09.42.58:715][  0]LogUObjectArray: CloseDisregardForGC: 0/0 objects in disregard for GC pool
[2018.01.25-09.42.58:756][  0]LogInit: WinSock: version 1.1 (2.2), MaxSocks=32767, MaxUdp=65467
[2018.01.25-09.43.01:522][  0]LogWmfMedia: Failed to load mf.dll
[2018.01.25-09.43.01:522][  0]LogWmfMedia: Failed to load required Windows Media Foundation libraries
[2018.01.25-09.43.01:562][  0]LogWindowsMoviePlayer: Could not load mf.dll. Library not found.
[2018.01.25-09.43.01:562][  0]LogWindowsMoviePlayer: Could not load mfplat.dll. Library not found.
[2018.01.25-09.43.01:563][  0]LogWindowsMoviePlayer: Could not load mfplay.dll. Library not found.
[2018.01.25-09.43.01:951][  0]LogTcpMessaging: Initializing TcpMessaging bridge
[2018.01.25-09.43.01:986][  0]LogUdpMessaging: Initializing bridge on interface 0.0.0.0:0 to multicast group 230.0.0.1:6666.
[2018.01.25-09.43.02:550][  0]LogMaterial: Uniform references updated for custom material expression Custom.
[2018.01.25-09.43.02:852][  0]SourceControl: Source control is disabled
[2018.01.25-09.43.02:853][  0]SourceControl: Source control is disabled
[2018.01.25-09.43.02:890][  0]SourceControl: Source control is disabled
[2018.01.25-09.43.02:928][  0]SourceControl: Source control is disabled
[2018.01.25-09.43.03:538][  0]LogAndroidPermission: UAndroidPermissionCallbackProxy::GetInstance
[2018.01.25-09.43.03:739][  0]LogOcInput: OculusInput pre-init called
[2018.01.25-09.43.03:942][  0]LogEngine: Initializing Engine...
[2018.01.25-09.43.03:990][  0]LogHMD: Failed to initialize OpenVR with code 126
[2018.01.25-09.43.04:131][  0]LogStats: UGameplayTagsManager::ConstructGameplayTagTree: Construct from data asset -  0.000 s
[2018.01.25-09.43.04:131][  0]LogStats: UGameplayTagsManager::ConstructGameplayTagTree: GameplayTagTreeChangedEvent.Broadcast -  0.000 s
[2018.01.25-09.43.04:227][  0]LogAIModule: Creating AISystem for world Untitled
[2018.01.25-09.43.04:237][  0]LogInit: XAudio2 using 'Speakers (Realtek High Definition Audio)' : 6 channels at 48 kHz using 32 bits per sample (channel mask 0x3f)
[2018.01.25-09.43.04:274][  0]LogInit: FAudioDevice initialized.
[2018.01.25-09.43.04:340][  0]LogDerivedDataCache: Saved boot cache 0.07s 79MB C:/Users/DrDoz/AppData/Local/UnrealEngine/4.18/DerivedDataCache/Boot.ddc.
[2018.01.25-09.43.04:350][  0]LogInit: Texture streaming: Enabled
[2018.01.25-09.43.04:424][  0]LogEngineSessionManager: EngineSessionManager initialized
[2018.01.25-09.43.04:520][  0]LogInit: Transaction tracking system initialized
[2018.01.25-09.43.04:745][  0]BlueprintLog: New page: Editor Load
[2018.01.25-09.43.05:378][  0]LocalizationService: Localization service is disabled
[2018.01.25-09.43.05:902][  0]LogConsoleResponse: Display: 
[2018.01.25-09.43.06:117][  0]LogFileCache: Scanning file cache for directory 'C:/Users/DrDoz/Desktop/TechDemo/TechDemo/Content/' took 0.01s
[2018.01.25-09.43.06:117][  0]LogCook: Display: Max memory allowance for cook 16384mb min free memory 0mb
[2018.01.25-09.43.06:117][  0]LogCook: Display: Mobile HDR setting 1
[2018.01.25-09.43.06:117][  0]LogGameplayTags: Display: UGameplayTagsManager::DoneAddingNativeTags. DelegateIsBound: 0
[2018.01.25-09.43.06:973][  0]SourceControl: Source control is disabled
[2018.01.25-09.43.07:231][  0]LogSlate: Took 0.002778 seconds to synchronously load lazily loaded font '../../../Engine/Content/Slate/Fonts/Roboto-Regular.ttf' (155K)
[2018.01.25-09.43.13:310][  0]LogWindowsTextInputMethodSystem: Display: IME system now deactivated.
[2018.01.25-09.43.13:311][  0]LogWindowsTextInputMethodSystem: Display: IME system now deactivated.
[2018.01.25-09.43.13:316][  0]Cmd: MAP LOAD FILE="../../../Engine/Content/Maps/Templates/Template_Default.umap" TEMPLATE=1 SHOWPROGRESS=1 FEATURELEVEL=3
[2018.01.25-09.43.13:317][  0]LightingResults: New page: Lighting Build
[2018.01.25-09.43.13:352][  0]MapCheck: New page: Map Check
[2018.01.25-09.43.13:352][  0]LightingResults: New page: Lighting Build
[2018.01.25-09.43.13:511][  0]LogAIModule: Creating AISystem for world Untitled_1
[2018.01.25-09.43.13:516][  0]LogEditorServer: Finished looking for orphan Actors (0.000 secs)
[2018.01.25-09.43.13:524][  0]Cmd: MAP CHECKDEP NOCLEARLOG
[2018.01.25-09.43.13:560][  0]MapCheck: Map check complete: 0 Error(s), 0 Warning(s), took 35.175ms to complete.
[2018.01.25-09.43.13:560][  0]LogFileHelpers: Loading map 'Template_Default' took 0.244
[2018.01.25-09.43.13:631][  0]LogStats: Warning: MetaData mismatch. Did you assign a stat to two groups? New //STATGROUP_Threads//SplashScreenThread///Thread_419c_0///####STATCAT_Advanced#### old //STATGROUP_Threads//SplashScreenThread///Thread_1e7c_0///####STATCAT_Advanced####
[2018.01.25-09.43.13:631][  0]LogCollectionManager: Loaded 0 collections in 0.001172 seconds
[2018.01.25-09.43.13:698][  0]LogFileCache: Scanning file cache for directory 'C:/Users/DrDoz/Desktop/TechDemo/TechDemo/Saved/Collections/' took 0.01s
[2018.01.25-09.43.13:698][  0]LogFileCache: Scanning file cache for directory 'C:/Users/DrDoz/Desktop/TechDemo/TechDemo/Content/Developers/DrDoz/Collections/' took 0.01s
[2018.01.25-09.43.13:698][  0]LogFileCache: Scanning file cache for directory 'C:/Users/DrDoz/Desktop/TechDemo/TechDemo/Content/Collections/' took 0.01s
[2018.01.25-09.43.13:698][  0]LogCollectionManager: Rebuilt the GUID cache for 0 collections in 0.000001 seconds
[2018.01.25-09.43.13:705][  0]LogContentBrowser: Native class hierarchy populated in 0.0066 seconds. Added 2365 classes and 521 folders.
[2018.01.25-09.43.13:755][  0]LogContentBrowser: Native class hierarchy updated for 'WidgetCarousel' in 0.0010 seconds. Added 0 classes and 0 folders.
[2018.01.25-09.43.13:956][  0]LogContentBrowser: Native class hierarchy updated for 'AddContentDialog' in 0.0010 seconds. Added 0 classes and 0 folders.
[2018.01.25-09.43.14:040][  0]LogContentBrowser: Native class hierarchy updated for 'SceneOutliner' in 0.0011 seconds. Added 1 classes and 2 folders.
[2018.01.25-09.43.14:763][  0]LogSlate: Only BGRA pngs, bmps or icos are supported in by External Image Picker
[2018.01.25-09.43.14:791][  0]LogSlate: Took 0.004181 seconds to synchronously load lazily loaded font '../../../Engine/Content/Slate/Fonts/Roboto-Bold.ttf' (160K)
[2018.01.25-09.43.14:799][  0]LogSlate: Took 0.003797 seconds to synchronously load lazily loaded font '../../../Engine/Content/Editor/Slate/Fonts/FontAwesome.ttf' (139K)
[2018.01.25-09.43.14:912][  0]LogTemp: Executing iPhonePackager certificates Engine -bundlename com.YourCompany.TechDemo
[2018.01.25-09.43.14:912][  0]LogTemp: CWD: C:\Program Files\Epic Games\UE_4.18\Engine\Binaries\DotNET\IOS
[2018.01.25-09.43.14:912][  0]LogTemp: Initial Dir: C:\Program Files\Epic Games\UE_4.18
[2018.01.25-09.43.14:912][  0]LogTemp: Env CWD: C:\Program Files\Epic Games\UE_4.18\Engine\Binaries\DotNET\IOS
[2018.01.25-09.43.14:912][  0]LogTemp: BranchPath = DESKTOP-RPIN1KH/C/Program Files/Epic Games/UE_4.18/Engine/Binaries --- GameBranchPath = DESKTOP-RPIN1KH/C/Program Files/Epic Games/UE_4.18/Engine/Binaries
[2018.01.25-09.43.14:912][  0]LogTemp: IPP ERROR: Could not find provision directory 'C:\Users\DrDoz\AppData\Local/Apple Computer/MobileDevice/Provisioning Profiles/'.
[2018.01.25-09.43.14:912][  0]LogRenderer: Reallocating scene render targets to support 1224x576 Format 9 NumSamples 1 (Frame:1).
[2018.01.25-09.43.14:946][  0]LogSlate: Took 0.002692 seconds to synchronously load lazily loaded font '../../../Engine/Content/Slate/Fonts/Roboto-Light.ttf' (159K)
[2018.01.25-09.43.15:055][  0]LogContentBrowser: Native class hierarchy updated for 'HierarchicalLODOutliner' in 0.0010 seconds. Added 1 classes and 2 folders.
[2018.01.25-09.43.15:055][  0]LogLoad: (Engine Initialization) Total time: 60.40 seconds
[2018.01.25-09.43.15:055][  0]LogLoad: (Engine Initialization) Total Blueprint compile time: 0.00 seconds
[2018.01.25-09.43.15:055][  0]LogExternalProfiler: No external profilers were discovered.  External profiling features will not be available.
[2018.01.25-09.43.15:084][  0]LogContentStreaming: Texture pool size now 800 MB
[2018.01.25-09.43.15:112][  1]LogAssetRegistry: Asset discovery search completed in 17.0275 seconds
[2018.01.25-09.43.15:113][  1]LogCollectionManager: Rebuilt the object cache for 0 collections in 0.000000 seconds (found 0 objects)
[2018.01.25-09.43.15:113][  1]LogCollectionManager: Fixed up redirectors for 0 collections in 0.000069 seconds (updated 0 objects)
[2018.01.25-09.43.16:192][ 19]LogSlate: Took 0.000142 seconds to synchronously load lazily loaded font '../../../Engine/Content/Slate/Fonts/Roboto-Light.ttf' (159K)
[2018.01.25-09.43.20:953][403]LogSlate: Took 0.000099 seconds to synchronously load lazily loaded font '../../../Engine/Content/Slate/Fonts/Roboto-Light.ttf' (159K)
[2018.01.25-09.43.21:229][403]LogContentBrowser: Native class hierarchy updated for 'BlueprintGraph' in 0.0014 seconds. Added 116 classes and 0 folders.
[2018.01.25-09.43.21:704][403]LogSlate: Took 0.002647 seconds to synchronously load lazily loaded font '../../../Engine/Content/Editor/Slate/Fonts/Roboto-BoldCondensed.ttf' (158K)
[2018.01.25-09.43.37:759][515]SourceControl: On branch master
[2018.01.25-09.43.37:759][515]SourceControl: Your branch is up-to-date with 'origin/master'.
[2018.01.25-09.43.37:759][515]SourceControl: Changes not staged for commit:
[2018.01.25-09.43.37:759][515]SourceControl:   (use "git add <file>..." to update what will be committed)
[2018.01.25-09.43.37:760][515]SourceControl:   (use "git checkout -- <file>..." to discard changes in working directory)
[2018.01.25-09.43.37:760][515]SourceControl: 	modified:   TechDemo/Binaries/Win64/UE4Editor-TechDemo.pdb
[2018.01.25-09.43.37:760][515]SourceControl: 	modified:   TechDemo/Binaries/Win64/UE4Editor.modules
[2018.01.25-09.43.37:760][515]SourceControl: 	modified:   TechDemo/Intermediate/Build/ActionHistory.bin
[2018.01.25-09.43.37:760][515]SourceControl: 	modified:   TechDemo/Intermediate/Build/BuildRules/TechDemoModuleRules.pdb
[2018.01.25-09.43.37:760][515]SourceControl: 	modified:   TechDemo/Intermediate/Build/BuildRules/TechDemoModuleRulesSourceFiles.txt
[2018.01.25-09.43.37:760][515]SourceControl: 	modified:   TechDemo/Intermediate/Build/Win64/TechDemoEditor/DependencyCache.bin
[2018.01.25-09.43.37:760][515]SourceControl: 	modified:   TechDemo/Intermediate/Build/Win64/TechDemoEditor/Development/TechDemoEditor.uhtmanifest
[2018.01.25-09.43.37:760][515]SourceControl: 	modified:   TechDemo/Intermediate/Build/Win64/TechDemoEditor/FlatCPPIncludes.bin
[2018.01.25-09.43.37:760][515]SourceControl: 	modified:   TechDemo/Intermediate/Build/Win64/UE4Editor/Development/TechDemo/Player1Test.cpp.obj.response
[2018.01.25-09.43.37:760][515]SourceControl: 	modified:   TechDemo/Intermediate/Build/Win64/UE4Editor/Development/TechDemo/Player1Test.gen.cpp.obj.response
[2018.01.25-09.43.37:760][515]SourceControl: 	modified:   TechDemo/Intermediate/Build/Win64/UE4Editor/Development/TechDemo/TechDemo.cpp.obj.response
[2018.01.25-09.43.37:760][515]SourceControl: 	modified:   TechDemo/Intermediate/Build/Win64/UE4Editor/Development/TechDemo/TechDemo.init.gen.cpp.obj.response
[2018.01.25-09.43.37:760][515]SourceControl: 	modified:   TechDemo/Intermediate/Build/Win64/UE4Editor/Development/TechDemo/TechDemoGameModeBase.cpp.obj.response
[2018.01.25-09.43.37:760][515]SourceControl: 	modified:   TechDemo/Intermediate/Build/Win64/UE4Editor/Development/TechDemo/TechDemoGameModeBase.gen.cpp.obj.response
[2018.01.25-09.43.37:760][515]SourceControl: 	modified:   TechDemo/Intermediate/Build/Win64/UE4Editor/Development/UE4Editor-TechDemo.dll.response
[2018.01.25-09.43.37:760][515]SourceControl: 	modified:   TechDemo/Intermediate/Build/Win64/UE4Editor/Development/UE4Editor-TechDemo.exp
[2018.01.25-09.43.37:760][515]SourceControl: 	modified:   TechDemo/Intermediate/Build/Win64/UE4Editor/Development/UE4Editor-TechDemo.lib.response
[2018.01.25-09.43.37:760][515]SourceControl: 	modified:   TechDemo/Intermediate/Build/Win64/UE4Editor/Development/UE4Editor-TechDemo.suppressed.exp
[2018.01.25-09.43.37:760][515]SourceControl: 	modified:   TechDemo/Intermediate/Build/Win64/UE4Editor/Inc/TechDemo/Timestamp
[2018.01.25-09.43.37:760][515]SourceControl: 	modified:   TechDemo/Intermediate/CachedAssetRegistry.bin
[2018.01.25-09.43.37:760][515]SourceControl: 	modified:   TechDemo/Intermediate/ProjectFiles/TechDemo.vcxproj
[2018.01.25-09.43.37:760][515]SourceControl: 	modified:   TechDemo/Intermediate/ProjectFiles/TechDemo.vcxproj.filters
[2018.01.25-09.43.37:760][515]SourceControl: 	modified:   TechDemo/Intermediate/ProjectFiles/UE4.vcxproj
[2018.01.25-09.43.37:760][515]SourceControl: 	modified:   TechDemo/Intermediate/ProjectFiles/UE4.vcxproj.filters
[2018.01.25-09.43.37:760][515]SourceControl: 	modified:   TechDemo/Saved/Autosaves/PackageRestoreData.json
[2018.01.25-09.43.37:760][515]SourceControl: 	modified:   TechDemo/Saved/Config/Windows/Editor.ini
[2018.01.25-09.43.37:760][515]SourceControl: 	modified:   TechDemo/Saved/Config/Windows/EditorPerProjectUserSettings.ini
[2018.01.25-09.43.37:760][515]SourceControl: 	modified:   TechDemo/Saved/Logs/TechDemo.log
[2018.01.25-09.43.37:760][515]SourceControl: Untracked files:
[2018.01.25-09.43.37:760][515]SourceControl:   (use "git add <file>..." to include in what will be committed)
[2018.01.25-09.43.37:760][515]SourceControl: 	TechDemo/Intermediate/Build/Win64/TechDemoEditor/Development/Makefile.ubt
[2018.01.25-09.43.37:760][515]SourceControl: 	TechDemo/Saved/Config/CrashReportClient/UE4CC-Windows-CB74E6E742B0B84A6F3077AEE5093916/
[2018.01.25-09.43.37:760][515]SourceControl: 	TechDemo/Saved/Logs/TechDemo-backup-2018.01.25-11.42.15.log
[2018.01.25-09.43.37:760][515]SourceControl: no changes added to commit (use "git add" and/or "git commit -a")
[2018.01.25-09.43.41:539][603]Cmd: OBJ SAVEPACKAGE PACKAGE="/Game/Materials/sad" FILE="../../../../../../Users/DrDoz/Desktop/TechDemo/TechDemo/Content/Materials/sad.umap" SILENT=true AUTOSAVING=false KEEPDIRTY=false
[2018.01.25-09.43.41:558][603]LogSavePackage: Save=5.92ms
[2018.01.25-09.43.41:558][603]LogSavePackage: Moving '../../../../../../Users/DrDoz/Desktop/TechDemo/TechDemo/Saved/sad4F7BB7C1487284F54EEF9A92BB135784.tmp' to '../../../../../../Users/DrDoz/Desktop/TechDemo/TechDemo/Content/Materials/sad.umap'
[2018.01.25-09.43.41:562][603]LogSavePackage: Display: Finished SavePackage ../../../../../../Users/DrDoz/Desktop/TechDemo/TechDemo/Content/Materials/sad.umap
[2018.01.25-09.43.41:681][603]LogFileHelpers: Saving map 'sad' took 0.176
