Log file open, 01/24/18 12:43:01
LogWindows: Failed to load 'aqProf.dll' (GetLastError=126)
LogWindows: File 'aqProf.dll' does not exist
LogWindows: Failed to load 'VSPerf140.dll' (GetLastError=126)
LogWindows: File 'VSPerf140.dll' does not exist
LogWindows: Failed to load 'VtuneApi.dll' (GetLastError=126)
LogWindows: File 'VtuneApi.dll' does not exist
LogWindows: Failed to load 'VtuneApi32e.dll' (GetLastError=126)
LogWindows: File 'VtuneApi32e.dll' does not exist
LogInit: Display: Running engine for game: TechDemo
LogPlatformFile: Not using cached read wrapper
LogInit: Display: RandInit(-54732529) SRandInit(-54732529).
LogInit: Read version file with build ID '3709383'
LogInit: Overriding engine version to CL 3832480, compatible CL 3709383
LogInit: Registered custom module enumerator with build ID '3709383'
LogTaskGraph: Started task graph with 5 named threads and 20 total threads with 3 sets of task threads.
LogStats: Stats thread started at 0.218327
LogD3D11RHI: Aftermath initialized
LogPluginManager: Mounting plugin Paper2D
LogPluginManager: Mounting plugin LightPropagationVolume
LogPluginManager: Mounting plugin CodeLiteSourceCodeAccess
LogPluginManager: Mounting plugin GitSourceControl
LogPluginManager: Mounting plugin KDevelopSourceCodeAccess
LogPluginManager: Mounting plugin NullSourceCodeAccess
LogPluginManager: Mounting plugin PerforceSourceControl
LogPluginManager: Mounting plugin SubversionSourceControl
LogPluginManager: Mounting plugin UObjectPlugin
LogPluginManager: Mounting plugin VisualStudioCodeSourceCodeAccess
LogPluginManager: Mounting plugin VisualStudioSourceCodeAccess
LogPluginManager: Mounting plugin XCodeSourceCodeAccess
LogPluginManager: Mounting plugin AssetManagerEditor
LogPluginManager: Mounting plugin AudioCapture
LogPluginManager: Mounting plugin FacialAnimation
LogPluginManager: Mounting plugin GameplayTagsEditor
LogPluginManager: Mounting plugin MobileLauncherProfileWizard
LogPluginManager: Mounting plugin PluginBrowser
LogPluginManager: Mounting plugin SpeedTreeImporter
LogPluginManager: Mounting plugin AlembicImporter
LogPluginManager: Mounting plugin CharacterAI
LogPluginManager: Mounting plugin HTML5Networking
LogPluginManager: Mounting plugin AndroidMedia
LogPluginManager: Mounting plugin AvfMedia
LogPluginManager: Mounting plugin ImgMedia
LogPluginManager: Mounting plugin MediaCompositing
LogPluginManager: Mounting plugin MediaPlayerEditor
LogPluginManager: Mounting plugin WmfMedia
LogPluginManager: Mounting plugin TcpMessaging
LogPluginManager: Mounting plugin UdpMessaging
LogPluginManager: Mounting plugin ActorSequence
LogPluginManager: Mounting plugin LevelSequenceEditor
LogPluginManager: Mounting plugin MatineeToLevelSequence
LogPluginManager: Mounting plugin OnlineSubsystemGooglePlay
LogPluginManager: Mounting plugin OnlineSubsystemIOS
LogPluginManager: Mounting plugin OnlineSubsystem
LogPluginManager: Mounting plugin OnlineSubsystemNull
LogPluginManager: Mounting plugin OnlineSubsystemUtils
LogPluginManager: Mounting plugin AndroidDeviceProfileSelector
LogPluginManager: Mounting plugin AndroidMoviePlayer
LogPluginManager: Mounting plugin AndroidPermission
LogPluginManager: Mounting plugin AppleARKit
LogPluginManager: Mounting plugin AppleMoviePlayer
LogPluginManager: Mounting plugin ArchVisCharacter
LogPluginManager: Mounting plugin CableComponent
LogPluginManager: Mounting plugin CustomMeshComponent
LogPluginManager: Mounting plugin ExampleDeviceProfileSelector
LogPluginManager: Mounting plugin GoogleCloudMessaging
LogPluginManager: Mounting plugin ImmediatePhysics
LogPluginManager: Mounting plugin IOSDeviceProfileSelector
LogPluginManager: Mounting plugin LinuxDeviceProfileSelector
LogPluginManager: Mounting plugin LocationServicesBPLibrary
LogPluginManager: Mounting plugin MobilePatchingUtils
LogPluginManager: Mounting plugin OculusVR
LogPluginManager: Plugin shader directory ../../../Engine/Plugins/Runtime/Oculus/OculusVR/Shaders found
LogPluginManager: Mapping shader source directory ../../../Engine/Plugins/Runtime/Oculus/OculusVR/Shaders to virtual directory /Plugin/OculusVR
LogPluginManager: Mounting plugin PhysXVehicles
LogPluginManager: Mounting plugin ProceduralMeshComponent
LogPluginManager: Mounting plugin RuntimePhysXCooking
LogPluginManager: Mounting plugin SteamVR
LogPluginManager: Mounting plugin WindowsMoviePlayer
LogModuleManager: Display: Found up-to-date module file ../../../Engine/Plugins/2D/Paper2D/Binaries/Win64/UE4Editor-Paper2D.dll (API version 3709383).
LogModuleManager: Display: Found up-to-date module file ../../../Engine/Plugins/2D/Paper2D/Binaries/Win64/UE4Editor-Paper2DEditor.dll (API version 3709383).
LogModuleManager: Display: Found up-to-date module file ../../../Engine/Plugins/2D/Paper2D/Binaries/Win64/UE4Editor-PaperSpriteSheetImporter.dll (API version 3709383).
LogModuleManager: Display: Found up-to-date module file ../../../Engine/Plugins/2D/Paper2D/Binaries/Win64/UE4Editor-PaperTiledImporter.dll (API version 3709383).
LogModuleManager: Display: Found up-to-date module file ../../../Engine/Plugins/2D/Paper2D/Binaries/Win64/UE4Editor-SmartSnapping.dll (API version 3709383).
LogModuleManager: Display: Found up-to-date module file ../../../Engine/Plugins/Blendables/LightPropagationVolume/Binaries/Win64/UE4Editor-LightPropagationVolumeRuntime.dll (API version 3709383).
LogModuleManager: Display: Found up-to-date module file ../../../Engine/Plugins/Blendables/LightPropagationVolume/Binaries/Win64/UE4Editor-LightPropagationVolumeEditor.dll (API version 3709383).
LogModuleManager: Display: Found up-to-date module file ../../../Engine/Plugins/Developer/GitSourceControl/Binaries/Win64/UE4Editor-GitSourceControl.dll (API version 3709383).
LogModuleManager: Display: Found up-to-date module file ../../../Engine/Plugins/Developer/PerforceSourceControl/Binaries/Win64/UE4Editor-PerforceSourceControl.dll (API version 3709383).
LogModuleManager: Display: Found up-to-date module file ../../../Engine/Plugins/Developer/SubversionSourceControl/Binaries/Win64/UE4Editor-SubversionSourceControl.dll (API version 3709383).
LogModuleManager: Display: Found up-to-date module file ../../../Engine/Plugins/Developer/UObjectPlugin/Binaries/Win64/UE4Editor-UObjectPlugin.dll (API version 3709383).
LogModuleManager: Display: Found up-to-date module file ../../../Engine/Plugins/Developer/VisualStudioCodeSourceCodeAccess/Binaries/Win64/UE4Editor-VisualStudioCodeSourceCodeAccess.dll (API version 3709383).
LogModuleManager: Display: Found up-to-date module file ../../../Engine/Plugins/Developer/VisualStudioSourceCodeAccess/Binaries/Win64/UE4Editor-VisualStudioSourceCodeAccess.dll (API version 3709383).
LogModuleManager: Display: Found up-to-date module file ../../../Engine/Plugins/Editor/AssetManagerEditor/Binaries/Win64/UE4Editor-AssetManagerEditor.dll (API version 3709383).
LogModuleManager: Display: Found up-to-date module file ../../../Engine/Plugins/Editor/AudioCapture/Binaries/Win64/UE4Editor-AudioCapture.dll (API version 3709383).
LogModuleManager: Display: Found up-to-date module file ../../../Engine/Plugins/Editor/FacialAnimation/Binaries/Win64/UE4Editor-FacialAnimation.dll (API version 3709383).
LogModuleManager: Display: Found up-to-date module file ../../../Engine/Plugins/Editor/FacialAnimation/Binaries/Win64/UE4Editor-FacialAnimationEditor.dll (API version 3709383).
LogModuleManager: Display: Found up-to-date module file ../../../Engine/Plugins/Editor/GameplayTagsEditor/Binaries/Win64/UE4Editor-GameplayTagsEditor.dll (API version 3709383).
LogModuleManager: Display: Found up-to-date module file ../../../Engine/Plugins/Editor/MobileLauncherProfileWizard/Binaries/Win64/UE4Editor-MobileLauncherProfileWizard.dll (API version 3709383).
LogModuleManager: Display: Found up-to-date module file ../../../Engine/Plugins/Editor/PluginBrowser/Binaries/Win64/UE4Editor-PluginBrowser.dll (API version 3709383).
LogModuleManager: Display: Found up-to-date module file ../../../Engine/Plugins/Editor/SpeedTreeImporter/Binaries/Win64/UE4Editor-SpeedTreeImporter.dll (API version 3709383).
LogModuleManager: Display: Found up-to-date module file ../../../Engine/Plugins/Experimental/AlembicImporter/Binaries/Win64/UE4Editor-AlembicImporter.dll (API version 3709383).
LogModuleManager: Display: Found up-to-date module file ../../../Engine/Plugins/Experimental/AlembicImporter/Binaries/Win64/UE4Editor-AlembicLibrary.dll (API version 3709383).
LogModuleManager: Display: Found up-to-date module file ../../../Engine/Plugins/Experimental/CharacterAI/Binaries/Win64/UE4Editor-CharacterAI.dll (API version 3709383).
LogModuleManager: Display: Found up-to-date module file ../../../Engine/Plugins/Experimental/HTML5Networking/Binaries/Win64/UE4Editor-HTML5Networking.dll (API version 3709383).
LogModuleManager: Display: Found up-to-date module file ../../../Engine/Plugins/Media/AndroidMedia/Binaries/Win64/UE4Editor-AndroidMediaEditor.dll (API version 3709383).
LogModuleManager: Display: Found up-to-date module file ../../../Engine/Plugins/Media/AndroidMedia/Binaries/Win64/UE4Editor-AndroidMediaFactory.dll (API version 3709383).
LogModuleManager: Display: Found up-to-date module file ../../../Engine/Plugins/Media/AvfMedia/Binaries/Win64/UE4Editor-AvfMediaEditor.dll (API version 3709383).
LogModuleManager: Display: Found up-to-date module file ../../../Engine/Plugins/Media/AvfMedia/Binaries/Win64/UE4Editor-AvfMediaFactory.dll (API version 3709383).
LogModuleManager: Display: Found up-to-date module file ../../../Engine/Plugins/Media/AvfMedia/Binaries/Win64/UE4Editor-AvfMediaFactory.dll (API version 3709383).
LogModuleManager: Display: Found up-to-date module file ../../../Engine/Plugins/Media/ImgMedia/Binaries/Win64/UE4Editor-ImgMedia.dll (API version 3709383).
LogModuleManager: Display: Found up-to-date module file ../../../Engine/Plugins/Media/ImgMedia/Binaries/Win64/UE4Editor-ImgMediaEditor.dll (API version 3709383).
LogModuleManager: Display: Found up-to-date module file ../../../Engine/Plugins/Media/ImgMedia/Binaries/Win64/UE4Editor-ImgMediaFactory.dll (API version 3709383).
LogModuleManager: Display: Found up-to-date module file ../../../Engine/Plugins/Media/ImgMedia/Binaries/Win64/UE4Editor-ImgMediaFactory.dll (API version 3709383).
LogModuleManager: Display: Found up-to-date module file ../../../Engine/Plugins/Media/ImgMedia/Binaries/Win64/UE4Editor-OpenExrWrapper.dll (API version 3709383).
LogModuleManager: Display: Found up-to-date module file ../../../Engine/Plugins/Media/MediaCompositing/Binaries/Win64/UE4Editor-MediaCompositing.dll (API version 3709383).
LogModuleManager: Display: Found up-to-date module file ../../../Engine/Plugins/Media/MediaCompositing/Binaries/Win64/UE4Editor-MediaCompositingEditor.dll (API version 3709383).
LogModuleManager: Display: Found up-to-date module file ../../../Engine/Plugins/Media/MediaPlayerEditor/Binaries/Win64/UE4Editor-MediaPlayerEditor.dll (API version 3709383).
LogModuleManager: Display: Found up-to-date module file ../../../Engine/Plugins/Media/WmfMedia/Binaries/Win64/UE4Editor-WmfMedia.dll (API version 3709383).
LogModuleManager: Display: Found up-to-date module file ../../../Engine/Plugins/Media/WmfMedia/Binaries/Win64/UE4Editor-WmfMediaEditor.dll (API version 3709383).
LogModuleManager: Display: Found up-to-date module file ../../../Engine/Plugins/Media/WmfMedia/Binaries/Win64/UE4Editor-WmfMediaFactory.dll (API version 3709383).
LogModuleManager: Display: Found up-to-date module file ../../../Engine/Plugins/Media/WmfMedia/Binaries/Win64/UE4Editor-WmfMediaFactory.dll (API version 3709383).
LogModuleManager: Display: Found up-to-date module file ../../../Engine/Plugins/Messaging/TcpMessaging/Binaries/Win64/UE4Editor-TcpMessaging.dll (API version 3709383).
LogModuleManager: Display: Found up-to-date module file ../../../Engine/Plugins/Messaging/UdpMessaging/Binaries/Win64/UE4Editor-UdpMessaging.dll (API version 3709383).
LogModuleManager: Display: Found up-to-date module file ../../../Engine/Plugins/MovieScene/ActorSequence/Binaries/Win64/UE4Editor-ActorSequence.dll (API version 3709383).
LogModuleManager: Display: Found up-to-date module file ../../../Engine/Plugins/MovieScene/LevelSequenceEditor/Binaries/Win64/UE4Editor-LevelSequenceEditor.dll (API version 3709383).
LogModuleManager: Display: Found up-to-date module file ../../../Engine/Plugins/MovieScene/MatineeToLevelSequence/Binaries/Win64/UE4Editor-MatineeToLevelSequence.dll (API version 3709383).
LogModuleManager: Display: Found up-to-date module file ../../../Engine/Plugins/Online/OnlineSubsystem/Binaries/Win64/UE4Editor-OnlineSubsystem.dll (API version 3709383).
LogModuleManager: Display: Found up-to-date module file ../../../Engine/Plugins/Online/OnlineSubsystemNull/Binaries/Win64/UE4Editor-OnlineSubsystemNull.dll (API version 3709383).
LogModuleManager: Display: Found up-to-date module file ../../../Engine/Plugins/Online/OnlineSubsystemUtils/Binaries/Win64/UE4Editor-OnlineSubsystemUtils.dll (API version 3709383).
LogModuleManager: Display: Found up-to-date module file ../../../Engine/Plugins/Online/OnlineSubsystemUtils/Binaries/Win64/UE4Editor-OnlineBlueprintSupport.dll (API version 3709383).
LogModuleManager: Display: Found up-to-date module file ../../../Engine/Plugins/Runtime/AndroidDeviceProfileSelector/Binaries/Win64/UE4Editor-AndroidDeviceProfileSelector.dll (API version 3709383).
LogModuleManager: Display: Found up-to-date module file ../../../Engine/Plugins/Runtime/AndroidPermission/Binaries/Win64/UE4Editor-AndroidPermission.dll (API version 3709383).
LogModuleManager: Display: Found up-to-date module file ../../../Engine/Plugins/Runtime/AppleARKit/Binaries/Win64/UE4Editor-AppleARKit.dll (API version 3709383).
LogModuleManager: Display: Found up-to-date module file ../../../Engine/Plugins/Runtime/ArchVisCharacter/Binaries/Win64/UE4Editor-ArchVisCharacter.dll (API version 3709383).
LogModuleManager: Display: Found up-to-date module file ../../../Engine/Plugins/Runtime/CableComponent/Binaries/Win64/UE4Editor-CableComponent.dll (API version 3709383).
LogModuleManager: Display: Found up-to-date module file ../../../Engine/Plugins/Runtime/CustomMeshComponent/Binaries/Win64/UE4Editor-CustomMeshComponent.dll (API version 3709383).
LogModuleManager: Display: Found up-to-date module file ../../../Engine/Plugins/Runtime/ExampleDeviceProfileSelector/Binaries/Win64/UE4Editor-ExampleDeviceProfileSelector.dll (API version 3709383).
LogModuleManager: Display: Found up-to-date module file ../../../Engine/Plugins/Runtime/ImmediatePhysics/Binaries/Win64/UE4Editor-ImmediatePhysics.dll (API version 3709383).
LogModuleManager: Display: Found up-to-date module file ../../../Engine/Plugins/Runtime/ImmediatePhysics/Binaries/Win64/UE4Editor-ImmediatePhysicsEditor.dll (API version 3709383).
LogModuleManager: Display: Found up-to-date module file ../../../Engine/Plugins/Runtime/LocationServicesBPLibrary/Binaries/Win64/UE4Editor-LocationServicesBPLibrary.dll (API version 3709383).
LogModuleManager: Display: Found up-to-date module file ../../../Engine/Plugins/Runtime/MobilePatchingUtils/Binaries/Win64/UE4Editor-MobilePatchingUtils.dll (API version 3709383).
LogModuleManager: Display: Found up-to-date module file ../../../Engine/Plugins/Runtime/Oculus/OculusVR/Binaries/Win64/UE4Editor-OculusHMD.dll (API version 3709383).
LogModuleManager: Display: Found up-to-date module file ../../../Engine/Plugins/Runtime/Oculus/OculusVR/Binaries/Win64/UE4Editor-OculusInput.dll (API version 3709383).
LogModuleManager: Display: Found up-to-date module file ../../../Engine/Plugins/Runtime/Oculus/OculusVR/Binaries/Win64/UE4Editor-OculusEditor.dll (API version 3709383).
LogModuleManager: Display: Found up-to-date module file ../../../Engine/Plugins/Runtime/PhysXVehicles/Binaries/Win64/UE4Editor-PhysXVehicles.dll (API version 3709383).
LogModuleManager: Display: Found up-to-date module file ../../../Engine/Plugins/Runtime/PhysXVehicles/Binaries/Win64/UE4Editor-PhysXVehiclesEditor.dll (API version 3709383).
LogModuleManager: Display: Found up-to-date module file ../../../Engine/Plugins/Runtime/ProceduralMeshComponent/Binaries/Win64/UE4Editor-ProceduralMeshComponent.dll (API version 3709383).
LogModuleManager: Display: Found up-to-date module file ../../../Engine/Plugins/Runtime/ProceduralMeshComponent/Binaries/Win64/UE4Editor-ProceduralMeshComponentEditor.dll (API version 3709383).
LogModuleManager: Display: Found up-to-date module file ../../../Engine/Plugins/Runtime/RuntimePhysXCooking/Binaries/Win64/UE4Editor-RuntimePhysXCooking.dll (API version 3709383).
LogModuleManager: Display: Found up-to-date module file ../../../Engine/Plugins/Runtime/Steam/SteamVR/Binaries/Win64/UE4Editor-SteamVR.dll (API version 3709383).
LogModuleManager: Display: Found up-to-date module file ../../../Engine/Plugins/Runtime/Steam/SteamVR/Binaries/Win64/UE4Editor-SteamVRController.dll (API version 3709383).
LogModuleManager: Display: Found up-to-date module file ../../../Engine/Plugins/Runtime/WindowsMoviePlayer/Binaries/Win64/UE4Editor-WindowsMoviePlayer.dll (API version 3709383).
LogInit: Warning: Incompatible or missing module: UE4Editor-TechDemo.dll
Running C:/Program Files/Epic Games/UE_4.18/Engine/Binaries/DotNET/UnrealBuildTool.exe TechDemo Development Win64 -project="C:/Users/WIN 10/Desktop/TechDemo/TechDemo/TechDemo.uproject" -editorrecompile -progress -NoHotReloadFromIDE
Using 'git status' to determine working set for adaptive non-unity build.
Creating makefile for TechDemo (no existing makefile)
@progress push 5%
Parsing headers for TechDemoEditor
  Running UnrealHeaderTool "C:\Users\WIN 10\Desktop\TechDemo\TechDemo\TechDemo.uproject" "C:\Users\WIN 10\Desktop\TechDemo\TechDemo\Intermediate\Build\Win64\TechDemoEditor\Development\TechDemoEditor.uhtmanifest" -LogCmds="loginit warning, logexit warning, logdatabase error" -Unattended -WarningsAsErrors -installed
Reflection code generated for TechDemoEditor in 7.3042127 seconds
@progress pop
Performing 4 actions (9 in parallel)
Player1Test.cpp
TechDemo.init.gen.cpp
[3/4] Link UE4Editor-TechDemo.dll
[4/4] Link UE4Editor-TechDemo.lib
   Creating library C:\Users\WIN 10\Desktop\TechDemo\TechDemo\Intermediate\Build\Win64\UE4Editor\Development\UE4Editor-TechDemo.suppressed.lib and object C:\Users\WIN 10\Desktop\TechDemo\TechDemo\Intermediate\Build\Win64\UE4Editor\Development\UE4Editor-TechDemo.suppressed.exp
   Creating library C:\Users\WIN 10\Desktop\TechDemo\TechDemo\Intermediate\Build\Win64\UE4Editor\Development\UE4Editor-TechDemo.lib and object C:\Users\WIN 10\Desktop\TechDemo\TechDemo\Intermediate\Build\Win64\UE4Editor\Development\UE4Editor-TechDemo.exp
Total build time: 23.88 seconds (Local executor: 12.34 seconds)
LogModuleManager: Display: Found up-to-date module file ../../../../../../Users/WIN 10/Desktop/TechDemo/TechDemo/Binaries/Win64/UE4Editor-TechDemo.dll (API version 3709383).
LogModuleManager: Display: Found up-to-date module file ../../../Engine/Plugins/2D/Paper2D/Binaries/Win64/UE4Editor-Paper2D.dll (API version 3709383).
LogModuleManager: Display: Found up-to-date module file ../../../Engine/Plugins/2D/Paper2D/Binaries/Win64/UE4Editor-Paper2DEditor.dll (API version 3709383).
LogModuleManager: Display: Found up-to-date module file ../../../Engine/Plugins/2D/Paper2D/Binaries/Win64/UE4Editor-PaperSpriteSheetImporter.dll (API version 3709383).
LogModuleManager: Display: Found up-to-date module file ../../../Engine/Plugins/2D/Paper2D/Binaries/Win64/UE4Editor-PaperTiledImporter.dll (API version 3709383).
LogModuleManager: Display: Found up-to-date module file ../../../Engine/Plugins/2D/Paper2D/Binaries/Win64/UE4Editor-SmartSnapping.dll (API version 3709383).
LogModuleManager: Display: Found up-to-date module file ../../../Engine/Plugins/Blendables/LightPropagationVolume/Binaries/Win64/UE4Editor-LightPropagationVolumeRuntime.dll (API version 3709383).
LogModuleManager: Display: Found up-to-date module file ../../../Engine/Plugins/Blendables/LightPropagationVolume/Binaries/Win64/UE4Editor-LightPropagationVolumeEditor.dll (API version 3709383).
LogModuleManager: Display: Found up-to-date module file ../../../Engine/Plugins/Developer/GitSourceControl/Binaries/Win64/UE4Editor-GitSourceControl.dll (API version 3709383).
LogModuleManager: Display: Found up-to-date module file ../../../Engine/Plugins/Developer/PerforceSourceControl/Binaries/Win64/UE4Editor-PerforceSourceControl.dll (API version 3709383).
LogModuleManager: Display: Found up-to-date module file ../../../Engine/Plugins/Developer/SubversionSourceControl/Binaries/Win64/UE4Editor-SubversionSourceControl.dll (API version 3709383).
LogModuleManager: Display: Found up-to-date module file ../../../Engine/Plugins/Developer/UObjectPlugin/Binaries/Win64/UE4Editor-UObjectPlugin.dll (API version 3709383).
LogModuleManager: Display: Found up-to-date module file ../../../Engine/Plugins/Developer/VisualStudioCodeSourceCodeAccess/Binaries/Win64/UE4Editor-VisualStudioCodeSourceCodeAccess.dll (API version 3709383).
LogModuleManager: Display: Found up-to-date module file ../../../Engine/Plugins/Developer/VisualStudioSourceCodeAccess/Binaries/Win64/UE4Editor-VisualStudioSourceCodeAccess.dll (API version 3709383).
LogModuleManager: Display: Found up-to-date module file ../../../Engine/Plugins/Editor/AssetManagerEditor/Binaries/Win64/UE4Editor-AssetManagerEditor.dll (API version 3709383).
LogModuleManager: Display: Found up-to-date module file ../../../Engine/Plugins/Editor/AudioCapture/Binaries/Win64/UE4Editor-AudioCapture.dll (API version 3709383).
LogModuleManager: Display: Found up-to-date module file ../../../Engine/Plugins/Editor/FacialAnimation/Binaries/Win64/UE4Editor-FacialAnimation.dll (API version 3709383).
LogModuleManager: Display: Found up-to-date module file ../../../Engine/Plugins/Editor/FacialAnimation/Binaries/Win64/UE4Editor-FacialAnimationEditor.dll (API version 3709383).
LogModuleManager: Display: Found up-to-date module file ../../../Engine/Plugins/Editor/GameplayTagsEditor/Binaries/Win64/UE4Editor-GameplayTagsEditor.dll (API version 3709383).
LogModuleManager: Display: Found up-to-date module file ../../../Engine/Plugins/Editor/MobileLauncherProfileWizard/Binaries/Win64/UE4Editor-MobileLauncherProfileWizard.dll (API version 3709383).
LogModuleManager: Display: Found up-to-date module file ../../../Engine/Plugins/Editor/PluginBrowser/Binaries/Win64/UE4Editor-PluginBrowser.dll (API version 3709383).
LogModuleManager: Display: Found up-to-date module file ../../../Engine/Plugins/Editor/SpeedTreeImporter/Binaries/Win64/UE4Editor-SpeedTreeImporter.dll (API version 3709383).
LogModuleManager: Display: Found up-to-date module file ../../../Engine/Plugins/Experimental/AlembicImporter/Binaries/Win64/UE4Editor-AlembicImporter.dll (API version 3709383).
LogModuleManager: Display: Found up-to-date module file ../../../Engine/Plugins/Experimental/AlembicImporter/Binaries/Win64/UE4Editor-AlembicLibrary.dll (API version 3709383).
LogModuleManager: Display: Found up-to-date module file ../../../Engine/Plugins/Experimental/CharacterAI/Binaries/Win64/UE4Editor-CharacterAI.dll (API version 3709383).
LogModuleManager: Display: Found up-to-date module file ../../../Engine/Plugins/Experimental/HTML5Networking/Binaries/Win64/UE4Editor-HTML5Networking.dll (API version 3709383).
LogModuleManager: Display: Found up-to-date module file ../../../Engine/Plugins/Media/AndroidMedia/Binaries/Win64/UE4Editor-AndroidMediaEditor.dll (API version 3709383).
LogModuleManager: Display: Found up-to-date module file ../../../Engine/Plugins/Media/AndroidMedia/Binaries/Win64/UE4Editor-AndroidMediaFactory.dll (API version 3709383).
LogModuleManager: Display: Found up-to-date module file ../../../Engine/Plugins/Media/AvfMedia/Binaries/Win64/UE4Editor-AvfMediaEditor.dll (API version 3709383).
LogModuleManager: Display: Found up-to-date module file ../../../Engine/Plugins/Media/AvfMedia/Binaries/Win64/UE4Editor-AvfMediaFactory.dll (API version 3709383).
LogModuleManager: Display: Found up-to-date module file ../../../Engine/Plugins/Media/AvfMedia/Binaries/Win64/UE4Editor-AvfMediaFactory.dll (API version 3709383).
LogModuleManager: Display: Found up-to-date module file ../../../Engine/Plugins/Media/ImgMedia/Binaries/Win64/UE4Editor-ImgMedia.dll (API version 3709383).
LogModuleManager: Display: Found up-to-date module file ../../../Engine/Plugins/Media/ImgMedia/Binaries/Win64/UE4Editor-ImgMediaEditor.dll (API version 3709383).
LogModuleManager: Display: Found up-to-date module file ../../../Engine/Plugins/Media/ImgMedia/Binaries/Win64/UE4Editor-ImgMediaFactory.dll (API version 3709383).
LogModuleManager: Display: Found up-to-date module file ../../../Engine/Plugins/Media/ImgMedia/Binaries/Win64/UE4Editor-ImgMediaFactory.dll (API version 3709383).
LogModuleManager: Display: Found up-to-date module file ../../../Engine/Plugins/Media/ImgMedia/Binaries/Win64/UE4Editor-OpenExrWrapper.dll (API version 3709383).
LogModuleManager: Display: Found up-to-date module file ../../../Engine/Plugins/Media/MediaCompositing/Binaries/Win64/UE4Editor-MediaCompositing.dll (API version 3709383).
LogModuleManager: Display: Found up-to-date module file ../../../Engine/Plugins/Media/MediaCompositing/Binaries/Win64/UE4Editor-MediaCompositingEditor.dll (API version 3709383).
LogModuleManager: Display: Found up-to-date module file ../../../Engine/Plugins/Media/MediaPlayerEditor/Binaries/Win64/UE4Editor-MediaPlayerEditor.dll (API version 3709383).
LogModuleManager: Display: Found up-to-date module file ../../../Engine/Plugins/Media/WmfMedia/Binaries/Win64/UE4Editor-WmfMedia.dll (API version 3709383).
LogModuleManager: Display: Found up-to-date module file ../../../Engine/Plugins/Media/WmfMedia/Binaries/Win64/UE4Editor-WmfMediaEditor.dll (API version 3709383).
LogModuleManager: Display: Found up-to-date module file ../../../Engine/Plugins/Media/WmfMedia/Binaries/Win64/UE4Editor-WmfMediaFactory.dll (API version 3709383).
LogModuleManager: Display: Found up-to-date module file ../../../Engine/Plugins/Media/WmfMedia/Binaries/Win64/UE4Editor-WmfMediaFactory.dll (API version 3709383).
LogModuleManager: Display: Found up-to-date module file ../../../Engine/Plugins/Messaging/TcpMessaging/Binaries/Win64/UE4Editor-TcpMessaging.dll (API version 3709383).
LogModuleManager: Display: Found up-to-date module file ../../../Engine/Plugins/Messaging/UdpMessaging/Binaries/Win64/UE4Editor-UdpMessaging.dll (API version 3709383).
LogModuleManager: Display: Found up-to-date module file ../../../Engine/Plugins/MovieScene/ActorSequence/Binaries/Win64/UE4Editor-ActorSequence.dll (API version 3709383).
LogModuleManager: Display: Found up-to-date module file ../../../Engine/Plugins/MovieScene/LevelSequenceEditor/Binaries/Win64/UE4Editor-LevelSequenceEditor.dll (API version 3709383).
LogModuleManager: Display: Found up-to-date module file ../../../Engine/Plugins/MovieScene/MatineeToLevelSequence/Binaries/Win64/UE4Editor-MatineeToLevelSequence.dll (API version 3709383).
LogModuleManager: Display: Found up-to-date module file ../../../Engine/Plugins/Online/OnlineSubsystem/Binaries/Win64/UE4Editor-OnlineSubsystem.dll (API version 3709383).
LogModuleManager: Display: Found up-to-date module file ../../../Engine/Plugins/Online/OnlineSubsystemNull/Binaries/Win64/UE4Editor-OnlineSubsystemNull.dll (API version 3709383).
LogModuleManager: Display: Found up-to-date module file ../../../Engine/Plugins/Online/OnlineSubsystemUtils/Binaries/Win64/UE4Editor-OnlineSubsystemUtils.dll (API version 3709383).
LogModuleManager: Display: Found up-to-date module file ../../../Engine/Plugins/Online/OnlineSubsystemUtils/Binaries/Win64/UE4Editor-OnlineBlueprintSupport.dll (API version 3709383).
LogModuleManager: Display: Found up-to-date module file ../../../Engine/Plugins/Runtime/AndroidDeviceProfileSelector/Binaries/Win64/UE4Editor-AndroidDeviceProfileSelector.dll (API version 3709383).
LogModuleManager: Display: Found up-to-date module file ../../../Engine/Plugins/Runtime/AndroidPermission/Binaries/Win64/UE4Editor-AndroidPermission.dll (API version 3709383).
LogModuleManager: Display: Found up-to-date module file ../../../Engine/Plugins/Runtime/AppleARKit/Binaries/Win64/UE4Editor-AppleARKit.dll (API version 3709383).
LogModuleManager: Display: Found up-to-date module file ../../../Engine/Plugins/Runtime/ArchVisCharacter/Binaries/Win64/UE4Editor-ArchVisCharacter.dll (API version 3709383).
LogModuleManager: Display: Found up-to-date module file ../../../Engine/Plugins/Runtime/CableComponent/Binaries/Win64/UE4Editor-CableComponent.dll (API version 3709383).
LogModuleManager: Display: Found up-to-date module file ../../../Engine/Plugins/Runtime/CustomMeshComponent/Binaries/Win64/UE4Editor-CustomMeshComponent.dll (API version 3709383).
LogModuleManager: Display: Found up-to-date module file ../../../Engine/Plugins/Runtime/ExampleDeviceProfileSelector/Binaries/Win64/UE4Editor-ExampleDeviceProfileSelector.dll (API version 3709383).
LogModuleManager: Display: Found up-to-date module file ../../../Engine/Plugins/Runtime/ImmediatePhysics/Binaries/Win64/UE4Editor-ImmediatePhysics.dll (API version 3709383).
LogModuleManager: Display: Found up-to-date module file ../../../Engine/Plugins/Runtime/ImmediatePhysics/Binaries/Win64/UE4Editor-ImmediatePhysicsEditor.dll (API version 3709383).
LogModuleManager: Display: Found up-to-date module file ../../../Engine/Plugins/Runtime/LocationServicesBPLibrary/Binaries/Win64/UE4Editor-LocationServicesBPLibrary.dll (API version 3709383).
LogModuleManager: Display: Found up-to-date module file ../../../Engine/Plugins/Runtime/MobilePatchingUtils/Binaries/Win64/UE4Editor-MobilePatchingUtils.dll (API version 3709383).
LogModuleManager: Display: Found up-to-date module file ../../../Engine/Plugins/Runtime/Oculus/OculusVR/Binaries/Win64/UE4Editor-OculusHMD.dll (API version 3709383).
LogModuleManager: Display: Found up-to-date module file ../../../Engine/Plugins/Runtime/Oculus/OculusVR/Binaries/Win64/UE4Editor-OculusInput.dll (API version 3709383).
LogModuleManager: Display: Found up-to-date module file ../../../Engine/Plugins/Runtime/Oculus/OculusVR/Binaries/Win64/UE4Editor-OculusEditor.dll (API version 3709383).
LogModuleManager: Display: Found up-to-date module file ../../../Engine/Plugins/Runtime/PhysXVehicles/Binaries/Win64/UE4Editor-PhysXVehicles.dll (API version 3709383).
LogModuleManager: Display: Found up-to-date module file ../../../Engine/Plugins/Runtime/PhysXVehicles/Binaries/Win64/UE4Editor-PhysXVehiclesEditor.dll (API version 3709383).
LogModuleManager: Display: Found up-to-date module file ../../../Engine/Plugins/Runtime/ProceduralMeshComponent/Binaries/Win64/UE4Editor-ProceduralMeshComponent.dll (API version 3709383).
LogModuleManager: Display: Found up-to-date module file ../../../Engine/Plugins/Runtime/ProceduralMeshComponent/Binaries/Win64/UE4Editor-ProceduralMeshComponentEditor.dll (API version 3709383).
LogModuleManager: Display: Found up-to-date module file ../../../Engine/Plugins/Runtime/RuntimePhysXCooking/Binaries/Win64/UE4Editor-RuntimePhysXCooking.dll (API version 3709383).
LogModuleManager: Display: Found up-to-date module file ../../../Engine/Plugins/Runtime/Steam/SteamVR/Binaries/Win64/UE4Editor-SteamVR.dll (API version 3709383).
LogModuleManager: Display: Found up-to-date module file ../../../Engine/Plugins/Runtime/Steam/SteamVR/Binaries/Win64/UE4Editor-SteamVRController.dll (API version 3709383).
LogModuleManager: Display: Found up-to-date module file ../../../Engine/Plugins/Runtime/WindowsMoviePlayer/Binaries/Win64/UE4Editor-WindowsMoviePlayer.dll (API version 3709383).
LogInit: Using libcurl 7.47.1
LogInit:  - built for x86_64-pc-win32
LogInit:  - supports SSL with OpenSSL/1.0.2g
LogInit:  - supports HTTP deflate (compression) using libz 1.2.8
LogInit:  - other features:
LogInit:      CURL_VERSION_SSL
LogInit:      CURL_VERSION_LIBZ
LogInit:      CURL_VERSION_IPV6
LogInit:      CURL_VERSION_ASYNCHDNS
LogInit:      CURL_VERSION_LARGEFILE
LogInit:      CURL_VERSION_IDN
LogInit:  CurlRequestOptions (configurable via config and command line):
LogInit:  - bVerifyPeer = false  - Libcurl will NOT verify peer certificate
LogInit:  - bUseHttpProxy = false  - Libcurl will NOT use HTTP proxy
LogInit:  - bDontReuseConnections = false  - Libcurl will reuse connections
LogInit:  - CertBundlePath = nullptr  - Libcurl will use whatever was configured at build time.
LogInit: Build: ++UE4+Release-4.18-CL-3832480
LogInit: Engine Version: 4.18.3-3832480+++UE4+Release-4.18
LogInit: Compatible Engine Version: 4.18.0-3709383+++UE4+Release-4.18
LogInit: Net CL: 3709383
LogDevObjectVersion: Number of dev versions registered: 16
LogDevObjectVersion:   Dev-Blueprints (B0D832E4-1F89-4F0D-ACCF-7EB736FD4AA2): 10
LogDevObjectVersion:   Dev-Build (E1C64328-A22C-4D53-A36C-8E866417BD8C): 0
LogDevObjectVersion:   Dev-Core (375EC13C-06E4-48FB-B500-84F0262A717E): 2
LogDevObjectVersion:   Dev-Editor (E4B068ED-F494-42E9-A231-DA0B2E46BB41): 20
LogDevObjectVersion:   Dev-Framework (CFFC743F-43B0-4480-9391-14DF171D2073): 30
LogDevObjectVersion:   Dev-Mobile (B02B49B5-BB20-44E9-A304-32B752E40360): 0
LogDevObjectVersion:   Dev-Networking (A4E4105C-59A1-49B5-A7C5-40C4547EDFEE): 0
LogDevObjectVersion:   Dev-Online (39C831C9-5AE6-47DC-9A44-9C173E1C8E7C): 0
LogDevObjectVersion:   Dev-Physics (78F01B33-EBEA-4F98-B9B4-84EACCB95AA2): 0
LogDevObjectVersion:   Dev-Platform (6631380F-2D4D-43E0-8009-CF276956A95A): 0
LogDevObjectVersion:   Dev-Rendering (12F88B9F-8875-4AFC-A67C-D90C383ABD29): 20
LogDevObjectVersion:   Dev-Sequencer (7B5AE74C-D270-4C10-A958-57980B212A5A): 4
LogDevObjectVersion:   Dev-VR (D7296918-1DD6-4BDD-9DE2-64A83CC13884): 0
LogDevObjectVersion:   Dev-LoadTimes (C2A15278-BFE7-4AFE-6C17-90FF531DF755): 1
LogDevObjectVersion:   Private-Geometry (6EACA3D4-40EC-4CC1-B786-8BED09428FC5): 1
LogDevObjectVersion:   Dev-AnimPhys (29E575DD-E0A3-4627-9D10-D276232CDCEA): 12
LogInit: Compiled (64-bit): Jan 12 2018 02:04:55
LogInit: Compiled with Visual C++: 19.00.24215.01
LogInit: Build Configuration: Development
LogInit: Branch Name: ++UE4+Release-4.18
LogInit: Command line:  
LogInit: Base directory: C:/Program Files/Epic Games/UE_4.18/Engine/Binaries/Win64/
LogInit: Installed Engine Build: 1
LogInit: Presizing for max 8388607 objects, including 0 objects not considered by GC, pre-allocating 0 bytes for permanent pool.
LogInit: Object subsystem initialized
[2018.01.24-10.43.31:573][  0]LogInit: Selected Device Profile: [Windows]
[2018.01.24-10.43.31:573][  0]LogInit: Applying CVar settings loaded from the selected device profile: [Windows]
[2018.01.24-10.43.31:584][  0]LogInit: Computer: DESKTOP-ETD6PAL
[2018.01.24-10.43.31:584][  0]LogInit: User: WIN10
[2018.01.24-10.43.31:584][  0]LogInit: CPU Page size=4096, Cores=6
[2018.01.24-10.43.31:584][  0]LogInit: High frequency timer resolution =3.609369 MHz
[2018.01.24-10.43.31:585][  0]LogMemory: Memory total: Physical=32.0GB (32GB approx)
[2018.01.24-10.43.31:585][  0]LogMemory: Platform Memory Stats for Windows
[2018.01.24-10.43.31:585][  0]LogMemory: Process Physical Memory: 278.32 MB used, 278.32 MB peak
[2018.01.24-10.43.31:585][  0]LogMemory: Process Virtual Memory: 270.77 MB used, 270.77 MB peak
[2018.01.24-10.43.31:585][  0]LogMemory: Physical Memory: 8358.02 MB used,  24364.89 MB free, 32722.90 MB total
[2018.01.24-10.43.31:585][  0]LogMemory: Virtual Memory: 722.74 MB used,  24364.89 MB free, 134217728.00 MB total
[2018.01.24-10.43.31:712][  0]LogInit: Using OS detected language (en-GB).
[2018.01.24-10.43.31:712][  0]LogInit: Using OS detected locale (en-US).
[2018.01.24-10.43.31:714][  0]LogTextLocalizationManager: No specific localization for 'en-GB' exists, so the 'en' localization will be used.
[2018.01.24-10.43.32:070][  0]LogInit: Setting process to per monitor DPI aware
[2018.01.24-10.43.32:270][  0]LogD3D11RHI: D3D11 adapters:
[2018.01.24-10.43.32:303][  0]LogD3D11RHI:    0. 'NVIDIA GeForce GTX 1080 Ti' (Feature Level 11_0)
[2018.01.24-10.43.32:303][  0]LogD3D11RHI:       11132/0/16361 MB DedicatedVideo/DedicatedSystem/SharedSystem, Outputs:1, VendorId:0x10de
[2018.01.24-10.43.32:305][  0]LogD3D11RHI:    1. 'Microsoft Basic Render Driver' (Feature Level 11_0)
[2018.01.24-10.43.32:305][  0]LogD3D11RHI:       0/0/16361 MB DedicatedVideo/DedicatedSystem/SharedSystem, Outputs:0, VendorId:0x1414
[2018.01.24-10.43.32:305][  0]LogD3D11RHI: Chosen D3D11 Adapter: 0
[2018.01.24-10.43.32:311][  0]LogD3D11RHI: Creating new Direct3DDevice
[2018.01.24-10.43.32:311][  0]LogD3D11RHI:     GPU DeviceId: 0x1b06 (for the marketing name, search the web for "GPU Device Id")
[2018.01.24-10.43.32:311][  0]LogWindows: EnumDisplayDevices:
[2018.01.24-10.43.32:311][  0]LogWindows:    0. 'NVIDIA GeForce GTX 1080 Ti' (P:1 D:1)
[2018.01.24-10.43.32:311][  0]LogWindows:    1. 'NVIDIA GeForce GTX 1080 Ti' (P:0 D:0)
[2018.01.24-10.43.32:311][  0]LogWindows:    2. 'NVIDIA GeForce GTX 1080 Ti' (P:0 D:0)
[2018.01.24-10.43.32:311][  0]LogWindows:    3. 'NVIDIA GeForce GTX 1080 Ti' (P:0 D:0)
[2018.01.24-10.43.32:311][  0]LogWindows: DebugString: GetVideoDriverDetailsInvalid PrimaryIsNotTheChoosenAdapter GetVideoDriverDetailsInvalid PrimaryIsNotTheChoosenAdapter GetVideoDriverDetailsInvalid PrimaryIsNotTheChoosenAdapter GetVideoDriverDetailsInvalid PrimaryIsNotTheChoosenAdapter FoundDriverCount:0 
[2018.01.24-10.43.32:311][  0]LogD3D11RHI:     Adapter Name: NVIDIA GeForce GTX 1080 Ti
[2018.01.24-10.43.32:311][  0]LogD3D11RHI:   Driver Version: Unknown (internal:Unknown, unified:Unknown)
[2018.01.24-10.43.32:311][  0]LogD3D11RHI:      Driver Date: Unknown
[2018.01.24-10.43.32:311][  0]LogRHI: Texture pool is 7792 MB (70% of 11132 MB)
[2018.01.24-10.43.32:334][  0]LogD3D11RHI: Async texture creation enabled
[2018.01.24-10.43.32:349][  0]LogD3D11RHI: GPU Timing Frequency: 1000.000000 (Debug: 2 2)
[2018.01.24-10.43.32:397][  0]LogShaderCompilers: Guid format shader working directory is -10 characters bigger than the processId version (../../../../../../Users/WIN 10/Desktop/TechDemo/TechDemo/Intermediate/Shaders/WorkingDirectory/17192/).
[2018.01.24-10.43.32:397][  0]LogShaderCompilers: Cleaned the shader compiler working directory 'C:/Users/WIN 10/AppData/Local/Temp/UnrealShaderWorkingDir/830C67014B6A229673A3819619794F3A/'.
[2018.01.24-10.43.32:397][  0]LogShaderCompilers: Display: Using Local Shader Compiler.
[2018.01.24-10.43.33:170][  0]LogTemp: Display: Loaded TP AllDesktopTargetPlatform
[2018.01.24-10.43.33:211][  0]LogTemp: Display: Loaded TP MacClientTargetPlatform
[2018.01.24-10.43.33:256][  0]LogTemp: Display: Loaded TP MacNoEditorTargetPlatform
[2018.01.24-10.43.33:302][  0]LogTemp: Display: Loaded TP MacServerTargetPlatform
[2018.01.24-10.43.33:348][  0]LogTemp: Display: Loaded TP MacTargetPlatform
[2018.01.24-10.43.33:392][  0]LogTemp: Display: Loaded TP WindowsClientTargetPlatform
[2018.01.24-10.43.33:437][  0]LogTemp: Display: Loaded TP WindowsNoEditorTargetPlatform
[2018.01.24-10.43.33:478][  0]LogTemp: Display: Loaded TP WindowsServerTargetPlatform
[2018.01.24-10.43.33:523][  0]LogTemp: Display: Loaded TP WindowsTargetPlatform
[2018.01.24-10.43.33:565][  0]LogTemp: Display: Loaded TP Android_ASTCTargetPlatform
[2018.01.24-10.43.33:606][  0]LogTemp: Display: Loaded TP Android_ATCTargetPlatform
[2018.01.24-10.43.33:647][  0]LogTemp: Display: Loaded TP Android_DXTTargetPlatform
[2018.01.24-10.43.33:694][  0]LogTemp: Display: Loaded TP Android_ETC1TargetPlatform
[2018.01.24-10.43.33:736][  0]LogTemp: Display: Loaded TP Android_ETC2TargetPlatform
[2018.01.24-10.43.33:822][  0]LogTemp: Display: Loaded TP Android_MultiTargetPlatform
[2018.01.24-10.43.33:822][  0]LogTemp: Display: Loaded TP Android_PVRTCTargetPlatform
[2018.01.24-10.43.33:868][  0]LogTemp: Display: Loaded TP AndroidTargetPlatform
[2018.01.24-10.43.33:899][  0]LogTemp: Display: Loaded TP HTML5TargetPlatform
[2018.01.24-10.43.33:977][  0]LogTemp: Display: Loaded TP IOSTargetPlatform
[2018.01.24-10.43.33:998][  0]LogTemp: Display: Loaded TP TVOSTargetPlatform
[2018.01.24-10.43.34:040][  0]LogTemp: Display: Loaded TP LinuxClientTargetPlatform
[2018.01.24-10.43.34:082][  0]LogTemp: Display: Loaded TP LinuxNoEditorTargetPlatform
[2018.01.24-10.43.34:122][  0]LogTemp: Display: Loaded TP LinuxServerTargetPlatform
[2018.01.24-10.43.34:164][  0]LogTemp: Display: Loaded TP LinuxTargetPlatform
[2018.01.24-10.43.34:164][  0]LogTargetPlatformManager: Display: Building Assets For Windows
[2018.01.24-10.43.34:567][  0]LogDerivedDataCache: Display: Max Cache Size: 512 MB
[2018.01.24-10.43.34:631][  0]LogDerivedDataCache: Loaded boot cache 0.06s 92MB C:/Users/WIN 10/AppData/Local/UnrealEngine/4.18/DerivedDataCache/Boot.ddc.
[2018.01.24-10.43.34:631][  0]LogDerivedDataCache: Display: Loaded Boot cache: C:/Users/WIN 10/AppData/Local/UnrealEngine/4.18/DerivedDataCache/Boot.ddc
[2018.01.24-10.43.34:631][  0]LogDerivedDataCache: FDerivedDataBackendGraph:  Pak pak cache file ../../../../../../Users/WIN 10/Desktop/TechDemo/TechDemo/DerivedDataCache/DDC.ddp not found, will not use a pak cache.
[2018.01.24-10.43.34:631][  0]LogDerivedDataCache: Unable to find inner node Pak for hierarchical cache Hierarchy.
[2018.01.24-10.43.34:631][  0]LogDerivedDataCache: FDerivedDataBackendGraph:  CompressedPak pak cache file ../../../../../../Users/WIN 10/Desktop/TechDemo/TechDemo/DerivedDataCache/Compressed.ddp not found, will not use a pak cache.
[2018.01.24-10.43.34:631][  0]LogDerivedDataCache: Unable to find inner node CompressedPak for hierarchical cache Hierarchy.
[2018.01.24-10.43.34:645][  0]LogDerivedDataCache: Display: Pak cache opened for reading ../../../Engine/DerivedDataCache/Compressed.ddp.
[2018.01.24-10.43.34:657][  0]LogDerivedDataCache: Using Local data cache path C:/Users/WIN 10/AppData/Local/UnrealEngine/Common/DerivedDataCache: Writable
[2018.01.24-10.43.34:666][  0]LogMaterial: Verifying Global Shaders for PCD3D_SM5
[2018.01.24-10.43.34:667][  0]LogSlate: Using Freetype 2.6.0
[2018.01.24-10.43.34:667][  0]LogSlate: SlateFontCache - WITH_FREETYPE: 1, WITH_HARFBUZZ: 1
[2018.01.24-10.43.34:667][  0]LogSlate: SlateFontCache - WITH_FREETYPE: 1, WITH_HARFBUZZ: 1
[2018.01.24-10.43.34:995][  0]LogInit: Selected Device Profile: [Windows]
[2018.01.24-10.43.35:275][  0]LogSimplygon: Simplygon DLL not present - disabling.
[2018.01.24-10.43.35:313][  0]LogMeshReduction: Using SimplygonSwarm for distributed automatic mesh merging
[2018.01.24-10.43.35:313][  0]LogMeshReduction: Using QuadricMeshReduction for automatic static mesh reduction
[2018.01.24-10.43.35:313][  0]LogMeshReduction: No automatic skeletal mesh reduction module available
[2018.01.24-10.43.35:313][  0]LogMeshReduction: No automatic mesh merging module available
[2018.01.24-10.43.35:313][  0]LogMeshMerging: No automatic mesh merging module available
[2018.01.24-10.43.35:336][  0]LogNetVersion: TechDemo , NetCL: 3709383, EngineNetVer: 2, GameNetVer: 0 (Checksum: 3811988934)
[2018.01.24-10.43.35:486][  0]LogAssetRegistry: FAssetRegistry took 0.0263 seconds to start up
[2018.01.24-10.43.35:911][  0]LogPackageLocalizationCache: Processed 7 localized package path(s) for 2 prioritized culture(s) in 0.070685 seconds
[2018.01.24-10.43.35:918][  0]LogUObjectArray: 35870 objects as part of root set at end of initial load.
[2018.01.24-10.43.35:918][  0]LogUObjectAllocator: 7363696 out of 0 bytes used by permanent object pool.
[2018.01.24-10.43.35:918][  0]LogUObjectArray: CloseDisregardForGC: 0/0 objects in disregard for GC pool
[2018.01.24-10.43.35:966][  0]LogInit: WinSock: version 1.1 (2.2), MaxSocks=32767, MaxUdp=65467
[2018.01.24-10.43.38:223][  0]LogTcpMessaging: Initializing TcpMessaging bridge
[2018.01.24-10.43.38:259][  0]LogUdpMessaging: Initializing bridge on interface 0.0.0.0:0 to multicast group 230.0.0.1:6666.
[2018.01.24-10.43.38:895][  0]LogMaterial: Uniform references updated for custom material expression Custom.
[2018.01.24-10.43.39:269][  0]SourceControl: Source control is disabled
[2018.01.24-10.43.39:269][  0]SourceControl: Source control is disabled
[2018.01.24-10.43.39:316][  0]SourceControl: Source control is disabled
[2018.01.24-10.43.39:360][  0]SourceControl: Source control is disabled
[2018.01.24-10.43.40:047][  0]LogAndroidPermission: UAndroidPermissionCallbackProxy::GetInstance
[2018.01.24-10.43.40:282][  0]LogOcInput: OculusInput pre-init called
[2018.01.24-10.43.40:504][  0]LogEngine: Initializing Engine...
[2018.01.24-10.43.41:061][  0]LogHMD: SteamVR initialized.  Driver: lighthouse  Display: LHR-7B5B1253
[2018.01.24-10.43.41:232][  0]LogStats: UGameplayTagsManager::ConstructGameplayTagTree: Construct from data asset -  0.000 s
[2018.01.24-10.43.41:233][  0]LogStats: UGameplayTagsManager::ConstructGameplayTagTree: GameplayTagTreeChangedEvent.Broadcast -  0.000 s
[2018.01.24-10.43.41:337][  0]LogAIModule: Creating AISystem for world Untitled
[2018.01.24-10.43.41:349][  0]LogInit: XAudio2 using 'S27D590-0 (NVIDIA High Definition Audio)' : 2 channels at 48 kHz using 16 bits per sample (channel mask 0x3)
[2018.01.24-10.43.41:358][  0]LogInit: FAudioDevice initialized.
[2018.01.24-10.43.41:430][  0]LogDerivedDataCache: Saved boot cache 0.07s 78MB C:/Users/WIN 10/AppData/Local/UnrealEngine/4.18/DerivedDataCache/Boot.ddc.
[2018.01.24-10.43.41:440][  0]LogInit: Texture streaming: Enabled
[2018.01.24-10.43.41:523][  0]LogEngineSessionManager: EngineSessionManager initialized
[2018.01.24-10.43.41:626][  0]LogInit: Transaction tracking system initialized
[2018.01.24-10.43.41:879][  0]BlueprintLog: New page: Editor Load
[2018.01.24-10.43.42:572][  0]LocalizationService: Localization service is disabled
[2018.01.24-10.43.43:174][  0]LogConsoleResponse: Display: 
[2018.01.24-10.43.43:319][  0]LogCook: Display: Max memory allowance for cook 16384mb min free memory 0mb
[2018.01.24-10.43.43:319][  0]LogCook: Display: Mobile HDR setting 1
[2018.01.24-10.43.43:319][  0]LogGameplayTags: Display: UGameplayTagsManager::DoneAddingNativeTags. DelegateIsBound: 0
[2018.01.24-10.43.44:230][  0]LogFileCache: Scanning file cache for directory 'C:/Users/WIN 10/Desktop/TechDemo/TechDemo/Content/' took 0.01s
[2018.01.24-10.43.44:265][  0]SourceControl: Source control is disabled
[2018.01.24-10.43.44:265][  0]Cmd: MAP LOAD FILE="../../../../../../Users/WIN 10/Desktop/TechDemo/TechDemo/Content/NewMap.umap" TEMPLATE=0 SHOWPROGRESS=1 FEATURELEVEL=3
[2018.01.24-10.43.44:265][  0]LightingResults: New page: Lighting Build
[2018.01.24-10.43.44:298][  0]MapCheck: New page: Map Check
[2018.01.24-10.43.44:298][  0]LightingResults: New page: Lighting Build
[2018.01.24-10.43.44:484][  0]LogAIModule: Creating AISystem for world NewMap
[2018.01.24-10.43.44:490][  0]LogEditorServer: Finished looking for orphan Actors (0.000 secs)
[2018.01.24-10.43.44:501][  0]Cmd: MAP CHECKDEP NOCLEARLOG
[2018.01.24-10.43.44:544][  0]MapCheck: Map check complete: 0 Error(s), 0 Warning(s), took 42.867ms to complete.
[2018.01.24-10.43.44:544][  0]LogFileHelpers: Loading map 'NewMap' took 0.279
[2018.01.24-10.43.44:605][  0]LogWindowsTextInputMethodSystem: Display: IME system now deactivated.
[2018.01.24-10.43.44:669][  0]LogCollectionManager: Loaded 0 collections in 0.001098 seconds
[2018.01.24-10.43.44:739][  0]LogFileCache: Scanning file cache for directory 'C:/Users/WIN 10/Desktop/TechDemo/TechDemo/Saved/Collections/' took 0.01s
[2018.01.24-10.43.44:739][  0]LogFileCache: Scanning file cache for directory 'C:/Users/WIN 10/Desktop/TechDemo/TechDemo/Content/Developers/WIN10/Collections/' took 0.01s
[2018.01.24-10.43.44:739][  0]LogFileCache: Scanning file cache for directory 'C:/Users/WIN 10/Desktop/TechDemo/TechDemo/Content/Collections/' took 0.01s
[2018.01.24-10.43.44:739][  0]LogCollectionManager: Rebuilt the GUID cache for 0 collections in 0.000000 seconds
[2018.01.24-10.43.44:747][  0]LogContentBrowser: Native class hierarchy populated in 0.0076 seconds. Added 2366 classes and 521 folders.
[2018.01.24-10.43.44:799][  0]LogContentBrowser: Native class hierarchy updated for 'WidgetCarousel' in 0.0007 seconds. Added 0 classes and 0 folders.
[2018.01.24-10.43.44:826][  0]LogContentBrowser: Native class hierarchy updated for 'AddContentDialog' in 0.0009 seconds. Added 0 classes and 0 folders.
[2018.01.24-10.43.44:866][  0]LogContentBrowser: Native class hierarchy updated for 'SceneOutliner' in 0.0010 seconds. Added 1 classes and 2 folders.
[2018.01.24-10.43.44:915][  0]LogSlate: Took 0.000230 seconds to synchronously load lazily loaded font '../../../Engine/Content/Slate/Fonts/Roboto-Regular.ttf' (155K)
[2018.01.24-10.43.44:917][  0]LogSlate: Took 0.000210 seconds to synchronously load lazily loaded font '../../../Engine/Content/Slate/Fonts/Roboto-Bold.ttf' (160K)
[2018.01.24-10.43.44:922][  0]LogSlate: Took 0.000127 seconds to synchronously load lazily loaded font '../../../Engine/Content/Editor/Slate/Fonts/FontAwesome.ttf' (139K)
[2018.01.24-10.43.45:004][  0]LogRenderer: Reallocating scene render targets to support 1016x576 Format 10 NumSamples 1 (Frame:1).
[2018.01.24-10.43.45:033][  0]LogSlate: Took 0.000136 seconds to synchronously load lazily loaded font '../../../Engine/Content/Slate/Fonts/Roboto-Light.ttf' (159K)
[2018.01.24-10.43.45:131][  0]LogContentBrowser: Native class hierarchy updated for 'HierarchicalLODOutliner' in 0.0012 seconds. Added 1 classes and 2 folders.
[2018.01.24-10.43.45:131][  0]LogLoad: (Engine Initialization) Total time: 44.85 seconds
[2018.01.24-10.43.45:131][  0]LogLoad: (Engine Initialization) Total Blueprint compile time: 0.00 seconds
[2018.01.24-10.43.45:132][  0]LogExternalProfiler: No external profilers were discovered.  External profiling features will not be available.
[2018.01.24-10.43.45:154][  0]LogAssetRegistry: Asset discovery search completed in 9.6886 seconds
[2018.01.24-10.43.45:156][  0]LogCollectionManager: Rebuilt the object cache for 0 collections in 0.000001 seconds (found 0 objects)
[2018.01.24-10.43.45:156][  0]LogCollectionManager: Fixed up redirectors for 0 collections in 0.000090 seconds (updated 0 objects)
[2018.01.24-10.43.45:159][  0]LogContentStreaming: Texture pool size now 1000 MB
[2018.01.24-10.44.42:753][262]LogSlate: Took 0.000097 seconds to synchronously load lazily loaded font '../../../Engine/Content/Slate/Fonts/Roboto-Light.ttf' (159K)
[2018.01.24-10.44.42:786][262]LogSlate: Took 0.000120 seconds to synchronously load lazily loaded font '../../../Engine/Content/Editor/Slate/Fonts/Roboto-BoldCondensed.ttf' (158K)
[2018.01.24-10.44.56:365][858]Running C:/Program Files/Epic Games/UE_4.18/Engine/Binaries/DotNET/UnrealBuildTool.exe  -projectfiles -project="C:/Users/WIN 10/Desktop/TechDemo/TechDemo/TechDemo.uproject" -game -rocket -progress
[2018.01.24-10.44.56:568][858]Discovering modules, targets and source code for project...
[2018.01.24-10.44.58:377][858]LogSlate: Took 0.000138 seconds to synchronously load lazily loaded font '../../../Engine/Content/Slate/Fonts/Roboto-Regular.ttf' (155K)
[2018.01.24-10.44.59:393][858]LogVSAccessor: Warning: Couldn't access Visual Studio
[2018.01.24-10.44.59:397][858]Candidate modules for hot reload:
[2018.01.24-10.44.59:397][858]  TechDemo
[2018.01.24-10.44.59:397][858]Launching UnrealBuildTool... [C:/Program Files/Epic Games/UE_4.18/Engine/Binaries/DotNET/UnrealBuildTool.exe TechDemo -ModuleWithSuffix TechDemo 2893 Win64 Development -editorrecompile -canskiplink "C:/Users/WIN 10/Desktop/TechDemo/TechDemo/TechDemo.uproject" ]
[2018.01.24-10.45.11:630][858]CompilerResultsLog: New page: Compilation - Jan 24, 2018, 2:45:11 PM
[2018.01.24-10.45.11:630][858]CompilerResultsLog: Using 'git status' to determine working set for adaptive non-unity build.
[2018.01.24-10.45.11:630][858]CompilerResultsLog: Creating makefile for hot reloading TechDemo (UHT file was deleted)
[2018.01.24-10.45.11:630][858]CompilerResultsLog: Compiling game modules for hot reload
[2018.01.24-10.45.11:630][858]CompilerResultsLog: Parsing headers for TechDemoEditor
[2018.01.24-10.45.11:630][858]CompilerResultsLog:   Running UnrealHeaderTool "C:\Users\WIN 10\Desktop\TechDemo\TechDemo\TechDemo.uproject" "C:\Users\WIN 10\Desktop\TechDemo\TechDemo\Intermediate\Build\Win64\TechDemoEditor\Development\TechDemoEditor.uhtmanifest" -LogCmds="loginit warning, logexit warning, logdatabase error" -Unattended -WarningsAsErrors -installed
[2018.01.24-10.45.11:630][858]CompilerResultsLog: Reflection code generated for TechDemoEditor in 6.6154089 seconds
[2018.01.24-10.45.11:630][858]CompilerResultsLog: Performing 5 actions (9 in parallel)
[2018.01.24-10.45.11:630][858]CompilerResultsLog: HandSwingMove.cpp
[2018.01.24-10.45.11:630][858]CompilerResultsLog: TechDemo.init.gen.cpp
[2018.01.24-10.45.11:630][858]CompilerResultsLog: HandSwingMove.gen.cpp
[2018.01.24-10.45.11:630][858]CompilerResultsLog: [4/5] Link UE4Editor-TechDemo-2893.dll
[2018.01.24-10.45.11:630][858]CompilerResultsLog: [5/5] Link UE4Editor-TechDemo-2893.lib
[2018.01.24-10.45.11:630][858]CompilerResultsLog:    Creating library C:\Users\WIN 10\Desktop\TechDemo\TechDemo\Intermediate\Build\Win64\UE4Editor\Development\UE4Editor-TechDemo-2893.lib and object C:\Users\WIN 10\Desktop\TechDemo\TechDemo\Intermediate\Build\Win64\UE4Editor\Development\UE4Editor-TechDemo-2893.exp
[2018.01.24-10.45.11:630][858]CompilerResultsLog:    Creating library C:\Users\WIN 10\Desktop\TechDemo\TechDemo\Intermediate\Build\Win64\UE4Editor\Development\UE4Editor-TechDemo-2893.suppressed.lib and object C:\Users\WIN 10\Desktop\TechDemo\TechDemo\Intermediate\Build\Win64\UE4Editor\Development\UE4Editor-TechDemo-2893.suppressed.exp
[2018.01.24-10.45.11:630][858]CompilerResultsLog: Total build time: 12.09 seconds (Local executor: 1.31 seconds)
[2018.01.24-10.45.11:630][858]LogMainFrame: MainFrame: Module compiling took 12.237 seconds
[2018.01.24-10.45.11:683][858]LogClass: Could not find existing class HandSwingMove in package /Script/TechDemo for HotReload, assuming new class
[2018.01.24-10.45.11:687][858]LogContentBrowser: Native class hierarchy updated for 'TechDemo' in 0.0007 seconds. Added 4 classes and 2 folders.
[2018.01.24-10.45.11:688][858]Display: HotReload successful (1 functions remapped  0 scriptstructs remapped)
[2018.01.24-10.45.11:777][858]LogContentBrowser: Native class hierarchy populated in 0.0076 seconds. Added 2369 classes and 525 folders.
[2018.01.24-10.45.11:777][858]Display: HotReload took 12.4s.
[2018.01.24-10.45.11:778][858]Warning: HotReload operation took 12.4s.
[2018.01.24-10.45.11:807][858]LogHotReload: New module detected: UE4Editor-TechDemo-2893.dll
[2018.01.24-10.45.11:833][859]LogHotReload: Starting Hot-Reload from IDE
[2018.01.24-10.45.11:902][859]LogContentBrowser: Native class hierarchy updated for 'TechDemo' in 0.0007 seconds. Added 4 classes and 2 folders.
[2018.01.24-10.45.11:903][859]Display: HotReload successful (0 functions remapped  0 scriptstructs remapped)
[2018.01.24-10.45.11:924][859]LogContentBrowser: Native class hierarchy populated in 0.0083 seconds. Added 2369 classes and 525 folders.
[2018.01.24-10.45.11:927][859]Display: HotReload took  0.1s.
[2018.01.24-10.45.18:815][864]LogVSAccessor: Warning: Visual Studio is open but could not be queried - it may be blocked by a modal operation
[2018.01.24-10.45.18:838][865]LogVSAccessor: Warning: Visual Studio is open but could not be queried - it may be blocked by a modal operation
[2018.01.24-10.45.19:366][866]LogVSAccessor: Warning: Visual Studio is open but could not be queried - it may be blocked by a modal operation
[2018.01.24-10.45.19:537][867]LogVSAccessor: Warning: Visual Studio is open but could not be queried - it may be blocked by a modal operation
[2018.01.24-10.45.19:832][868]LogVSAccessor: Warning: Visual Studio is open but could not be queried - it may be blocked by a modal operation
[2018.01.24-10.45.20:164][869]LogVSAccessor: Warning: Visual Studio is open but could not be queried - it may be blocked by a modal operation
[2018.01.24-10.45.20:499][870]LogVSAccessor: Warning: Visual Studio is open but could not be queried - it may be blocked by a modal operation
[2018.01.24-10.45.20:832][871]LogVSAccessor: Warning: Visual Studio is open but could not be queried - it may be blocked by a modal operation
[2018.01.24-10.45.21:165][872]LogVSAccessor: Warning: Visual Studio is open but could not be queried - it may be blocked by a modal operation
[2018.01.24-10.45.21:858][873]LogVSAccessor: Warning: Visual Studio is open but could not be queried - it may be blocked by a modal operation
[2018.01.24-10.45.21:907][874]LogVSAccessor: Warning: Visual Studio is open but could not be queried - it may be blocked by a modal operation
[2018.01.24-10.45.22:207][875]LogVSAccessor: Warning: Visual Studio is open but could not be queried - it may be blocked by a modal operation
[2018.01.24-10.45.22:540][876]LogVSAccessor: Warning: Visual Studio is open but could not be queried - it may be blocked by a modal operation
[2018.01.24-10.45.22:875][877]LogVSAccessor: Warning: Visual Studio is open but could not be queried - it may be blocked by a modal operation
[2018.01.24-10.45.23:330][878]LogVSAccessor: Warning: Visual Studio is open but could not be queried - it may be blocked by a modal operation
[2018.01.24-10.45.24:837][879]LogVSAccessor: Warning: Visual Studio is open but could not be queried - it may be blocked by a modal operation
[2018.01.24-10.45.25:850][883]LogVSAccessor: Warning: Visual Studio is open but could not be queried - it may be blocked by a modal operation
[2018.01.24-10.45.26:182][884]LogVSAccessor: Warning: Visual Studio is open but could not be queried - it may be blocked by a modal operation
[2018.01.24-10.45.26:516][885]LogVSAccessor: Warning: Visual Studio is open but could not be queried - it may be blocked by a modal operation
[2018.01.24-10.45.26:849][886]LogVSAccessor: Warning: Visual Studio is open but could not be queried - it may be blocked by a modal operation
[2018.01.24-10.45.27:183][887]LogVSAccessor: Warning: Visual Studio is open but could not be queried - it may be blocked by a modal operation
[2018.01.24-10.45.27:517][888]LogVSAccessor: Warning: Visual Studio is open but could not be queried - it may be blocked by a modal operation
[2018.01.24-10.45.27:849][889]LogVSAccessor: Warning: Visual Studio is open but could not be queried - it may be blocked by a modal operation
[2018.01.24-10.45.28:183][890]LogVSAccessor: Warning: Visual Studio is open but could not be queried - it may be blocked by a modal operation
[2018.01.24-10.45.37:414][891]LogVSAccessor: Warning: Visual Studio is open but could not be queried - it may be blocked by a modal operation
[2018.01.24-10.45.37:677][892]LogVSAccessor: Warning: Visual Studio is open but could not be queried - it may be blocked by a modal operation
[2018.01.24-10.45.50:620][318]LogContentBrowser: Native class hierarchy updated for 'BlueprintGraph' in 0.0009 seconds. Added 116 classes and 0 folders.
[2018.01.24-10.45.56:294][579]LogRenderer: Reallocating scene render targets to support 1016x712 Format 10 NumSamples 1 (Frame:257).
[2018.01.24-10.46.19:311][972]LogVSAccessor: Warning: Visual Studio is open but could not be queried - it may be blocked by a modal operation
[2018.01.24-10.46.20:028][973]LogVSAccessor: Warning: Visual Studio is open but could not be queried - it may be blocked by a modal operation
[2018.01.24-10.46.22:290][128]LogSlate: Took 0.000139 seconds to synchronously load lazily loaded font '../../../Engine/Content/Editor/Slate/Fonts/Roboto-Italic.ttf' (157K)
[2018.01.24-10.46.46:658][170]Cmd: OBJ SAVEPACKAGE PACKAGE="/Game/Blueprints/BP_MyHandSwingMove" FILE="../../../../../../Users/WIN 10/Desktop/TechDemo/TechDemo/Content/Blueprints/BP_MyHandSwingMove.uasset" SILENT=true
[2018.01.24-10.46.46:674][170]LogSavePackage: Save=13.54ms
[2018.01.24-10.46.46:674][170]LogSavePackage: Moving '../../../../../../Users/WIN 10/Desktop/TechDemo/TechDemo/Saved/BP_MyHandSwingMove371494A34259FE3696B83E9576AF57A0.tmp' to '../../../../../../Users/WIN 10/Desktop/TechDemo/TechDemo/Content/Blueprints/BP_MyHandSwingMove.uasset'
[2018.01.24-10.46.46:677][170]LogSavePackage: Display: Finished SavePackage ../../../../../../Users/WIN 10/Desktop/TechDemo/TechDemo/Content/Blueprints/BP_MyHandSwingMove.uasset
[2018.01.24-10.46.46:758][170]LogWindowsTextInputMethodSystem: Display: IME system now deactivated.
[2018.01.24-10.46.46:922][171]Cmd: QUIT_EDITOR
[2018.01.24-10.46.46:945][171]LogExit: Preparing to exit.
[2018.01.24-10.46.47:340][171]LogDirectoryWatcher: A directory notification for 'C:/Users/WIN 10/Desktop/TechDemo/TechDemo/Content/' was aborted.
[2018.01.24-10.46.47:361][171]LogExit: Editor shut down
[2018.01.24-10.46.47:363][171]LogExit: Transaction tracking system shut down
[2018.01.24-10.46.47:532][171]LogDirectoryWatcher: A directory notification for '../../../Engine/Content/' was aborted.
[2018.01.24-10.46.47:532][171]LogDirectoryWatcher: A directory notification for '../../../../../../Users/WIN 10/Desktop/TechDemo/TechDemo/Content/' was aborted.
[2018.01.24-10.46.47:532][171]LogDirectoryWatcher: A directory notification for '../../../Engine/Plugins/2D/Paper2D/Content/' was aborted.
[2018.01.24-10.46.47:532][171]LogDirectoryWatcher: A directory notification for '../../../Engine/Plugins/Media/MediaCompositing/Content/' was aborted.
[2018.01.24-10.46.47:532][171]LogDirectoryWatcher: A directory notification for '../../../Engine/Plugins/Runtime/AppleARKit/Content/' was aborted.
[2018.01.24-10.46.47:532][171]LogDirectoryWatcher: A directory notification for '../../../Engine/Plugins/Runtime/Oculus/OculusVR/Content/' was aborted.
[2018.01.24-10.46.47:532][171]LogDirectoryWatcher: A directory notification for '../../../Engine/Plugins/Runtime/Steam/SteamVR/Content/' was aborted.
[2018.01.24-10.46.47:591][171]LogExit: Object subsystem successfully closed.
[2018.01.24-10.46.47:610][171]LogD3D11RHI: Shutdown
[2018.01.24-10.46.47:610][171]LogD3D11RHI: CleanupD3DDevice
[2018.01.24-10.46.47:611][171]LogD3D11RHI: ~FD3D11DynamicRHI
[2018.01.24-10.46.47:622][171]LogModuleManager: Shutting down and abandoning module BlueprintGraph (554)
[2018.01.24-10.46.47:622][171]LogModuleManager: Shutting down and abandoning module TechDemo (552)
[2018.01.24-10.46.47:622][171]LogModuleManager: Shutting down and abandoning module HierarchicalLODOutliner (550)
[2018.01.24-10.46.47:622][171]LogModuleManager: Shutting down and abandoning module SceneOutliner (548)
[2018.01.24-10.46.47:622][171]LogModuleManager: Shutting down and abandoning module AddContentDialog (546)
[2018.01.24-10.46.47:622][171]LogDirectoryWatcher: A directory notification for 'C:/Program Files/Epic Games/UE_4.18/FeaturePacks/' was aborted.
[2018.01.24-10.46.47:622][171]LogModuleManager: Shutting down and abandoning module WidgetCarousel (545)
[2018.01.24-10.46.47:623][171]LogModuleManager: Shutting down and abandoning module EditorWidgets (542)
[2018.01.24-10.46.47:623][171]LogModuleManager: Shutting down and abandoning module CollectionManager (540)
[2018.01.24-10.46.47:623][171]LogDirectoryWatcher: A directory notification for 'C:/Users/WIN 10/Desktop/TechDemo/TechDemo/Content/Collections/' was aborted.
[2018.01.24-10.46.47:623][171]LogDirectoryWatcher: A directory notification for 'C:/Users/WIN 10/Desktop/TechDemo/TechDemo/Content/Developers/WIN10/Collections/' was aborted.
[2018.01.24-10.46.47:623][171]LogDirectoryWatcher: A directory notification for 'C:/Users/WIN 10/Desktop/TechDemo/TechDemo/Saved/Collections/' was aborted.
[2018.01.24-10.46.47:623][171]LogModuleManager: Shutting down and abandoning module StatsViewer (538)
[2018.01.24-10.46.47:623][171]LogModuleManager: Shutting down and abandoning module FoliageEdit (536)
[2018.01.24-10.46.47:623][171]LogModuleManager: Shutting down and abandoning module LandscapeEditor (534)
[2018.01.24-10.46.47:623][171]LogModuleManager: Shutting down and abandoning module MeshPaintMode (532)
[2018.01.24-10.46.47:623][171]LogModuleManager: Shutting down and abandoning module SceneDepthPickerMode (530)
[2018.01.24-10.46.47:623][171]LogModuleManager: Shutting down and abandoning module ActorPickerMode (528)
[2018.01.24-10.46.47:623][171]LogModuleManager: Shutting down and abandoning module GeometryMode (526)
[2018.01.24-10.46.47:623][171]LogModuleManager: Shutting down and abandoning module TextureAlignMode (524)
[2018.01.24-10.46.47:623][171]LogModuleManager: Shutting down and abandoning module BspMode (522)
[2018.01.24-10.46.47:623][171]LogModuleManager: Shutting down and abandoning module PIEPreviewDeviceProfileSelector (520)
[2018.01.24-10.46.47:623][171]LogModuleManager: Shutting down and abandoning module HardwareSurvey (518)
[2018.01.24-10.46.47:623][171]LogModuleManager: Shutting down and abandoning module SequenceRecorderSections (516)
[2018.01.24-10.46.47:623][171]LogModuleManager: Shutting down and abandoning module AutomationWorker (514)
[2018.01.24-10.46.47:623][171]LogModuleManager: Shutting down and abandoning module MatineeToLevelSequence (512)
[2018.01.24-10.46.47:623][171]LogModuleManager: Shutting down and abandoning module LevelSequenceEditor (510)
[2018.01.24-10.46.47:623][171]LogModuleManager: Shutting down and abandoning module PlacementMode (509)
[2018.01.24-10.46.47:623][171]LogModuleManager: Shutting down and abandoning module WmfMediaFactory (506)
[2018.01.24-10.46.47:623][171]LogModuleManager: Shutting down and abandoning module WmfMediaEditor (504)
[2018.01.24-10.46.47:623][171]LogModuleManager: Shutting down and abandoning module OpenExrWrapper (502)
[2018.01.24-10.46.47:623][171]LogModuleManager: Shutting down and abandoning module ImgMediaFactory (500)
[2018.01.24-10.46.47:623][171]LogModuleManager: Shutting down and abandoning module ImgMediaEditor (498)
[2018.01.24-10.46.47:623][171]LogModuleManager: Shutting down and abandoning module AvfMediaFactory (496)
[2018.01.24-10.46.47:623][171]LogModuleManager: Shutting down and abandoning module AvfMediaEditor (494)
[2018.01.24-10.46.47:623][171]LogModuleManager: Shutting down and abandoning module AndroidMediaFactory (492)
[2018.01.24-10.46.47:623][171]LogModuleManager: Shutting down and abandoning module AndroidMediaEditor (490)
[2018.01.24-10.46.47:623][171]LogModuleManager: Shutting down and abandoning module CharacterAI (488)
[2018.01.24-10.46.47:623][171]LogModuleManager: Shutting down and abandoning module AudioCapture (486)
[2018.01.24-10.46.47:623][171]LogModuleManager: Shutting down and abandoning module SequenceRecorder (485)
[2018.01.24-10.46.47:623][171]LogModuleManager: Shutting down and abandoning module SmartSnapping (482)
[2018.01.24-10.46.47:623][171]LogModuleManager: Shutting down and abandoning module SessionServices (480)
[2018.01.24-10.46.47:623][171]LogModuleManager: Shutting down and abandoning module ViewportSnapping (478)
[2018.01.24-10.46.47:623][171]LogModuleManager: Shutting down and abandoning module ViewportInteraction (476)
[2018.01.24-10.46.47:623][171]LogModuleManager: Shutting down and abandoning module ClothPainter (474)
[2018.01.24-10.46.47:623][171]LogModuleManager: Shutting down and abandoning module SkeletalMeshEditor (473)
[2018.01.24-10.46.47:623][171]LogModuleManager: Shutting down and abandoning module LogVisualizer (470)
[2018.01.24-10.46.47:623][171]LogModuleManager: Shutting down and abandoning module IntroTutorials (468)
[2018.01.24-10.46.47:623][171]LogModuleManager: Shutting down and abandoning module GameProjectGeneration (467)
[2018.01.24-10.46.47:623][171]LogModuleManager: Shutting down and abandoning module IOSPlatformEditor (464)
[2018.01.24-10.46.47:623][171]LogModuleManager: Shutting down and abandoning module HTML5PlatformEditor (462)
[2018.01.24-10.46.47:623][171]LogModuleManager: Shutting down and abandoning module AndroidPlatformEditor (460)
[2018.01.24-10.46.47:623][171]LogModuleManager: Shutting down and abandoning module AndroidDeviceDetection (459)
[2018.01.24-10.46.47:936][171]LogModuleManager: Shutting down and abandoning module WindowsPlatformEditor (456)
[2018.01.24-10.46.47:936][171]LogModuleManager: Shutting down and abandoning module IOSRuntimeSettings (454)
[2018.01.24-10.46.47:936][171]LogModuleManager: Shutting down and abandoning module AndroidRuntimeSettings (452)
[2018.01.24-10.46.47:936][171]LogModuleManager: Shutting down and abandoning module InputBindingEditor (450)
[2018.01.24-10.46.47:936][171]LogModuleManager: Shutting down and abandoning module MergeActors (448)
[2018.01.24-10.46.47:936][171]LogModuleManager: Shutting down and abandoning module SizeMap (446)
[2018.01.24-10.46.47:936][171]LogModuleManager: Shutting down and abandoning module TreeMap (444)
[2018.01.24-10.46.47:936][171]LogModuleManager: Shutting down and abandoning module ReferenceViewer (442)
[2018.01.24-10.46.47:936][171]LogModuleManager: Shutting down and abandoning module LocalizationDashboard (440)
[2018.01.24-10.46.47:936][171]LogModuleManager: Shutting down and abandoning module LocalizationService (439)
[2018.01.24-10.46.47:936][171]LogModuleManager: Shutting down and abandoning module HardwareTargeting (436)
[2018.01.24-10.46.47:936][171]LogModuleManager: Shutting down and abandoning module DeviceProfileEditor (434)
[2018.01.24-10.46.47:936][171]LogModuleManager: Shutting down and abandoning module UndoHistory (432)
[2018.01.24-10.46.47:936][171]LogModuleManager: Shutting down and abandoning module XmlParser (430)
[2018.01.24-10.46.47:936][171]LogModuleManager: Shutting down and abandoning module Blutility (428)
[2018.01.24-10.46.47:936][171]LogModuleManager: Shutting down and abandoning module ProjectSettingsViewer (426)
[2018.01.24-10.46.47:936][171]LogModuleManager: Shutting down and abandoning module ProjectTargetPlatformEditor (425)
[2018.01.24-10.46.47:936][171]LogModuleManager: Shutting down and abandoning module EditorSettingsViewer (422)
[2018.01.24-10.46.47:936][171]LogModuleManager: Shutting down and abandoning module SettingsEditor (420)
[2018.01.24-10.46.47:936][171]LogModuleManager: Shutting down and abandoning module ProjectLauncher (418)
[2018.01.24-10.46.47:936][171]LogModuleManager: Shutting down and abandoning module SessionFrontend (416)
[2018.01.24-10.46.47:936][171]LogModuleManager: Shutting down and abandoning module ProfilerClient (414)
[2018.01.24-10.46.47:936][171]LogModuleManager: Shutting down and abandoning module DeviceManager (412)
[2018.01.24-10.46.47:936][171]LogModuleManager: Shutting down and abandoning module TargetDeviceServices (411)
[2018.01.24-10.46.47:989][171]LogModuleManager: Shutting down and abandoning module AutomationController (408)
[2018.01.24-10.46.47:989][171]LogModuleManager: Shutting down and abandoning module AutomationWindow (406)
[2018.01.24-10.46.47:989][171]LogModuleManager: Shutting down and abandoning module Layers (404)
[2018.01.24-10.46.47:989][171]LogModuleManager: Shutting down and abandoning module ComponentVisualizers (402)
[2018.01.24-10.46.47:989][171]LogModuleManager: Shutting down and abandoning module DetailCustomizations (400)
[2018.01.24-10.46.47:989][171]LogModuleManager: Shutting down and abandoning module PackagesDialog (398)
[2018.01.24-10.46.47:990][171]LogModuleManager: Shutting down and abandoning module Persona (396)
[2018.01.24-10.46.47:990][171]LogModuleManager: Shutting down and abandoning module AdvancedPreviewScene (395)
[2018.01.24-10.46.47:990][171]LogModuleManager: Shutting down and abandoning module AnimGraph (393)
[2018.01.24-10.46.47:990][171]LogModuleManager: Shutting down and abandoning module Kismet (390)
[2018.01.24-10.46.47:994][171]LogModuleManager: Shutting down and abandoning module ClassViewer (388)
[2018.01.24-10.46.47:995][171]LogModuleManager: Shutting down and abandoning module Toolbox (386)
[2018.01.24-10.46.47:996][171]LogModuleManager: Shutting down and abandoning module ModuleUI (384)
[2018.01.24-10.46.47:996][171]LogModuleManager: Shutting down and abandoning module MovieSceneTools (382)
[2018.01.24-10.46.47:996][171]LogModuleManager: Shutting down and abandoning module OutputLog (380)
[2018.01.24-10.46.47:996][171]LogModuleManager: Shutting down and abandoning module GammaUI (378)
[2018.01.24-10.46.47:996][171]LogModuleManager: Shutting down and abandoning module Documentation (376)
[2018.01.24-10.46.47:996][171]LogModuleManager: Shutting down and abandoning module MovieSceneTracks (374)
[2018.01.24-10.46.47:996][171]LogModuleManager: Shutting down and abandoning module MovieScene (372)
[2018.01.24-10.46.47:996][171]LogModuleManager: Shutting down and abandoning module StreamingPauseRendering (370)
[2018.01.24-10.46.47:996][171]LogModuleManager: Shutting down and abandoning module LauncherPlatform (368)
[2018.01.24-10.46.47:996][171]LogModuleManager: Shutting down and abandoning module AnalyticsET (366)
[2018.01.24-10.46.47:996][171]LogModuleManager: Shutting down and abandoning module PortalServices (364)
[2018.01.24-10.46.47:996][171]LogModuleManager: Shutting down and abandoning module PortalRpc (362)
[2018.01.24-10.46.47:996][171]LogModuleManager: Shutting down and abandoning module MessagingRpc (360)
[2018.01.24-10.46.47:996][171]LogModuleManager: Shutting down and abandoning module AIModule (358)
[2018.01.24-10.46.47:996][171]LogModuleManager: Shutting down and abandoning module GameplayDebugger (357)
[2018.01.24-10.46.47:996][171]LogModuleManager: Shutting down and abandoning module AITestSuite (355)
[2018.01.24-10.46.47:996][171]LogModuleManager: Shutting down and abandoning module ProfilerService (352)
[2018.01.24-10.46.48:176][171]LogModuleManager: Shutting down and abandoning module TaskGraph (350)
[2018.01.24-10.46.48:176][171]LogModuleManager: Shutting down and abandoning module SteamVRController (348)
[2018.01.24-10.46.48:176][171]LogModuleManager: Shutting down and abandoning module ProceduralMeshComponentEditor (346)
[2018.01.24-10.46.48:176][171]LogModuleManager: Shutting down and abandoning module ProceduralMeshComponent (344)
[2018.01.24-10.46.48:176][171]LogModuleManager: Shutting down and abandoning module OculusInput (342)
[2018.01.24-10.46.48:176][171]LogModuleManager: Shutting down and abandoning module MobilePatchingUtils (340)
[2018.01.24-10.46.48:176][171]LogModuleManager: Shutting down and abandoning module CustomMeshComponent (338)
[2018.01.24-10.46.48:176][171]LogModuleManager: Shutting down and abandoning module CableComponent (336)
[2018.01.24-10.46.48:176][171]LogModuleManager: Shutting down and abandoning module ArchVisCharacter (334)
[2018.01.24-10.46.48:176][171]LogModuleManager: Shutting down and abandoning module AndroidPermission (332)
[2018.01.24-10.46.48:176][171]LogModuleManager: Shutting down and abandoning module ActorSequence (328)
[2018.01.24-10.46.48:176][171]LogModuleManager: Shutting down and abandoning module MediaPlayerEditor (326)
[2018.01.24-10.46.48:176][171]LogModuleManager: Shutting down and abandoning module MediaCompositingEditor (324)
[2018.01.24-10.46.48:176][171]LogModuleManager: Shutting down and abandoning module MediaCompositing (322)
[2018.01.24-10.46.48:176][171]LogModuleManager: Shutting down and abandoning module HTML5Networking (320)
[2018.01.24-10.46.48:176][171]LogModuleManager: Shutting down and abandoning module AlembicImporter (318)
[2018.01.24-10.46.48:176][171]LogModuleManager: Shutting down and abandoning module AlembicLibrary (317)
[2018.01.24-10.46.48:176][171]LogModuleManager: Shutting down and abandoning module GeometryCache (316)
[2018.01.24-10.46.48:176][171]LogModuleManager: Shutting down and abandoning module GeometryCacheEd (315)
[2018.01.24-10.46.48:176][171]LogModuleManager: Shutting down and abandoning module SpeedTreeImporter (310)
[2018.01.24-10.46.48:176][171]LogModuleManager: Shutting down and abandoning module PluginBrowser (308)
[2018.01.24-10.46.48:176][171]LogModuleManager: Shutting down and abandoning module MobileLauncherProfileWizard (306)
[2018.01.24-10.46.48:176][171]LogModuleManager: Shutting down and abandoning module VisualStudioSourceCodeAccess (304)
[2018.01.24-10.46.48:176][171]LogModuleManager: Shutting down and abandoning module VisualStudioCodeSourceCodeAccess (302)
[2018.01.24-10.46.48:176][171]LogModuleManager: Shutting down and abandoning module UObjectPlugin (300)
[2018.01.24-10.46.48:176][171]LogModuleManager: Shutting down and abandoning module SubversionSourceControl (298)
[2018.01.24-10.46.48:176][171]LogModuleManager: Shutting down and abandoning module PerforceSourceControl (296)
[2018.01.24-10.46.48:176][171]LogModuleManager: Shutting down and abandoning module GitSourceControl (294)
[2018.01.24-10.46.48:176][171]LogModuleManager: Shutting down and abandoning module SourceControl (293)
[2018.01.24-10.46.48:176][171]LogModuleManager: Shutting down and abandoning module LightPropagationVolumeEditor (290)
[2018.01.24-10.46.48:176][171]LogModuleManager: Shutting down and abandoning module PaperTiledImporter (288)
[2018.01.24-10.46.48:176][171]LogModuleManager: Shutting down and abandoning module PaperSpriteSheetImporter (286)
[2018.01.24-10.46.48:176][171]LogModuleManager: Shutting down and abandoning module Paper2DEditor (284)
[2018.01.24-10.46.48:176][171]LogModuleManager: Shutting down and abandoning module MeshPaint (283)
[2018.01.24-10.46.48:176][171]LogModuleManager: Shutting down and abandoning module LevelEditor (281)
[2018.01.24-10.46.48:177][171]LogModuleManager: Shutting down and abandoning module PixelInspectorModule (280)
[2018.01.24-10.46.48:177][171]LogModuleManager: Shutting down and abandoning module MainFrame (278)
[2018.01.24-10.46.48:177][171]LogModuleManager: Shutting down and abandoning module HotReload (277)
[2018.01.24-10.46.48:177][171]LogDirectoryWatcher: A directory notification for 'C:/Users/WIN 10/Desktop/TechDemo/TechDemo/Binaries/Win64' was aborted.
[2018.01.24-10.46.48:178][171]LogModuleManager: Shutting down and abandoning module RuntimePhysXCooking (270)
[2018.01.24-10.46.48:178][171]LogModuleManager: Shutting down and abandoning module PhysXVehiclesEditor (268)
[2018.01.24-10.46.48:178][171]LogModuleManager: Shutting down and abandoning module PhysXVehicles (266)
[2018.01.24-10.46.48:178][171]LogModuleManager: Shutting down and abandoning module OculusEditor (264)
[2018.01.24-10.46.48:178][171]LogModuleManager: Shutting down and abandoning module LocationServicesBPLibrary (262)
[2018.01.24-10.46.48:178][171]LogModuleManager: Shutting down and abandoning module ImmediatePhysicsEditor (260)
[2018.01.24-10.46.48:178][171]LogModuleManager: Shutting down and abandoning module ImmediatePhysics (258)
[2018.01.24-10.46.48:178][171]LogModuleManager: Shutting down and abandoning module UdpMessaging (256)
[2018.01.24-10.46.48:278][171]LogModuleManager: Shutting down and abandoning module TcpMessaging (254)
[2018.01.24-10.46.48:379][171]LogModuleManager: Shutting down and abandoning module GameplayTagsEditor (252)
[2018.01.24-10.46.48:379][171]LogModuleManager: Shutting down and abandoning module FacialAnimationEditor (250)
[2018.01.24-10.46.48:379][171]LogModuleManager: Shutting down and abandoning module FacialAnimation (248)
[2018.01.24-10.46.48:379][171]LogModuleManager: Shutting down and abandoning module AssetManagerEditor (246)
[2018.01.24-10.46.48:379][171]LogModuleManager: Shutting down and abandoning module GraphEditor (245)
[2018.01.24-10.46.48:379][171]LogModuleManager: Shutting down and abandoning module ContentBrowser (243)
[2018.01.24-10.46.48:379][171]LogModuleManager: Shutting down and abandoning module LightPropagationVolumeRuntime (240)
[2018.01.24-10.46.48:379][171]LogModuleManager: Shutting down and abandoning module Paper2D (238)
[2018.01.24-10.46.48:379][171]LogModuleManager: Shutting down and abandoning module WindowsMoviePlayer (236)
[2018.01.24-10.46.48:379][171]LogModuleManager: Shutting down and abandoning module WmfMedia (234)
[2018.01.24-10.46.48:380][171]LogModuleManager: Shutting down and abandoning module ImgMedia (232)
[2018.01.24-10.46.48:381][171]LogModuleManager: Shutting down and abandoning module PacketHandler (230)
[2018.01.24-10.46.48:381][171]LogModuleManager: Shutting down and abandoning module ClothingSystemEditor (228)
[2018.01.24-10.46.48:381][171]LogModuleManager: Shutting down and abandoning module ClothingSystemRuntime (226)
[2018.01.24-10.46.48:381][171]LogModuleManager: Shutting down and abandoning module MediaAssets (224)
[2018.01.24-10.46.48:381][171]LogModuleManager: Shutting down and abandoning module Media (223)
[2018.01.24-10.46.48:387][171]LogModuleManager: Shutting down and abandoning module Overlay (220)
[2018.01.24-10.46.48:387][171]LogModuleManager: Shutting down and abandoning module OverlayEditor (219)
[2018.01.24-10.46.48:387][171]LogModuleManager: Shutting down and abandoning module VREditor (216)
[2018.01.24-10.46.48:387][171]LogModuleManager: Shutting down and abandoning module StringTableEditor (214)
[2018.01.24-10.46.48:387][171]LogModuleManager: Shutting down and abandoning module GameplayTasksEditor (212)
[2018.01.24-10.46.48:387][171]LogModuleManager: Shutting down and abandoning module BehaviorTreeEditor (210)
[2018.01.24-10.46.48:387][171]LogModuleManager: Shutting down and abandoning module FunctionalTesting (208)
[2018.01.24-10.46.48:387][171]LogModuleManager: Shutting down and abandoning module CollisionAnalyzer (206)
[2018.01.24-10.46.48:387][171]LogModuleManager: Shutting down and abandoning module WorkspaceMenuStructure (205)
[2018.01.24-10.46.48:387][171]LogModuleManager: Shutting down and abandoning module UMG (202)
[2018.01.24-10.46.48:387][171]LogModuleManager: Shutting down and abandoning module UMGEditor (201)
[2018.01.24-10.46.48:387][171]LogModuleManager: Shutting down and abandoning module Sequencer (200)
[2018.01.24-10.46.48:387][171]LogModuleManager: Shutting down and abandoning module MessageLog (197)
[2018.01.24-10.46.48:387][171]LogModuleManager: Shutting down and abandoning module SlateReflector (192)
[2018.01.24-10.46.48:387][171]LogModuleManager: Shutting down and abandoning module Slate (190)
[2018.01.24-10.46.48:387][171]LogModuleManager: Shutting down and abandoning module EditorStyle (188)
[2018.01.24-10.46.48:389][171]LogModuleManager: Shutting down and abandoning module MRMesh (186)
[2018.01.24-10.46.48:389][171]LogModuleManager: Shutting down and abandoning module SourceCodeAccess (184)
[2018.01.24-10.46.48:389][171]LogModuleManager: Shutting down and abandoning module HeadMountedDisplay (182)
[2018.01.24-10.46.48:389][171]LogModuleManager: Shutting down and abandoning module XAudio2 (180)
[2018.01.24-10.46.48:389][171]LogModuleManager: Shutting down and abandoning module Networking (178)
[2018.01.24-10.46.48:389][171]LogModuleManager: Shutting down and abandoning module Core (174)
[2018.01.24-10.46.48:389][171]LogModuleManager: Shutting down and abandoning module LevelSequence (170)
[2018.01.24-10.46.48:389][171]LogModuleManager: Shutting down and abandoning module DirectoryWatcher (168)
[2018.01.24-10.46.48:389][171]LogModuleManager: Shutting down and abandoning module KismetCompiler (166)
[2018.01.24-10.46.48:389][171]LogModuleManager: Shutting down and abandoning module MeshUtilities (164)
[2018.01.24-10.46.48:389][171]LogModuleManager: Shutting down and abandoning module MeshMergeUtilities (163)
[2018.01.24-10.46.48:389][171]LogModuleManager: Shutting down and abandoning module MeshReductionInterface (162)
[2018.01.24-10.46.48:389][171]LogModuleManager: Shutting down and abandoning module SimplygonSwarm (161)
[2018.01.24-10.46.48:389][171]LogModuleManager: Shutting down and abandoning module SimplygonMeshReduction (159)
[2018.01.24-10.46.48:389][171]LogModuleManager: Shutting down and abandoning module QuadricMeshReduction (157)
[2018.01.24-10.46.48:389][171]LogModuleManager: Shutting down and abandoning module MaterialBaking (153)
[2018.01.24-10.46.48:389][171]LogModuleManager: Shutting down and abandoning module DerivedDataCache (150)
[2018.01.24-10.46.48:443][171]LogDerivedDataCache: Shutdown
[2018.01.24-10.46.48:443][171]LogModuleManager: Shutting down and abandoning module TargetPlatform (148)
[2018.01.24-10.46.48:443][171]LogModuleManager: Shutting down and abandoning module VulkanShaderFormat (147)
[2018.01.24-10.46.48:443][171]LogModuleManager: Shutting down and abandoning module ShaderFormatVectorVM (145)
[2018.01.24-10.46.48:443][171]LogModuleManager: Shutting down and abandoning module ShaderFormatOpenGL (143)
[2018.01.24-10.46.48:443][171]LogModuleManager: Shutting down and abandoning module ShaderFormatD3D (141)
[2018.01.24-10.46.48:443][171]LogModuleManager: Shutting down and abandoning module MetalShaderFormat (139)
[2018.01.24-10.46.48:443][171]LogModuleManager: Shutting down and abandoning module TextureFormatUncompressed (137)
[2018.01.24-10.46.48:443][171]LogModuleManager: Shutting down and abandoning module TextureFormatPVR (135)
[2018.01.24-10.46.48:443][171]LogModuleManager: Shutting down and abandoning module TextureFormatDXT (133)
[2018.01.24-10.46.48:443][171]LogModuleManager: Shutting down and abandoning module TextureFormatIntelISPCTexComp (131)
[2018.01.24-10.46.48:443][171]LogModuleManager: Shutting down and abandoning module TextureFormatASTC (129)
[2018.01.24-10.46.48:443][171]LogModuleManager: Shutting down and abandoning module ImageWrapper (128)
[2018.01.24-10.46.48:443][171]LogModuleManager: Shutting down and abandoning module TextureFormatAndroid (125)
[2018.01.24-10.46.48:443][171]LogModuleManager: Shutting down and abandoning module AudioFormatOpus (123)
[2018.01.24-10.46.48:443][171]LogModuleManager: Shutting down and abandoning module AudioFormatOgg (121)
[2018.01.24-10.46.48:443][171]LogModuleManager: Shutting down and abandoning module AudioFormatADPCM (119)
[2018.01.24-10.46.48:443][171]LogModuleManager: Shutting down and abandoning module LinuxTargetPlatform (117)
[2018.01.24-10.46.48:443][171]LogModuleManager: Shutting down and abandoning module LinuxServerTargetPlatform (115)
[2018.01.24-10.46.48:443][171]LogModuleManager: Shutting down and abandoning module LinuxNoEditorTargetPlatform (113)
[2018.01.24-10.46.48:443][171]LogModuleManager: Shutting down and abandoning module LinuxClientTargetPlatform (111)
[2018.01.24-10.46.48:443][171]LogModuleManager: Shutting down and abandoning module TVOSTargetPlatform (109)
[2018.01.24-10.46.48:443][171]LogModuleManager: Shutting down and abandoning module Messaging (107)
[2018.01.24-10.46.48:443][171]LogModuleManager: Shutting down and abandoning module IOSTargetPlatform (105)
[2018.01.24-10.46.48:443][171]LogModuleManager: Shutting down and abandoning module HTML5TargetPlatform (103)
[2018.01.24-10.46.48:443][171]LogModuleManager: Shutting down and abandoning module AndroidTargetPlatform (101)
[2018.01.24-10.46.48:443][171]LogModuleManager: Shutting down and abandoning module Android_PVRTCTargetPlatform (99)
[2018.01.24-10.46.48:443][171]LogModuleManager: Shutting down and abandoning module Android_MultiTargetPlatform (97)
[2018.01.24-10.46.48:443][171]LogModuleManager: Shutting down and abandoning module Android_ETC2TargetPlatform (95)
[2018.01.24-10.46.48:443][171]LogModuleManager: Shutting down and abandoning module Android_ETC1TargetPlatform (93)
[2018.01.24-10.46.48:443][171]LogModuleManager: Shutting down and abandoning module Android_DXTTargetPlatform (91)
[2018.01.24-10.46.48:443][171]LogModuleManager: Shutting down and abandoning module Android_ATCTargetPlatform (89)
[2018.01.24-10.46.48:443][171]LogModuleManager: Shutting down and abandoning module Android_ASTCTargetPlatform (87)
[2018.01.24-10.46.48:443][171]LogModuleManager: Shutting down and abandoning module WindowsTargetPlatform (85)
[2018.01.24-10.46.48:443][171]LogModuleManager: Shutting down and abandoning module WindowsServerTargetPlatform (83)
[2018.01.24-10.46.48:443][171]LogModuleManager: Shutting down and abandoning module WindowsNoEditorTargetPlatform (81)
[2018.01.24-10.46.48:443][171]LogModuleManager: Shutting down and abandoning module WindowsClientTargetPlatform (79)
[2018.01.24-10.46.48:443][171]LogModuleManager: Shutting down and abandoning module MacTargetPlatform (77)
[2018.01.24-10.46.48:443][171]LogModuleManager: Shutting down and abandoning module MacServerTargetPlatform (75)
[2018.01.24-10.46.48:443][171]LogModuleManager: Shutting down and abandoning module MacNoEditorTargetPlatform (73)
[2018.01.24-10.46.48:443][171]LogModuleManager: Shutting down and abandoning module MacClientTargetPlatform (71)
[2018.01.24-10.46.48:443][171]LogModuleManager: Shutting down and abandoning module AllDesktopTargetPlatform (69)
[2018.01.24-10.46.48:443][171]LogModuleManager: Shutting down and abandoning module InputCore (66)
[2018.01.24-10.46.48:443][171]LogModuleManager: Shutting down and abandoning module Settings (64)
[2018.01.24-10.46.48:443][171]LogModuleManager: Shutting down and abandoning module PhysXCooking (62)
[2018.01.24-10.46.48:443][171]LogModuleManager: Shutting down and abandoning module SteamVR (60)
[2018.01.24-10.46.48:443][171]LogModuleManager: Shutting down and abandoning module OculusHMD (58)
[2018.01.24-10.46.48:443][171]LogModuleManager: Shutting down and abandoning module ExampleDeviceProfileSelector (56)
[2018.01.24-10.46.48:443][171]LogModuleManager: Shutting down and abandoning module AppleARKit (54)
[2018.01.24-10.46.48:443][171]LogModuleManager: Shutting down and abandoning module AugmentedReality (53)
[2018.01.24-10.46.48:443][171]LogModuleManager: Shutting down and abandoning module OnlineBlueprintSupport (50)
[2018.01.24-10.46.48:443][171]LogModuleManager: Shutting down and abandoning module OnlineSubsystem (46)
[2018.01.24-10.46.48:443][171]LogModuleManager: Shutting down and abandoning module XMPP (45)
[2018.01.24-10.46.48:443][171]LogModuleManager: Shutting down and abandoning module HTTP (43)
[2018.01.24-10.46.48:443][171]LogHttp: Display: Http module shutting down, but needs to wait on 1 outstanding Http requests:
[2018.01.24-10.46.48:443][171]LogHttp: Display: 	verb=[POST] url=[https://datarouter.ol.epicgames.com/datarouter/api/v1/public/data?SessionID=%7B02A8523D-40D1-119F-06B0-109C0B685BED%7D&AppID=UEEditor.Rocket.Release&AppVersion=4.18.3-3832480%2B%2B%2BUE4%2BRelease-4.18&UserID=014b875149afdbfc689712b49e363672%7Caf4cf2b1072a460d8575291530f4bb99%7Cf73e61e6-ab17-4802-9d04-972df57db628&AppEnvironment=datacollector-binary&UploadType=eteventstream] status=Processing
[2018.01.24-10.46.48:445][171]LogModuleManager: Shutting down and abandoning module SSL (42)
[2018.01.24-10.46.48:446][171]LogModuleManager: Shutting down and abandoning module DesktopPlatform (38)
[2018.01.24-10.46.48:446][171]LogModuleManager: Shutting down and abandoning module AnimationModifiers (36)
[2018.01.24-10.46.48:446][171]LogModuleManager: Shutting down and abandoning module PropertyEditor (35)
[2018.01.24-10.46.48:446][171]LogModuleManager: Shutting down and abandoning module AudioEditor (32)
[2018.01.24-10.46.48:446][171]LogModuleManager: Shutting down and abandoning module TextureCompressor (30)
[2018.01.24-10.46.48:446][171]LogModuleManager: Shutting down and abandoning module ShaderCore (28)
[2018.01.24-10.46.48:446][171]LogModuleManager: Shutting down and abandoning module Landscape (26)
[2018.01.24-10.46.48:446][171]LogModuleManager: Shutting down and abandoning module SlateRHIRenderer (24)
[2018.01.24-10.46.48:446][171]LogModuleManager: Shutting down and abandoning module OpenGLDrv (22)
[2018.01.24-10.46.48:446][171]LogModuleManager: Shutting down and abandoning module D3D11RHI (20)
[2018.01.24-10.46.48:446][171]LogModuleManager: Shutting down and abandoning module AnimGraphRuntime (18)
[2018.01.24-10.46.48:446][171]LogModuleManager: Shutting down and abandoning module Renderer (16)
[2018.01.24-10.46.48:446][171]LogModuleManager: Shutting down and abandoning module Engine (14)
[2018.01.24-10.46.48:446][171]LogModuleManager: Shutting down and abandoning module CoreUObject (12)
[2018.01.24-10.46.48:446][171]LogModuleManager: Shutting down and abandoning module NetworkFile (10)
[2018.01.24-10.46.48:446][171]LogModuleManager: Shutting down and abandoning module CookedIterativeFile (8)
[2018.01.24-10.46.48:446][171]LogModuleManager: Shutting down and abandoning module StreamingFile (6)
[2018.01.24-10.46.48:446][171]LogModuleManager: Shutting down and abandoning module SandboxFile (4)
[2018.01.24-10.46.48:446][171]LogModuleManager: Shutting down and abandoning module PakFile (2)
[2018.01.24-10.46.48:450][171]LogExit: Exiting.
[2018.01.24-10.46.48:462][171]Log file closed, 01/24/18 12:46:48
