Log file open, 01/22/18 11:05:30
LogWindows: Failed to load 'aqProf.dll' (GetLastError=126)
LogWindows: File 'aqProf.dll' does not exist
LogWindows: Failed to load 'VSPerf140.dll' (GetLastError=126)
LogWindows: File 'VSPerf140.dll' does not exist
LogWindows: Failed to load 'VtuneApi.dll' (GetLastError=126)
LogWindows: File 'VtuneApi.dll' does not exist
LogWindows: Failed to load 'VtuneApi32e.dll' (GetLastError=126)
LogWindows: File 'VtuneApi32e.dll' does not exist
LogInit: Display: Running engine for game: TechDemo
LogPlatformFile: Not using cached read wrapper
LogInit: Display: RandInit(-69024849) SRandInit(-69024849).
LogInit: Read version file with build ID '3709383'
LogInit: Overriding engine version to CL 3832480, compatible CL 3709383
LogInit: Registered custom module enumerator with build ID '3709383'
LogTaskGraph: Started task graph with 5 named threads and 20 total threads with 3 sets of task threads.
LogStats: Stats thread started at 0.227902
LogD3D11RHI: Aftermath initialized
LogPluginManager: Mounting plugin Paper2D
LogPluginManager: Mounting plugin LightPropagationVolume
LogPluginManager: Mounting plugin CodeLiteSourceCodeAccess
LogPluginManager: Mounting plugin GitSourceControl
LogPluginManager: Mounting plugin KDevelopSourceCodeAccess
LogPluginManager: Mounting plugin NullSourceCodeAccess
LogPluginManager: Mounting plugin PerforceSourceControl
LogPluginManager: Mounting plugin SubversionSourceControl
LogPluginManager: Mounting plugin UObjectPlugin
LogPluginManager: Mounting plugin VisualStudioCodeSourceCodeAccess
LogPluginManager: Mounting plugin VisualStudioSourceCodeAccess
LogPluginManager: Mounting plugin XCodeSourceCodeAccess
LogPluginManager: Mounting plugin AssetManagerEditor
LogPluginManager: Mounting plugin AudioCapture
LogPluginManager: Mounting plugin FacialAnimation
LogPluginManager: Mounting plugin GameplayTagsEditor
LogPluginManager: Mounting plugin MobileLauncherProfileWizard
LogPluginManager: Mounting plugin PluginBrowser
LogPluginManager: Mounting plugin SpeedTreeImporter
LogPluginManager: Mounting plugin AlembicImporter
LogPluginManager: Mounting plugin CharacterAI
LogPluginManager: Mounting plugin HTML5Networking
LogPluginManager: Mounting plugin AndroidMedia
LogPluginManager: Mounting plugin AvfMedia
LogPluginManager: Mounting plugin ImgMedia
LogPluginManager: Mounting plugin MediaCompositing
LogPluginManager: Mounting plugin MediaPlayerEditor
LogPluginManager: Mounting plugin WmfMedia
LogPluginManager: Mounting plugin TcpMessaging
LogPluginManager: Mounting plugin UdpMessaging
LogPluginManager: Mounting plugin ActorSequence
LogPluginManager: Mounting plugin LevelSequenceEditor
LogPluginManager: Mounting plugin MatineeToLevelSequence
LogPluginManager: Mounting plugin OnlineSubsystemGooglePlay
LogPluginManager: Mounting plugin OnlineSubsystemIOS
LogPluginManager: Mounting plugin OnlineSubsystem
LogPluginManager: Mounting plugin OnlineSubsystemNull
LogPluginManager: Mounting plugin OnlineSubsystemUtils
LogPluginManager: Mounting plugin AndroidDeviceProfileSelector
LogPluginManager: Mounting plugin AndroidMoviePlayer
LogPluginManager: Mounting plugin AndroidPermission
LogPluginManager: Mounting plugin AppleARKit
LogPluginManager: Mounting plugin AppleMoviePlayer
LogPluginManager: Mounting plugin ArchVisCharacter
LogPluginManager: Mounting plugin CableComponent
LogPluginManager: Mounting plugin CustomMeshComponent
LogPluginManager: Mounting plugin ExampleDeviceProfileSelector
LogPluginManager: Mounting plugin GoogleCloudMessaging
LogPluginManager: Mounting plugin ImmediatePhysics
LogPluginManager: Mounting plugin IOSDeviceProfileSelector
LogPluginManager: Mounting plugin LinuxDeviceProfileSelector
LogPluginManager: Mounting plugin LocationServicesBPLibrary
LogPluginManager: Mounting plugin MobilePatchingUtils
LogPluginManager: Mounting plugin OculusVR
LogPluginManager: Plugin shader directory ../../../Engine/Plugins/Runtime/Oculus/OculusVR/Shaders found
LogPluginManager: Mapping shader source directory ../../../Engine/Plugins/Runtime/Oculus/OculusVR/Shaders to virtual directory /Plugin/OculusVR
LogPluginManager: Mounting plugin PhysXVehicles
LogPluginManager: Mounting plugin ProceduralMeshComponent
LogPluginManager: Mounting plugin RuntimePhysXCooking
LogPluginManager: Mounting plugin SteamVR
LogPluginManager: Mounting plugin WindowsMoviePlayer
LogModuleManager: Warning: Module file ../../../../../../Users/WIN 10/Desktop/TechDemo/TechDemo/Binaries/Win64/UE4Editor-TechDemo.dll is missing. This is likely a stale module that must be recompiled.
LogModuleManager: Display: Found up-to-date module file ../../../Engine/Plugins/2D/Paper2D/Binaries/Win64/UE4Editor-Paper2D.dll (API version 3709383).
LogModuleManager: Display: Found up-to-date module file ../../../Engine/Plugins/2D/Paper2D/Binaries/Win64/UE4Editor-Paper2DEditor.dll (API version 3709383).
LogModuleManager: Display: Found up-to-date module file ../../../Engine/Plugins/2D/Paper2D/Binaries/Win64/UE4Editor-PaperSpriteSheetImporter.dll (API version 3709383).
LogModuleManager: Display: Found up-to-date module file ../../../Engine/Plugins/2D/Paper2D/Binaries/Win64/UE4Editor-PaperTiledImporter.dll (API version 3709383).
LogModuleManager: Display: Found up-to-date module file ../../../Engine/Plugins/2D/Paper2D/Binaries/Win64/UE4Editor-SmartSnapping.dll (API version 3709383).
LogModuleManager: Display: Found up-to-date module file ../../../Engine/Plugins/Blendables/LightPropagationVolume/Binaries/Win64/UE4Editor-LightPropagationVolumeRuntime.dll (API version 3709383).
LogModuleManager: Display: Found up-to-date module file ../../../Engine/Plugins/Blendables/LightPropagationVolume/Binaries/Win64/UE4Editor-LightPropagationVolumeEditor.dll (API version 3709383).
LogModuleManager: Display: Found up-to-date module file ../../../Engine/Plugins/Developer/GitSourceControl/Binaries/Win64/UE4Editor-GitSourceControl.dll (API version 3709383).
LogModuleManager: Display: Found up-to-date module file ../../../Engine/Plugins/Developer/PerforceSourceControl/Binaries/Win64/UE4Editor-PerforceSourceControl.dll (API version 3709383).
LogModuleManager: Display: Found up-to-date module file ../../../Engine/Plugins/Developer/SubversionSourceControl/Binaries/Win64/UE4Editor-SubversionSourceControl.dll (API version 3709383).
LogModuleManager: Display: Found up-to-date module file ../../../Engine/Plugins/Developer/UObjectPlugin/Binaries/Win64/UE4Editor-UObjectPlugin.dll (API version 3709383).
LogModuleManager: Display: Found up-to-date module file ../../../Engine/Plugins/Developer/VisualStudioCodeSourceCodeAccess/Binaries/Win64/UE4Editor-VisualStudioCodeSourceCodeAccess.dll (API version 3709383).
LogModuleManager: Display: Found up-to-date module file ../../../Engine/Plugins/Developer/VisualStudioSourceCodeAccess/Binaries/Win64/UE4Editor-VisualStudioSourceCodeAccess.dll (API version 3709383).
LogModuleManager: Display: Found up-to-date module file ../../../Engine/Plugins/Editor/AssetManagerEditor/Binaries/Win64/UE4Editor-AssetManagerEditor.dll (API version 3709383).
LogModuleManager: Display: Found up-to-date module file ../../../Engine/Plugins/Editor/AudioCapture/Binaries/Win64/UE4Editor-AudioCapture.dll (API version 3709383).
LogModuleManager: Display: Found up-to-date module file ../../../Engine/Plugins/Editor/FacialAnimation/Binaries/Win64/UE4Editor-FacialAnimation.dll (API version 3709383).
LogModuleManager: Display: Found up-to-date module file ../../../Engine/Plugins/Editor/FacialAnimation/Binaries/Win64/UE4Editor-FacialAnimationEditor.dll (API version 3709383).
LogModuleManager: Display: Found up-to-date module file ../../../Engine/Plugins/Editor/GameplayTagsEditor/Binaries/Win64/UE4Editor-GameplayTagsEditor.dll (API version 3709383).
LogModuleManager: Display: Found up-to-date module file ../../../Engine/Plugins/Editor/MobileLauncherProfileWizard/Binaries/Win64/UE4Editor-MobileLauncherProfileWizard.dll (API version 3709383).
LogModuleManager: Display: Found up-to-date module file ../../../Engine/Plugins/Editor/PluginBrowser/Binaries/Win64/UE4Editor-PluginBrowser.dll (API version 3709383).
LogModuleManager: Display: Found up-to-date module file ../../../Engine/Plugins/Editor/SpeedTreeImporter/Binaries/Win64/UE4Editor-SpeedTreeImporter.dll (API version 3709383).
LogModuleManager: Display: Found up-to-date module file ../../../Engine/Plugins/Experimental/AlembicImporter/Binaries/Win64/UE4Editor-AlembicImporter.dll (API version 3709383).
LogModuleManager: Display: Found up-to-date module file ../../../Engine/Plugins/Experimental/AlembicImporter/Binaries/Win64/UE4Editor-AlembicLibrary.dll (API version 3709383).
LogModuleManager: Display: Found up-to-date module file ../../../Engine/Plugins/Experimental/CharacterAI/Binaries/Win64/UE4Editor-CharacterAI.dll (API version 3709383).
LogModuleManager: Display: Found up-to-date module file ../../../Engine/Plugins/Experimental/HTML5Networking/Binaries/Win64/UE4Editor-HTML5Networking.dll (API version 3709383).
LogModuleManager: Display: Found up-to-date module file ../../../Engine/Plugins/Media/AndroidMedia/Binaries/Win64/UE4Editor-AndroidMediaEditor.dll (API version 3709383).
LogModuleManager: Display: Found up-to-date module file ../../../Engine/Plugins/Media/AndroidMedia/Binaries/Win64/UE4Editor-AndroidMediaFactory.dll (API version 3709383).
LogModuleManager: Display: Found up-to-date module file ../../../Engine/Plugins/Media/AvfMedia/Binaries/Win64/UE4Editor-AvfMediaEditor.dll (API version 3709383).
LogModuleManager: Display: Found up-to-date module file ../../../Engine/Plugins/Media/AvfMedia/Binaries/Win64/UE4Editor-AvfMediaFactory.dll (API version 3709383).
LogModuleManager: Display: Found up-to-date module file ../../../Engine/Plugins/Media/AvfMedia/Binaries/Win64/UE4Editor-AvfMediaFactory.dll (API version 3709383).
LogModuleManager: Display: Found up-to-date module file ../../../Engine/Plugins/Media/ImgMedia/Binaries/Win64/UE4Editor-ImgMedia.dll (API version 3709383).
LogModuleManager: Display: Found up-to-date module file ../../../Engine/Plugins/Media/ImgMedia/Binaries/Win64/UE4Editor-ImgMediaEditor.dll (API version 3709383).
LogModuleManager: Display: Found up-to-date module file ../../../Engine/Plugins/Media/ImgMedia/Binaries/Win64/UE4Editor-ImgMediaFactory.dll (API version 3709383).
LogModuleManager: Display: Found up-to-date module file ../../../Engine/Plugins/Media/ImgMedia/Binaries/Win64/UE4Editor-ImgMediaFactory.dll (API version 3709383).
LogModuleManager: Display: Found up-to-date module file ../../../Engine/Plugins/Media/ImgMedia/Binaries/Win64/UE4Editor-OpenExrWrapper.dll (API version 3709383).
LogModuleManager: Display: Found up-to-date module file ../../../Engine/Plugins/Media/MediaCompositing/Binaries/Win64/UE4Editor-MediaCompositing.dll (API version 3709383).
LogModuleManager: Display: Found up-to-date module file ../../../Engine/Plugins/Media/MediaCompositing/Binaries/Win64/UE4Editor-MediaCompositingEditor.dll (API version 3709383).
LogModuleManager: Display: Found up-to-date module file ../../../Engine/Plugins/Media/MediaPlayerEditor/Binaries/Win64/UE4Editor-MediaPlayerEditor.dll (API version 3709383).
LogModuleManager: Display: Found up-to-date module file ../../../Engine/Plugins/Media/WmfMedia/Binaries/Win64/UE4Editor-WmfMedia.dll (API version 3709383).
LogModuleManager: Display: Found up-to-date module file ../../../Engine/Plugins/Media/WmfMedia/Binaries/Win64/UE4Editor-WmfMediaEditor.dll (API version 3709383).
LogModuleManager: Display: Found up-to-date module file ../../../Engine/Plugins/Media/WmfMedia/Binaries/Win64/UE4Editor-WmfMediaFactory.dll (API version 3709383).
LogModuleManager: Display: Found up-to-date module file ../../../Engine/Plugins/Media/WmfMedia/Binaries/Win64/UE4Editor-WmfMediaFactory.dll (API version 3709383).
LogModuleManager: Display: Found up-to-date module file ../../../Engine/Plugins/Messaging/TcpMessaging/Binaries/Win64/UE4Editor-TcpMessaging.dll (API version 3709383).
LogModuleManager: Display: Found up-to-date module file ../../../Engine/Plugins/Messaging/UdpMessaging/Binaries/Win64/UE4Editor-UdpMessaging.dll (API version 3709383).
LogModuleManager: Display: Found up-to-date module file ../../../Engine/Plugins/MovieScene/ActorSequence/Binaries/Win64/UE4Editor-ActorSequence.dll (API version 3709383).
LogModuleManager: Display: Found up-to-date module file ../../../Engine/Plugins/MovieScene/LevelSequenceEditor/Binaries/Win64/UE4Editor-LevelSequenceEditor.dll (API version 3709383).
LogModuleManager: Display: Found up-to-date module file ../../../Engine/Plugins/MovieScene/MatineeToLevelSequence/Binaries/Win64/UE4Editor-MatineeToLevelSequence.dll (API version 3709383).
LogModuleManager: Display: Found up-to-date module file ../../../Engine/Plugins/Online/OnlineSubsystem/Binaries/Win64/UE4Editor-OnlineSubsystem.dll (API version 3709383).
LogModuleManager: Display: Found up-to-date module file ../../../Engine/Plugins/Online/OnlineSubsystemNull/Binaries/Win64/UE4Editor-OnlineSubsystemNull.dll (API version 3709383).
LogModuleManager: Display: Found up-to-date module file ../../../Engine/Plugins/Online/OnlineSubsystemUtils/Binaries/Win64/UE4Editor-OnlineSubsystemUtils.dll (API version 3709383).
LogModuleManager: Display: Found up-to-date module file ../../../Engine/Plugins/Online/OnlineSubsystemUtils/Binaries/Win64/UE4Editor-OnlineBlueprintSupport.dll (API version 3709383).
LogModuleManager: Display: Found up-to-date module file ../../../Engine/Plugins/Runtime/AndroidDeviceProfileSelector/Binaries/Win64/UE4Editor-AndroidDeviceProfileSelector.dll (API version 3709383).
LogModuleManager: Display: Found up-to-date module file ../../../Engine/Plugins/Runtime/AndroidPermission/Binaries/Win64/UE4Editor-AndroidPermission.dll (API version 3709383).
LogModuleManager: Display: Found up-to-date module file ../../../Engine/Plugins/Runtime/AppleARKit/Binaries/Win64/UE4Editor-AppleARKit.dll (API version 3709383).
LogModuleManager: Display: Found up-to-date module file ../../../Engine/Plugins/Runtime/ArchVisCharacter/Binaries/Win64/UE4Editor-ArchVisCharacter.dll (API version 3709383).
LogModuleManager: Display: Found up-to-date module file ../../../Engine/Plugins/Runtime/CableComponent/Binaries/Win64/UE4Editor-CableComponent.dll (API version 3709383).
LogModuleManager: Display: Found up-to-date module file ../../../Engine/Plugins/Runtime/CustomMeshComponent/Binaries/Win64/UE4Editor-CustomMeshComponent.dll (API version 3709383).
LogModuleManager: Display: Found up-to-date module file ../../../Engine/Plugins/Runtime/ExampleDeviceProfileSelector/Binaries/Win64/UE4Editor-ExampleDeviceProfileSelector.dll (API version 3709383).
LogModuleManager: Display: Found up-to-date module file ../../../Engine/Plugins/Runtime/ImmediatePhysics/Binaries/Win64/UE4Editor-ImmediatePhysics.dll (API version 3709383).
LogModuleManager: Display: Found up-to-date module file ../../../Engine/Plugins/Runtime/ImmediatePhysics/Binaries/Win64/UE4Editor-ImmediatePhysicsEditor.dll (API version 3709383).
LogModuleManager: Display: Found up-to-date module file ../../../Engine/Plugins/Runtime/LocationServicesBPLibrary/Binaries/Win64/UE4Editor-LocationServicesBPLibrary.dll (API version 3709383).
LogModuleManager: Display: Found up-to-date module file ../../../Engine/Plugins/Runtime/MobilePatchingUtils/Binaries/Win64/UE4Editor-MobilePatchingUtils.dll (API version 3709383).
LogModuleManager: Display: Found up-to-date module file ../../../Engine/Plugins/Runtime/Oculus/OculusVR/Binaries/Win64/UE4Editor-OculusHMD.dll (API version 3709383).
LogModuleManager: Display: Found up-to-date module file ../../../Engine/Plugins/Runtime/Oculus/OculusVR/Binaries/Win64/UE4Editor-OculusInput.dll (API version 3709383).
LogModuleManager: Display: Found up-to-date module file ../../../Engine/Plugins/Runtime/Oculus/OculusVR/Binaries/Win64/UE4Editor-OculusEditor.dll (API version 3709383).
LogModuleManager: Display: Found up-to-date module file ../../../Engine/Plugins/Runtime/PhysXVehicles/Binaries/Win64/UE4Editor-PhysXVehicles.dll (API version 3709383).
LogModuleManager: Display: Found up-to-date module file ../../../Engine/Plugins/Runtime/PhysXVehicles/Binaries/Win64/UE4Editor-PhysXVehiclesEditor.dll (API version 3709383).
LogModuleManager: Display: Found up-to-date module file ../../../Engine/Plugins/Runtime/ProceduralMeshComponent/Binaries/Win64/UE4Editor-ProceduralMeshComponent.dll (API version 3709383).
LogModuleManager: Display: Found up-to-date module file ../../../Engine/Plugins/Runtime/ProceduralMeshComponent/Binaries/Win64/UE4Editor-ProceduralMeshComponentEditor.dll (API version 3709383).
LogModuleManager: Display: Found up-to-date module file ../../../Engine/Plugins/Runtime/RuntimePhysXCooking/Binaries/Win64/UE4Editor-RuntimePhysXCooking.dll (API version 3709383).
LogModuleManager: Display: Found up-to-date module file ../../../Engine/Plugins/Runtime/Steam/SteamVR/Binaries/Win64/UE4Editor-SteamVR.dll (API version 3709383).
LogModuleManager: Display: Found up-to-date module file ../../../Engine/Plugins/Runtime/Steam/SteamVR/Binaries/Win64/UE4Editor-SteamVRController.dll (API version 3709383).
LogModuleManager: Display: Found up-to-date module file ../../../Engine/Plugins/Runtime/WindowsMoviePlayer/Binaries/Win64/UE4Editor-WindowsMoviePlayer.dll (API version 3709383).
LogInit: Warning: Incompatible or missing module: UE4Editor-TechDemo.dll
Running C:/Program Files/Epic Games/UE_4.18/Engine/Binaries/DotNET/UnrealBuildTool.exe TechDemo Development Win64 -project="C:/Users/WIN 10/Desktop/TechDemo/TechDemo/TechDemo.uproject" -editorrecompile -progress -NoHotReloadFromIDE
Performing full C++ include scan (building a new target)
Using 'git status' to determine working set for adaptive non-unity build.
Creating makefile for TechDemo (.uproject file is newer)
@progress push 5%
Parsing headers for TechDemoEditor
  Running UnrealHeaderTool "C:\Users\WIN 10\Desktop\TechDemo\TechDemo\TechDemo.uproject" "C:\Users\WIN 10\Desktop\TechDemo\TechDemo\Intermediate\Build\Win64\TechDemoEditor\Development\TechDemoEditor.uhtmanifest" -LogCmds="loginit warning, logexit warning, logdatabase error" -Unattended -WarningsAsErrors -installed
Reflection code generated for TechDemoEditor in 7.7228324 seconds
@progress pop
Performing 8 actions (9 in parallel)
[2/8] Resource PCLaunch.rc
SharedPCH.Engine.cpp
TechDemo.cpp
TechDemoGameModeBase.cpp
TechDemo.init.gen.cpp
TechDemoGameModeBase.gen.cpp
[7/8] Link UE4Editor-TechDemo.dll
[8/8] Link UE4Editor-TechDemo.lib
   Creating library C:\Users\WIN 10\Desktop\TechDemo\TechDemo\Intermediate\Build\Win64\UE4Editor\Development\UE4Editor-TechDemo.lib and object C:\Users\WIN 10\Desktop\TechDemo\TechDemo\Intermediate\Build\Win64\UE4Editor\Development\UE4Editor-TechDemo.exp
   Creating library C:\Users\WIN 10\Desktop\TechDemo\TechDemo\Intermediate\Build\Win64\UE4Editor\Development\UE4Editor-TechDemo.suppressed.lib and object C:\Users\WIN 10\Desktop\TechDemo\TechDemo\Intermediate\Build\Win64\UE4Editor\Development\UE4Editor-TechDemo.suppressed.exp
Failed to write dependency cache: Access to the path 'C:\Users\DrDoz\Desktop\TechDemo\TechDemo\Intermediate\Build\Win64\TechDemoEditor' is denied.
Failed to write FlatCPPIncludeDependencyCache: Access to the path 'C:\Users\DrDoz\Desktop\TechDemo\TechDemo\Intermediate\Build\Win64\TechDemoEditor' is denied.
Total build time: 35.54 seconds (Local executor: 22.78 seconds)
LogModuleManager: Display: Found up-to-date module file ../../../../../../Users/WIN 10/Desktop/TechDemo/TechDemo/Binaries/Win64/UE4Editor-TechDemo.dll (API version 3709383).
LogModuleManager: Display: Found up-to-date module file ../../../Engine/Plugins/2D/Paper2D/Binaries/Win64/UE4Editor-Paper2D.dll (API version 3709383).
LogModuleManager: Display: Found up-to-date module file ../../../Engine/Plugins/2D/Paper2D/Binaries/Win64/UE4Editor-Paper2DEditor.dll (API version 3709383).
LogModuleManager: Display: Found up-to-date module file ../../../Engine/Plugins/2D/Paper2D/Binaries/Win64/UE4Editor-PaperSpriteSheetImporter.dll (API version 3709383).
LogModuleManager: Display: Found up-to-date module file ../../../Engine/Plugins/2D/Paper2D/Binaries/Win64/UE4Editor-PaperTiledImporter.dll (API version 3709383).
LogModuleManager: Display: Found up-to-date module file ../../../Engine/Plugins/2D/Paper2D/Binaries/Win64/UE4Editor-SmartSnapping.dll (API version 3709383).
LogModuleManager: Display: Found up-to-date module file ../../../Engine/Plugins/Blendables/LightPropagationVolume/Binaries/Win64/UE4Editor-LightPropagationVolumeRuntime.dll (API version 3709383).
LogModuleManager: Display: Found up-to-date module file ../../../Engine/Plugins/Blendables/LightPropagationVolume/Binaries/Win64/UE4Editor-LightPropagationVolumeEditor.dll (API version 3709383).
LogModuleManager: Display: Found up-to-date module file ../../../Engine/Plugins/Developer/GitSourceControl/Binaries/Win64/UE4Editor-GitSourceControl.dll (API version 3709383).
LogModuleManager: Display: Found up-to-date module file ../../../Engine/Plugins/Developer/PerforceSourceControl/Binaries/Win64/UE4Editor-PerforceSourceControl.dll (API version 3709383).
LogModuleManager: Display: Found up-to-date module file ../../../Engine/Plugins/Developer/SubversionSourceControl/Binaries/Win64/UE4Editor-SubversionSourceControl.dll (API version 3709383).
LogModuleManager: Display: Found up-to-date module file ../../../Engine/Plugins/Developer/UObjectPlugin/Binaries/Win64/UE4Editor-UObjectPlugin.dll (API version 3709383).
LogModuleManager: Display: Found up-to-date module file ../../../Engine/Plugins/Developer/VisualStudioCodeSourceCodeAccess/Binaries/Win64/UE4Editor-VisualStudioCodeSourceCodeAccess.dll (API version 3709383).
LogModuleManager: Display: Found up-to-date module file ../../../Engine/Plugins/Developer/VisualStudioSourceCodeAccess/Binaries/Win64/UE4Editor-VisualStudioSourceCodeAccess.dll (API version 3709383).
LogModuleManager: Display: Found up-to-date module file ../../../Engine/Plugins/Editor/AssetManagerEditor/Binaries/Win64/UE4Editor-AssetManagerEditor.dll (API version 3709383).
LogModuleManager: Display: Found up-to-date module file ../../../Engine/Plugins/Editor/AudioCapture/Binaries/Win64/UE4Editor-AudioCapture.dll (API version 3709383).
LogModuleManager: Display: Found up-to-date module file ../../../Engine/Plugins/Editor/FacialAnimation/Binaries/Win64/UE4Editor-FacialAnimation.dll (API version 3709383).
LogModuleManager: Display: Found up-to-date module file ../../../Engine/Plugins/Editor/FacialAnimation/Binaries/Win64/UE4Editor-FacialAnimationEditor.dll (API version 3709383).
LogModuleManager: Display: Found up-to-date module file ../../../Engine/Plugins/Editor/GameplayTagsEditor/Binaries/Win64/UE4Editor-GameplayTagsEditor.dll (API version 3709383).
LogModuleManager: Display: Found up-to-date module file ../../../Engine/Plugins/Editor/MobileLauncherProfileWizard/Binaries/Win64/UE4Editor-MobileLauncherProfileWizard.dll (API version 3709383).
LogModuleManager: Display: Found up-to-date module file ../../../Engine/Plugins/Editor/PluginBrowser/Binaries/Win64/UE4Editor-PluginBrowser.dll (API version 3709383).
LogModuleManager: Display: Found up-to-date module file ../../../Engine/Plugins/Editor/SpeedTreeImporter/Binaries/Win64/UE4Editor-SpeedTreeImporter.dll (API version 3709383).
LogModuleManager: Display: Found up-to-date module file ../../../Engine/Plugins/Experimental/AlembicImporter/Binaries/Win64/UE4Editor-AlembicImporter.dll (API version 3709383).
LogModuleManager: Display: Found up-to-date module file ../../../Engine/Plugins/Experimental/AlembicImporter/Binaries/Win64/UE4Editor-AlembicLibrary.dll (API version 3709383).
LogModuleManager: Display: Found up-to-date module file ../../../Engine/Plugins/Experimental/CharacterAI/Binaries/Win64/UE4Editor-CharacterAI.dll (API version 3709383).
LogModuleManager: Display: Found up-to-date module file ../../../Engine/Plugins/Experimental/HTML5Networking/Binaries/Win64/UE4Editor-HTML5Networking.dll (API version 3709383).
LogModuleManager: Display: Found up-to-date module file ../../../Engine/Plugins/Media/AndroidMedia/Binaries/Win64/UE4Editor-AndroidMediaEditor.dll (API version 3709383).
LogModuleManager: Display: Found up-to-date module file ../../../Engine/Plugins/Media/AndroidMedia/Binaries/Win64/UE4Editor-AndroidMediaFactory.dll (API version 3709383).
LogModuleManager: Display: Found up-to-date module file ../../../Engine/Plugins/Media/AvfMedia/Binaries/Win64/UE4Editor-AvfMediaEditor.dll (API version 3709383).
LogModuleManager: Display: Found up-to-date module file ../../../Engine/Plugins/Media/AvfMedia/Binaries/Win64/UE4Editor-AvfMediaFactory.dll (API version 3709383).
LogModuleManager: Display: Found up-to-date module file ../../../Engine/Plugins/Media/AvfMedia/Binaries/Win64/UE4Editor-AvfMediaFactory.dll (API version 3709383).
LogModuleManager: Display: Found up-to-date module file ../../../Engine/Plugins/Media/ImgMedia/Binaries/Win64/UE4Editor-ImgMedia.dll (API version 3709383).
LogModuleManager: Display: Found up-to-date module file ../../../Engine/Plugins/Media/ImgMedia/Binaries/Win64/UE4Editor-ImgMediaEditor.dll (API version 3709383).
LogModuleManager: Display: Found up-to-date module file ../../../Engine/Plugins/Media/ImgMedia/Binaries/Win64/UE4Editor-ImgMediaFactory.dll (API version 3709383).
LogModuleManager: Display: Found up-to-date module file ../../../Engine/Plugins/Media/ImgMedia/Binaries/Win64/UE4Editor-ImgMediaFactory.dll (API version 3709383).
LogModuleManager: Display: Found up-to-date module file ../../../Engine/Plugins/Media/ImgMedia/Binaries/Win64/UE4Editor-OpenExrWrapper.dll (API version 3709383).
LogModuleManager: Display: Found up-to-date module file ../../../Engine/Plugins/Media/MediaCompositing/Binaries/Win64/UE4Editor-MediaCompositing.dll (API version 3709383).
LogModuleManager: Display: Found up-to-date module file ../../../Engine/Plugins/Media/MediaCompositing/Binaries/Win64/UE4Editor-MediaCompositingEditor.dll (API version 3709383).
LogModuleManager: Display: Found up-to-date module file ../../../Engine/Plugins/Media/MediaPlayerEditor/Binaries/Win64/UE4Editor-MediaPlayerEditor.dll (API version 3709383).
LogModuleManager: Display: Found up-to-date module file ../../../Engine/Plugins/Media/WmfMedia/Binaries/Win64/UE4Editor-WmfMedia.dll (API version 3709383).
LogModuleManager: Display: Found up-to-date module file ../../../Engine/Plugins/Media/WmfMedia/Binaries/Win64/UE4Editor-WmfMediaEditor.dll (API version 3709383).
LogModuleManager: Display: Found up-to-date module file ../../../Engine/Plugins/Media/WmfMedia/Binaries/Win64/UE4Editor-WmfMediaFactory.dll (API version 3709383).
LogModuleManager: Display: Found up-to-date module file ../../../Engine/Plugins/Media/WmfMedia/Binaries/Win64/UE4Editor-WmfMediaFactory.dll (API version 3709383).
LogModuleManager: Display: Found up-to-date module file ../../../Engine/Plugins/Messaging/TcpMessaging/Binaries/Win64/UE4Editor-TcpMessaging.dll (API version 3709383).
LogModuleManager: Display: Found up-to-date module file ../../../Engine/Plugins/Messaging/UdpMessaging/Binaries/Win64/UE4Editor-UdpMessaging.dll (API version 3709383).
LogModuleManager: Display: Found up-to-date module file ../../../Engine/Plugins/MovieScene/ActorSequence/Binaries/Win64/UE4Editor-ActorSequence.dll (API version 3709383).
LogModuleManager: Display: Found up-to-date module file ../../../Engine/Plugins/MovieScene/LevelSequenceEditor/Binaries/Win64/UE4Editor-LevelSequenceEditor.dll (API version 3709383).
LogModuleManager: Display: Found up-to-date module file ../../../Engine/Plugins/MovieScene/MatineeToLevelSequence/Binaries/Win64/UE4Editor-MatineeToLevelSequence.dll (API version 3709383).
LogModuleManager: Display: Found up-to-date module file ../../../Engine/Plugins/Online/OnlineSubsystem/Binaries/Win64/UE4Editor-OnlineSubsystem.dll (API version 3709383).
LogModuleManager: Display: Found up-to-date module file ../../../Engine/Plugins/Online/OnlineSubsystemNull/Binaries/Win64/UE4Editor-OnlineSubsystemNull.dll (API version 3709383).
LogModuleManager: Display: Found up-to-date module file ../../../Engine/Plugins/Online/OnlineSubsystemUtils/Binaries/Win64/UE4Editor-OnlineSubsystemUtils.dll (API version 3709383).
LogModuleManager: Display: Found up-to-date module file ../../../Engine/Plugins/Online/OnlineSubsystemUtils/Binaries/Win64/UE4Editor-OnlineBlueprintSupport.dll (API version 3709383).
LogModuleManager: Display: Found up-to-date module file ../../../Engine/Plugins/Runtime/AndroidDeviceProfileSelector/Binaries/Win64/UE4Editor-AndroidDeviceProfileSelector.dll (API version 3709383).
LogModuleManager: Display: Found up-to-date module file ../../../Engine/Plugins/Runtime/AndroidPermission/Binaries/Win64/UE4Editor-AndroidPermission.dll (API version 3709383).
LogModuleManager: Display: Found up-to-date module file ../../../Engine/Plugins/Runtime/AppleARKit/Binaries/Win64/UE4Editor-AppleARKit.dll (API version 3709383).
LogModuleManager: Display: Found up-to-date module file ../../../Engine/Plugins/Runtime/ArchVisCharacter/Binaries/Win64/UE4Editor-ArchVisCharacter.dll (API version 3709383).
LogModuleManager: Display: Found up-to-date module file ../../../Engine/Plugins/Runtime/CableComponent/Binaries/Win64/UE4Editor-CableComponent.dll (API version 3709383).
LogModuleManager: Display: Found up-to-date module file ../../../Engine/Plugins/Runtime/CustomMeshComponent/Binaries/Win64/UE4Editor-CustomMeshComponent.dll (API version 3709383).
LogModuleManager: Display: Found up-to-date module file ../../../Engine/Plugins/Runtime/ExampleDeviceProfileSelector/Binaries/Win64/UE4Editor-ExampleDeviceProfileSelector.dll (API version 3709383).
LogModuleManager: Display: Found up-to-date module file ../../../Engine/Plugins/Runtime/ImmediatePhysics/Binaries/Win64/UE4Editor-ImmediatePhysics.dll (API version 3709383).
LogModuleManager: Display: Found up-to-date module file ../../../Engine/Plugins/Runtime/ImmediatePhysics/Binaries/Win64/UE4Editor-ImmediatePhysicsEditor.dll (API version 3709383).
LogModuleManager: Display: Found up-to-date module file ../../../Engine/Plugins/Runtime/LocationServicesBPLibrary/Binaries/Win64/UE4Editor-LocationServicesBPLibrary.dll (API version 3709383).
LogModuleManager: Display: Found up-to-date module file ../../../Engine/Plugins/Runtime/MobilePatchingUtils/Binaries/Win64/UE4Editor-MobilePatchingUtils.dll (API version 3709383).
LogModuleManager: Display: Found up-to-date module file ../../../Engine/Plugins/Runtime/Oculus/OculusVR/Binaries/Win64/UE4Editor-OculusHMD.dll (API version 3709383).
LogModuleManager: Display: Found up-to-date module file ../../../Engine/Plugins/Runtime/Oculus/OculusVR/Binaries/Win64/UE4Editor-OculusInput.dll (API version 3709383).
LogModuleManager: Display: Found up-to-date module file ../../../Engine/Plugins/Runtime/Oculus/OculusVR/Binaries/Win64/UE4Editor-OculusEditor.dll (API version 3709383).
LogModuleManager: Display: Found up-to-date module file ../../../Engine/Plugins/Runtime/PhysXVehicles/Binaries/Win64/UE4Editor-PhysXVehicles.dll (API version 3709383).
LogModuleManager: Display: Found up-to-date module file ../../../Engine/Plugins/Runtime/PhysXVehicles/Binaries/Win64/UE4Editor-PhysXVehiclesEditor.dll (API version 3709383).
LogModuleManager: Display: Found up-to-date module file ../../../Engine/Plugins/Runtime/ProceduralMeshComponent/Binaries/Win64/UE4Editor-ProceduralMeshComponent.dll (API version 3709383).
LogModuleManager: Display: Found up-to-date module file ../../../Engine/Plugins/Runtime/ProceduralMeshComponent/Binaries/Win64/UE4Editor-ProceduralMeshComponentEditor.dll (API version 3709383).
LogModuleManager: Display: Found up-to-date module file ../../../Engine/Plugins/Runtime/RuntimePhysXCooking/Binaries/Win64/UE4Editor-RuntimePhysXCooking.dll (API version 3709383).
LogModuleManager: Display: Found up-to-date module file ../../../Engine/Plugins/Runtime/Steam/SteamVR/Binaries/Win64/UE4Editor-SteamVR.dll (API version 3709383).
LogModuleManager: Display: Found up-to-date module file ../../../Engine/Plugins/Runtime/Steam/SteamVR/Binaries/Win64/UE4Editor-SteamVRController.dll (API version 3709383).
LogModuleManager: Display: Found up-to-date module file ../../../Engine/Plugins/Runtime/WindowsMoviePlayer/Binaries/Win64/UE4Editor-WindowsMoviePlayer.dll (API version 3709383).
LogInit: Using libcurl 7.47.1
LogInit:  - built for x86_64-pc-win32
LogInit:  - supports SSL with OpenSSL/1.0.2g
LogInit:  - supports HTTP deflate (compression) using libz 1.2.8
LogInit:  - other features:
LogInit:      CURL_VERSION_SSL
LogInit:      CURL_VERSION_LIBZ
LogInit:      CURL_VERSION_IPV6
LogInit:      CURL_VERSION_ASYNCHDNS
LogInit:      CURL_VERSION_LARGEFILE
LogInit:      CURL_VERSION_IDN
LogInit:  CurlRequestOptions (configurable via config and command line):
LogInit:  - bVerifyPeer = false  - Libcurl will NOT verify peer certificate
LogInit:  - bUseHttpProxy = false  - Libcurl will NOT use HTTP proxy
LogInit:  - bDontReuseConnections = false  - Libcurl will reuse connections
LogInit:  - CertBundlePath = nullptr  - Libcurl will use whatever was configured at build time.
LogInit: Build: ++UE4+Release-4.18-CL-3832480
LogInit: Engine Version: 4.18.3-3832480+++UE4+Release-4.18
LogInit: Compatible Engine Version: 4.18.0-3709383+++UE4+Release-4.18
LogInit: Net CL: 3709383
LogDevObjectVersion: Number of dev versions registered: 16
LogDevObjectVersion:   Dev-Blueprints (B0D832E4-1F89-4F0D-ACCF-7EB736FD4AA2): 10
LogDevObjectVersion:   Dev-Build (E1C64328-A22C-4D53-A36C-8E866417BD8C): 0
LogDevObjectVersion:   Dev-Core (375EC13C-06E4-48FB-B500-84F0262A717E): 2
LogDevObjectVersion:   Dev-Editor (E4B068ED-F494-42E9-A231-DA0B2E46BB41): 20
LogDevObjectVersion:   Dev-Framework (CFFC743F-43B0-4480-9391-14DF171D2073): 30
LogDevObjectVersion:   Dev-Mobile (B02B49B5-BB20-44E9-A304-32B752E40360): 0
LogDevObjectVersion:   Dev-Networking (A4E4105C-59A1-49B5-A7C5-40C4547EDFEE): 0
LogDevObjectVersion:   Dev-Online (39C831C9-5AE6-47DC-9A44-9C173E1C8E7C): 0
LogDevObjectVersion:   Dev-Physics (78F01B33-EBEA-4F98-B9B4-84EACCB95AA2): 0
LogDevObjectVersion:   Dev-Platform (6631380F-2D4D-43E0-8009-CF276956A95A): 0
LogDevObjectVersion:   Dev-Rendering (12F88B9F-8875-4AFC-A67C-D90C383ABD29): 20
LogDevObjectVersion:   Dev-Sequencer (7B5AE74C-D270-4C10-A958-57980B212A5A): 4
LogDevObjectVersion:   Dev-VR (D7296918-1DD6-4BDD-9DE2-64A83CC13884): 0
LogDevObjectVersion:   Dev-LoadTimes (C2A15278-BFE7-4AFE-6C17-90FF531DF755): 1
LogDevObjectVersion:   Private-Geometry (6EACA3D4-40EC-4CC1-B786-8BED09428FC5): 1
LogDevObjectVersion:   Dev-AnimPhys (29E575DD-E0A3-4627-9D10-D276232CDCEA): 12
LogInit: Compiled (64-bit): Jan 12 2018 02:04:55
LogInit: Compiled with Visual C++: 19.00.24215.01
LogInit: Build Configuration: Development
LogInit: Branch Name: ++UE4+Release-4.18
LogInit: Command line: -EpicPortal 
LogInit: Base directory: C:/Program Files/Epic Games/UE_4.18/Engine/Binaries/Win64/
LogInit: Installed Engine Build: 1
LogInit: Presizing for max 8388607 objects, including 0 objects not considered by GC, pre-allocating 0 bytes for permanent pool.
LogInit: Object subsystem initialized
[2018.01.22-09.06.09:806][  0]LogInit: Selected Device Profile: [Windows]
[2018.01.22-09.06.09:806][  0]LogInit: Applying CVar settings loaded from the selected device profile: [Windows]
[2018.01.22-09.06.09:815][  0]LogInit: Computer: DESKTOP-ETD6PAL
[2018.01.22-09.06.09:815][  0]LogInit: User: WIN10
[2018.01.22-09.06.09:815][  0]LogInit: CPU Page size=4096, Cores=6
[2018.01.22-09.06.09:815][  0]LogInit: High frequency timer resolution =3.609373 MHz
[2018.01.22-09.06.09:816][  0]LogMemory: Memory total: Physical=32.0GB (32GB approx)
[2018.01.22-09.06.09:816][  0]LogMemory: Platform Memory Stats for Windows
[2018.01.22-09.06.09:816][  0]LogMemory: Process Physical Memory: 276.50 MB used, 276.50 MB peak
[2018.01.22-09.06.09:816][  0]LogMemory: Process Virtual Memory: 272.78 MB used, 272.78 MB peak
[2018.01.22-09.06.09:816][  0]LogMemory: Physical Memory: 9165.66 MB used,  23557.25 MB free, 32722.90 MB total
[2018.01.22-09.06.09:816][  0]LogMemory: Virtual Memory: 672.03 MB used,  23557.25 MB free, 134217728.00 MB total
[2018.01.22-09.06.09:952][  0]LogInit: Using OS detected language (en-GB).
[2018.01.22-09.06.09:952][  0]LogInit: Using OS detected locale (en-US).
[2018.01.22-09.06.09:955][  0]LogTextLocalizationManager: No specific localization for 'en-GB' exists, so the 'en' localization will be used.
[2018.01.22-09.06.10:310][  0]LogInit: Setting process to per monitor DPI aware
[2018.01.22-09.06.10:506][  0]LogD3D11RHI: D3D11 adapters:
[2018.01.22-09.06.10:546][  0]LogD3D11RHI:    0. 'NVIDIA GeForce GTX 1080 Ti' (Feature Level 11_0)
[2018.01.22-09.06.10:546][  0]LogD3D11RHI:       11138/0/16361 MB DedicatedVideo/DedicatedSystem/SharedSystem, Outputs:1, VendorId:0x10de
[2018.01.22-09.06.10:548][  0]LogD3D11RHI:    1. 'Microsoft Basic Render Driver' (Feature Level 11_0)
[2018.01.22-09.06.10:548][  0]LogD3D11RHI:       0/0/16361 MB DedicatedVideo/DedicatedSystem/SharedSystem, Outputs:0, VendorId:0x1414
[2018.01.22-09.06.10:548][  0]LogD3D11RHI: Chosen D3D11 Adapter: 0
[2018.01.22-09.06.10:552][  0]LogD3D11RHI: Creating new Direct3DDevice
[2018.01.22-09.06.10:552][  0]LogD3D11RHI:     GPU DeviceId: 0x1b06 (for the marketing name, search the web for "GPU Device Id")
[2018.01.22-09.06.10:552][  0]LogWindows: EnumDisplayDevices:
[2018.01.22-09.06.10:552][  0]LogWindows:    0. 'NVIDIA GeForce GTX 1080 Ti' (P:1 D:1)
[2018.01.22-09.06.10:552][  0]LogWindows:    1. 'NVIDIA GeForce GTX 1080 Ti' (P:0 D:0)
[2018.01.22-09.06.10:552][  0]LogWindows:    2. 'NVIDIA GeForce GTX 1080 Ti' (P:0 D:0)
[2018.01.22-09.06.10:552][  0]LogWindows:    3. 'NVIDIA GeForce GTX 1080 Ti' (P:0 D:0)
[2018.01.22-09.06.10:552][  0]LogWindows: DebugString: FoundDriverCount:4 
[2018.01.22-09.06.10:552][  0]LogD3D11RHI:     Adapter Name: NVIDIA GeForce GTX 1080 Ti
[2018.01.22-09.06.10:552][  0]LogD3D11RHI:   Driver Version: 388.13 (internal:23.21.13.8813, unified:388.13)
[2018.01.22-09.06.10:552][  0]LogD3D11RHI:      Driver Date: 10-27-2017
[2018.01.22-09.06.10:552][  0]LogRHI: Texture pool is 7797 MB (70% of 11138 MB)
[2018.01.22-09.06.10:575][  0]LogD3D11RHI: Async texture creation enabled
[2018.01.22-09.06.10:584][  0]LogD3D11RHI: GPU Timing Frequency: 1000.000000 (Debug: 2 1)
[2018.01.22-09.06.10:632][  0]LogShaderCompilers: Guid format shader working directory is -10 characters bigger than the processId version (../../../../../../Users/WIN 10/Desktop/TechDemo/TechDemo/Intermediate/Shaders/WorkingDirectory/10680/).
[2018.01.22-09.06.10:632][  0]LogShaderCompilers: Cleaned the shader compiler working directory 'C:/Users/WIN 10/AppData/Local/Temp/UnrealShaderWorkingDir/CE2263DF48930E9726EB37985A37E86D/'.
[2018.01.22-09.06.10:632][  0]LogShaderCompilers: Display: Using Local Shader Compiler.
[2018.01.22-09.06.11:486][  0]LogTemp: Display: Loaded TP AllDesktopTargetPlatform
[2018.01.22-09.06.11:539][  0]LogTemp: Display: Loaded TP MacClientTargetPlatform
[2018.01.22-09.06.11:589][  0]LogTemp: Display: Loaded TP MacNoEditorTargetPlatform
[2018.01.22-09.06.11:643][  0]LogTemp: Display: Loaded TP MacServerTargetPlatform
[2018.01.22-09.06.11:693][  0]LogTemp: Display: Loaded TP MacTargetPlatform
[2018.01.22-09.06.11:741][  0]LogTemp: Display: Loaded TP WindowsClientTargetPlatform
[2018.01.22-09.06.11:790][  0]LogTemp: Display: Loaded TP WindowsNoEditorTargetPlatform
[2018.01.22-09.06.11:839][  0]LogTemp: Display: Loaded TP WindowsServerTargetPlatform
[2018.01.22-09.06.11:884][  0]LogTemp: Display: Loaded TP WindowsTargetPlatform
[2018.01.22-09.06.11:929][  0]LogTemp: Display: Loaded TP Android_ASTCTargetPlatform
[2018.01.22-09.06.11:974][  0]LogTemp: Display: Loaded TP Android_ATCTargetPlatform
[2018.01.22-09.06.12:021][  0]LogTemp: Display: Loaded TP Android_DXTTargetPlatform
[2018.01.22-09.06.12:070][  0]LogTemp: Display: Loaded TP Android_ETC1TargetPlatform
[2018.01.22-09.06.12:114][  0]LogTemp: Display: Loaded TP Android_ETC2TargetPlatform
[2018.01.22-09.06.12:210][  0]LogTemp: Display: Loaded TP Android_MultiTargetPlatform
[2018.01.22-09.06.12:210][  0]LogTemp: Display: Loaded TP Android_PVRTCTargetPlatform
[2018.01.22-09.06.12:258][  0]LogTemp: Display: Loaded TP AndroidTargetPlatform
[2018.01.22-09.06.12:293][  0]LogTemp: Display: Loaded TP HTML5TargetPlatform
[2018.01.22-09.06.12:381][  0]LogTemp: Display: Loaded TP IOSTargetPlatform
[2018.01.22-09.06.12:405][  0]LogTemp: Display: Loaded TP TVOSTargetPlatform
[2018.01.22-09.06.12:452][  0]LogTemp: Display: Loaded TP LinuxClientTargetPlatform
[2018.01.22-09.06.12:498][  0]LogTemp: Display: Loaded TP LinuxNoEditorTargetPlatform
[2018.01.22-09.06.12:545][  0]LogTemp: Display: Loaded TP LinuxServerTargetPlatform
[2018.01.22-09.06.12:591][  0]LogTemp: Display: Loaded TP LinuxTargetPlatform
[2018.01.22-09.06.12:591][  0]LogTargetPlatformManager: Display: Building Assets For Windows
[2018.01.22-09.06.13:017][  0]LogDerivedDataCache: Display: Max Cache Size: 512 MB
[2018.01.22-09.06.13:079][  0]LogDerivedDataCache: Loaded boot cache 0.06s 78MB C:/Users/WIN 10/AppData/Local/UnrealEngine/4.18/DerivedDataCache/Boot.ddc.
[2018.01.22-09.06.13:079][  0]LogDerivedDataCache: Display: Loaded Boot cache: C:/Users/WIN 10/AppData/Local/UnrealEngine/4.18/DerivedDataCache/Boot.ddc
[2018.01.22-09.06.13:079][  0]LogDerivedDataCache: FDerivedDataBackendGraph:  Pak pak cache file ../../../../../../Users/WIN 10/Desktop/TechDemo/TechDemo/DerivedDataCache/DDC.ddp not found, will not use a pak cache.
[2018.01.22-09.06.13:079][  0]LogDerivedDataCache: Unable to find inner node Pak for hierarchical cache Hierarchy.
[2018.01.22-09.06.13:079][  0]LogDerivedDataCache: FDerivedDataBackendGraph:  CompressedPak pak cache file ../../../../../../Users/WIN 10/Desktop/TechDemo/TechDemo/DerivedDataCache/Compressed.ddp not found, will not use a pak cache.
[2018.01.22-09.06.13:079][  0]LogDerivedDataCache: Unable to find inner node CompressedPak for hierarchical cache Hierarchy.
[2018.01.22-09.06.13:103][  0]LogDerivedDataCache: Display: Pak cache opened for reading ../../../Engine/DerivedDataCache/Compressed.ddp.
[2018.01.22-09.06.13:115][  0]LogDerivedDataCache: Using Local data cache path C:/Users/WIN 10/AppData/Local/UnrealEngine/Common/DerivedDataCache: Writable
[2018.01.22-09.06.13:124][  0]LogMaterial: Verifying Global Shaders for PCD3D_SM5
[2018.01.22-09.06.13:125][  0]LogSlate: Using Freetype 2.6.0
[2018.01.22-09.06.13:125][  0]LogSlate: SlateFontCache - WITH_FREETYPE: 1, WITH_HARFBUZZ: 1
[2018.01.22-09.06.13:125][  0]LogSlate: SlateFontCache - WITH_FREETYPE: 1, WITH_HARFBUZZ: 1
[2018.01.22-09.06.13:460][  0]LogInit: Selected Device Profile: [Windows]
[2018.01.22-09.06.13:813][  0]LogSimplygon: Simplygon DLL not present - disabling.
[2018.01.22-09.06.13:858][  0]LogMeshReduction: Using SimplygonSwarm for distributed automatic mesh merging
[2018.01.22-09.06.13:858][  0]LogMeshReduction: Using QuadricMeshReduction for automatic static mesh reduction
[2018.01.22-09.06.13:858][  0]LogMeshReduction: No automatic skeletal mesh reduction module available
[2018.01.22-09.06.13:858][  0]LogMeshReduction: No automatic mesh merging module available
[2018.01.22-09.06.13:858][  0]LogMeshMerging: No automatic mesh merging module available
[2018.01.22-09.06.13:881][  0]LogNetVersion: TechDemo , NetCL: 3709383, EngineNetVer: 2, GameNetVer: 0 (Checksum: 3811988934)
[2018.01.22-09.06.14:041][  0]LogAssetRegistry: FAssetRegistry took 0.0264 seconds to start up
[2018.01.22-09.06.14:473][  0]LogPackageLocalizationCache: Processed 7 localized package path(s) for 2 prioritized culture(s) in 0.072423 seconds
[2018.01.22-09.06.14:480][  0]LogUObjectArray: 35870 objects as part of root set at end of initial load.
[2018.01.22-09.06.14:480][  0]LogUObjectAllocator: 7363704 out of 0 bytes used by permanent object pool.
[2018.01.22-09.06.14:480][  0]LogUObjectArray: CloseDisregardForGC: 0/0 objects in disregard for GC pool
[2018.01.22-09.06.14:526][  0]LogInit: WinSock: version 1.1 (2.2), MaxSocks=32767, MaxUdp=65467
[2018.01.22-09.06.17:054][  0]LogTcpMessaging: Initializing TcpMessaging bridge
[2018.01.22-09.06.17:097][  0]LogUdpMessaging: Initializing bridge on interface 0.0.0.0:0 to multicast group 230.0.0.1:6666.
[2018.01.22-09.06.17:790][  0]LogMaterial: Uniform references updated for custom material expression Custom.
[2018.01.22-09.06.18:199][  0]SourceControl: Source control is disabled
[2018.01.22-09.06.18:199][  0]SourceControl: Source control is disabled
[2018.01.22-09.06.18:252][  0]SourceControl: Source control is disabled
[2018.01.22-09.06.18:307][  0]SourceControl: Source control is disabled
[2018.01.22-09.06.19:089][  0]LogAndroidPermission: UAndroidPermissionCallbackProxy::GetInstance
[2018.01.22-09.06.19:353][  0]LogOcInput: OculusInput pre-init called
[2018.01.22-09.06.19:610][  0]LogEngine: Initializing Engine...
[2018.01.22-09.06.22:156][  0]LogHMD: SteamVR initialized.  Driver: lighthouse  Display: LHR-7B5B1253
[2018.01.22-09.06.22:330][  0]LogStats: UGameplayTagsManager::ConstructGameplayTagTree: Construct from data asset -  0.000 s
[2018.01.22-09.06.22:330][  0]LogStats: UGameplayTagsManager::ConstructGameplayTagTree: GameplayTagTreeChangedEvent.Broadcast -  0.000 s
[2018.01.22-09.06.22:451][  0]LogAIModule: Creating AISystem for world Untitled
[2018.01.22-09.06.22:464][  0]LogInit: XAudio2 using 'HTC-VIVE-4 (NVIDIA High Definition Audio)' : 2 channels at 48 kHz using 16 bits per sample (channel mask 0x3)
[2018.01.22-09.06.22:472][  0]LogInit: FAudioDevice initialized.
[2018.01.22-09.06.22:543][  0]LogDerivedDataCache: Saved boot cache 0.07s 78MB C:/Users/WIN 10/AppData/Local/UnrealEngine/4.18/DerivedDataCache/Boot.ddc.
[2018.01.22-09.06.22:555][  0]LogInit: Texture streaming: Enabled
[2018.01.22-09.06.22:667][  0]LogEngineSessionManager: EngineSessionManager initialized
[2018.01.22-09.06.22:794][  0]LogInit: Transaction tracking system initialized
[2018.01.22-09.06.23:115][  0]BlueprintLog: New page: Editor Load
[2018.01.22-09.06.24:049][  0]LocalizationService: Localization service is disabled
[2018.01.22-09.06.24:840][  0]LogConsoleResponse: Display: 
[2018.01.22-09.06.24:968][  0]LogAutoReimportManager: Warning: Unable to watch directory ../../../../../../Users/WIN 10/Desktop/TechDemo/TechDemo/Content/ as it doesn't exist.
[2018.01.22-09.06.24:969][  0]LogCook: Display: Max memory allowance for cook 16384mb min free memory 0mb
[2018.01.22-09.06.24:969][  0]LogCook: Display: Mobile HDR setting 1
[2018.01.22-09.06.24:969][  0]LogGameplayTags: Display: UGameplayTagsManager::DoneAddingNativeTags. DelegateIsBound: 0
[2018.01.22-09.06.26:181][  0]SourceControl: Source control is disabled
[2018.01.22-09.06.26:181][  0]Cmd: MAP LOAD FILE="../../../Engine/Content/Maps/Templates/Template_Default.umap" TEMPLATE=1 SHOWPROGRESS=1 FEATURELEVEL=3
[2018.01.22-09.06.26:181][  0]LightingResults: New page: Lighting Build
[2018.01.22-09.06.26:229][  0]MapCheck: New page: Map Check
[2018.01.22-09.06.26:229][  0]LightingResults: New page: Lighting Build
[2018.01.22-09.06.26:441][  0]LogAIModule: Creating AISystem for world Untitled_1
[2018.01.22-09.06.26:446][  0]LogEditorServer: Finished looking for orphan Actors (0.000 secs)
[2018.01.22-09.06.26:459][  0]Cmd: MAP CHECKDEP NOCLEARLOG
[2018.01.22-09.06.26:501][  0]MapCheck: Map check complete: 0 Error(s), 0 Warning(s), took 40.895ms to complete.
[2018.01.22-09.06.26:501][  0]LogFileHelpers: Loading map 'Template_Default' took 0.320
[2018.01.22-09.06.26:555][  0]LogWindowsTextInputMethodSystem: Display: IME system now deactivated.
[2018.01.22-09.06.26:622][  0]LogCollectionManager: Loaded 0 collections in 0.001160 seconds
[2018.01.22-09.06.26:703][  0]LogFileCache: Scanning file cache for directory 'C:/Users/WIN 10/Desktop/TechDemo/TechDemo/Saved/Collections/' took 0.01s
[2018.01.22-09.06.26:703][  0]LogFileCache: Scanning file cache for directory 'C:/Users/WIN 10/Desktop/TechDemo/TechDemo/Content/Developers/WIN10/Collections/' took 0.01s
[2018.01.22-09.06.26:703][  0]LogFileCache: Scanning file cache for directory 'C:/Users/WIN 10/Desktop/TechDemo/TechDemo/Content/Collections/' took 0.01s
[2018.01.22-09.06.26:703][  0]LogCollectionManager: Rebuilt the GUID cache for 0 collections in 0.000001 seconds
[2018.01.22-09.06.26:711][  0]LogContentBrowser: Native class hierarchy populated in 0.0077 seconds. Added 2364 classes and 521 folders.
[2018.01.22-09.06.26:773][  0]LogContentBrowser: Native class hierarchy updated for 'WidgetCarousel' in 0.0004 seconds. Added 0 classes and 0 folders.
[2018.01.22-09.06.26:806][  0]LogContentBrowser: Native class hierarchy updated for 'AddContentDialog' in 0.0009 seconds. Added 0 classes and 0 folders.
[2018.01.22-09.06.26:848][  0]LogContentBrowser: Native class hierarchy updated for 'SceneOutliner' in 0.0007 seconds. Added 1 classes and 2 folders.
[2018.01.22-09.06.26:863][  0]LogSlate: Took 0.000145 seconds to synchronously load lazily loaded font '../../../Engine/Content/Slate/Fonts/Roboto-Regular.ttf' (155K)
[2018.01.22-09.06.26:865][  0]LogSlate: Took 0.000143 seconds to synchronously load lazily loaded font '../../../Engine/Content/Slate/Fonts/Roboto-Bold.ttf' (160K)
[2018.01.22-09.06.26:869][  0]LogSlate: Took 0.000171 seconds to synchronously load lazily loaded font '../../../Engine/Content/Editor/Slate/Fonts/FontAwesome.ttf' (139K)
[2018.01.22-09.06.26:955][  0]LogRenderer: Reallocating scene render targets to support 1016x576 Format 10 NumSamples 1 (Frame:1).
[2018.01.22-09.06.27:083][  0]LogContentBrowser: Native class hierarchy updated for 'HierarchicalLODOutliner' in 0.0004 seconds. Added 1 classes and 2 folders.
[2018.01.22-09.06.27:083][  0]LogLoad: (Engine Initialization) Total time: 57.66 seconds
[2018.01.22-09.06.27:083][  0]LogLoad: (Engine Initialization) Total Blueprint compile time: 0.00 seconds
[2018.01.22-09.06.27:083][  0]LogExternalProfiler: No external profilers were discovered.  External profiling features will not be available.
[2018.01.22-09.06.27:106][  0]LogAssetRegistry: Asset discovery search completed in 13.0871 seconds
[2018.01.22-09.06.27:108][  0]LogCollectionManager: Rebuilt the object cache for 0 collections in 0.000000 seconds (found 0 objects)
[2018.01.22-09.06.27:108][  0]LogCollectionManager: Fixed up redirectors for 0 collections in 0.000097 seconds (updated 0 objects)
[2018.01.22-09.06.27:111][  0]LogContentStreaming: Texture pool size now 1000 MB
[2018.01.22-09.06.36:828][159]LogSlate: Took 0.000148 seconds to synchronously load lazily loaded font '../../../Engine/Content/Slate/Fonts/Roboto-Light.ttf' (159K)
[2018.01.22-09.06.40:808][637]LogSlate: Took 0.000106 seconds to synchronously load lazily loaded font '../../../Engine/Content/Slate/Fonts/Roboto-Light.ttf' (159K)
[2018.01.22-09.06.40:818][637]LogVSAccessor: Warning: Couldn't access Visual Studio
[2018.01.22-09.06.40:821][637]LogVSAccessor: Warning: Couldn't access module table
[2018.01.22-09.06.40:821][637]LogVSAccessor: Warning: Couldn't access module table
[2018.01.22-09.06.40:821][637]LogVSAccessor: Warning: Couldn't access module table
[2018.01.22-09.06.40:821][637]LogVSAccessor: Warning: Couldn't access module table
[2018.01.22-09.06.40:821][637]LogVSAccessor: Warning: Couldn't access module table
[2018.01.22-09.06.40:821][637]LogVSAccessor: Warning: Couldn't access module table
[2018.01.22-09.06.40:821][637]LogVSAccessor: Warning: Couldn't access module table
[2018.01.22-09.06.40:821][637]LogVSAccessor: Warning: Couldn't access module table
[2018.01.22-09.06.40:821][637]LogVSAccessor: Warning: Couldn't access module table
[2018.01.22-09.06.40:821][637]LogVSAccessor: Warning: Couldn't access module table
[2018.01.22-09.06.40:821][637]LogVSAccessor: Warning: Couldn't access module table
[2018.01.22-09.06.40:822][637]LogVSAccessor: Warning: Couldn't access module table
[2018.01.22-09.06.40:822][637]LogVSAccessor: Warning: Couldn't access module table
[2018.01.22-09.06.40:822][637]LogVSAccessor: Warning: Couldn't access module table
[2018.01.22-09.06.40:822][637]LogVSAccessor: Warning: Couldn't access module table
[2018.01.22-09.06.40:822][637]LogVSAccessor: Warning: Couldn't access module table
[2018.01.22-09.06.40:822][637]LogVSAccessor: Warning: Couldn't access module table
[2018.01.22-09.06.40:822][637]LogVSAccessor: Warning: Couldn't access module table
[2018.01.22-09.06.40:822][637]LogVSAccessor: Warning: Couldn't access module table
[2018.01.22-09.06.40:822][637]LogVSAccessor: Warning: Couldn't access module table
[2018.01.22-09.06.40:822][637]LogVSAccessor: Warning: Couldn't access module table
[2018.01.22-09.06.40:822][637]LogVSAccessor: Warning: Couldn't access module table
[2018.01.22-09.06.40:822][637]LogVSAccessor: Warning: Couldn't access module table
[2018.01.22-09.06.40:822][637]LogVSAccessor: Warning: Couldn't access module table
[2018.01.22-09.06.40:822][637]LogVSAccessor: Warning: Couldn't access module table
[2018.01.22-09.06.40:822][637]LogVSAccessor: Warning: Couldn't access module table
[2018.01.22-09.06.40:823][637]LogVSAccessor: Warning: Couldn't access module table
[2018.01.22-09.06.40:823][637]LogVSAccessor: Warning: Couldn't access module table
[2018.01.22-09.06.40:823][637]LogVSAccessor: Warning: Couldn't access module table
[2018.01.22-09.06.40:823][637]LogVSAccessor: Warning: Couldn't access module table
[2018.01.22-09.06.40:823][637]LogVSAccessor: Warning: Couldn't access module table
[2018.01.22-09.06.40:823][637]LogVSAccessor: Warning: Couldn't access module table
[2018.01.22-09.06.40:823][637]LogVSAccessor: Warning: Couldn't access module table
[2018.01.22-09.06.40:823][637]LogVSAccessor: Warning: Couldn't access module table
[2018.01.22-09.06.40:823][637]LogVSAccessor: Warning: Couldn't access module table
[2018.01.22-09.06.40:823][637]LogVSAccessor: Warning: Couldn't access module table
[2018.01.22-09.06.40:823][637]LogVSAccessor: Warning: Couldn't access module table
[2018.01.22-09.06.40:835][637]LogVSAccessor: Warning: Couldn't access module table
[2018.01.22-09.06.40:840][637]LogVSAccessor: Warning: Couldn't access module table
[2018.01.22-09.06.40:840][637]LogVSAccessor: Warning: Couldn't access module table
[2018.01.22-09.06.40:841][637]LogVSAccessor: Warning: Couldn't access module table
[2018.01.22-09.06.40:846][637]LogVSAccessor: Warning: Couldn't access module table
[2018.01.22-09.06.40:847][637]LogVSAccessor: Warning: Couldn't access module table
[2018.01.22-09.06.40:848][637]LogVSAccessor: Warning: Couldn't access module table
[2018.01.22-09.06.40:848][637]LogVSAccessor: Warning: Couldn't access module table
[2018.01.22-09.06.40:848][637]LogVSAccessor: Warning: Couldn't access module table
[2018.01.22-09.06.40:849][637]LogVSAccessor: Warning: Couldn't access module table
[2018.01.22-09.06.40:856][637]LogVSAccessor: Warning: Couldn't access module table
[2018.01.22-09.06.40:856][637]LogVSAccessor: Warning: Couldn't access module table
[2018.01.22-09.06.40:856][637]LogVSAccessor: Warning: Couldn't access module table
[2018.01.22-09.06.40:856][637]LogVSAccessor: Warning: Couldn't access module table
[2018.01.22-09.06.40:862][637]LogVSAccessor: Warning: Couldn't access module table
[2018.01.22-09.06.40:914][637]LogVSAccessor: Warning: Couldn't access module table
[2018.01.22-09.08.09:319][967]LogWindowsTextInputMethodSystem: Display: IME system now deactivated.
[2018.01.22-09.08.09:478][968]Cmd: QUIT_EDITOR
[2018.01.22-09.08.09:502][968]LogExit: Preparing to exit.
[2018.01.22-09.08.10:154][968]LogExit: Editor shut down
[2018.01.22-09.08.10:156][968]LogExit: Transaction tracking system shut down
[2018.01.22-09.08.10:303][968]LogDirectoryWatcher: A directory notification for '../../../Engine/Content/' was aborted.
[2018.01.22-09.08.10:303][968]LogDirectoryWatcher: A directory notification for '../../../Engine/Plugins/2D/Paper2D/Content/' was aborted.
[2018.01.22-09.08.10:304][968]LogDirectoryWatcher: A directory notification for '../../../Engine/Plugins/Media/MediaCompositing/Content/' was aborted.
[2018.01.22-09.08.10:304][968]LogDirectoryWatcher: A directory notification for '../../../Engine/Plugins/Runtime/AppleARKit/Content/' was aborted.
[2018.01.22-09.08.10:304][968]LogDirectoryWatcher: A directory notification for '../../../Engine/Plugins/Runtime/Oculus/OculusVR/Content/' was aborted.
[2018.01.22-09.08.10:304][968]LogDirectoryWatcher: A directory notification for '../../../Engine/Plugins/Runtime/Steam/SteamVR/Content/' was aborted.
[2018.01.22-09.08.10:334][968]LogExit: Object subsystem successfully closed.
[2018.01.22-09.08.10:353][968]LogD3D11RHI: Shutdown
[2018.01.22-09.08.10:353][968]LogD3D11RHI: CleanupD3DDevice
[2018.01.22-09.08.10:354][968]LogD3D11RHI: ~FD3D11DynamicRHI
[2018.01.22-09.08.10:367][968]LogModuleManager: Shutting down and abandoning module HierarchicalLODOutliner (552)
[2018.01.22-09.08.10:367][968]LogModuleManager: Shutting down and abandoning module SceneOutliner (550)
[2018.01.22-09.08.10:367][968]LogModuleManager: Shutting down and abandoning module AddContentDialog (548)
[2018.01.22-09.08.10:367][968]LogDirectoryWatcher: A directory notification for 'C:/Program Files/Epic Games/UE_4.18/FeaturePacks/' was aborted.
[2018.01.22-09.08.10:367][968]LogModuleManager: Shutting down and abandoning module WidgetCarousel (547)
[2018.01.22-09.08.10:367][968]LogModuleManager: Shutting down and abandoning module EditorWidgets (544)
[2018.01.22-09.08.10:367][968]LogModuleManager: Shutting down and abandoning module CollectionManager (542)
[2018.01.22-09.08.10:367][968]LogDirectoryWatcher: A directory notification for 'C:/Users/WIN 10/Desktop/TechDemo/TechDemo/Content/Collections/' was aborted.
[2018.01.22-09.08.10:367][968]LogDirectoryWatcher: A directory notification for 'C:/Users/WIN 10/Desktop/TechDemo/TechDemo/Content/Developers/WIN10/Collections/' was aborted.
[2018.01.22-09.08.10:367][968]LogDirectoryWatcher: A directory notification for 'C:/Users/WIN 10/Desktop/TechDemo/TechDemo/Saved/Collections/' was aborted.
[2018.01.22-09.08.10:367][968]LogModuleManager: Shutting down and abandoning module HierarchicalLODUtilities (540)
[2018.01.22-09.08.10:367][968]LogModuleManager: Shutting down and abandoning module StatsViewer (538)
[2018.01.22-09.08.10:367][968]LogModuleManager: Shutting down and abandoning module FoliageEdit (536)
[2018.01.22-09.08.10:367][968]LogModuleManager: Shutting down and abandoning module LandscapeEditor (534)
[2018.01.22-09.08.10:367][968]LogModuleManager: Shutting down and abandoning module MeshPaintMode (532)
[2018.01.22-09.08.10:368][968]LogModuleManager: Shutting down and abandoning module SceneDepthPickerMode (530)
[2018.01.22-09.08.10:368][968]LogModuleManager: Shutting down and abandoning module ActorPickerMode (528)
[2018.01.22-09.08.10:368][968]LogModuleManager: Shutting down and abandoning module GeometryMode (526)
[2018.01.22-09.08.10:368][968]LogModuleManager: Shutting down and abandoning module TextureAlignMode (524)
[2018.01.22-09.08.10:368][968]LogModuleManager: Shutting down and abandoning module BspMode (522)
[2018.01.22-09.08.10:368][968]LogModuleManager: Shutting down and abandoning module PIEPreviewDeviceProfileSelector (520)
[2018.01.22-09.08.10:368][968]LogModuleManager: Shutting down and abandoning module HardwareSurvey (518)
[2018.01.22-09.08.10:368][968]LogModuleManager: Shutting down and abandoning module SequenceRecorderSections (516)
[2018.01.22-09.08.10:368][968]LogModuleManager: Shutting down and abandoning module AutomationWorker (514)
[2018.01.22-09.08.10:368][968]LogModuleManager: Shutting down and abandoning module MatineeToLevelSequence (512)
[2018.01.22-09.08.10:368][968]LogModuleManager: Shutting down and abandoning module LevelSequenceEditor (510)
[2018.01.22-09.08.10:368][968]LogModuleManager: Shutting down and abandoning module PlacementMode (509)
[2018.01.22-09.08.10:368][968]LogModuleManager: Shutting down and abandoning module WmfMediaFactory (506)
[2018.01.22-09.08.10:368][968]LogModuleManager: Shutting down and abandoning module WmfMediaEditor (504)
[2018.01.22-09.08.10:368][968]LogModuleManager: Shutting down and abandoning module OpenExrWrapper (502)
[2018.01.22-09.08.10:368][968]LogModuleManager: Shutting down and abandoning module ImgMediaFactory (500)
[2018.01.22-09.08.10:368][968]LogModuleManager: Shutting down and abandoning module ImgMediaEditor (498)
[2018.01.22-09.08.10:368][968]LogModuleManager: Shutting down and abandoning module AvfMediaFactory (496)
[2018.01.22-09.08.10:368][968]LogModuleManager: Shutting down and abandoning module AvfMediaEditor (494)
[2018.01.22-09.08.10:368][968]LogModuleManager: Shutting down and abandoning module AndroidMediaFactory (492)
[2018.01.22-09.08.10:368][968]LogModuleManager: Shutting down and abandoning module AndroidMediaEditor (490)
[2018.01.22-09.08.10:368][968]LogModuleManager: Shutting down and abandoning module CharacterAI (488)
[2018.01.22-09.08.10:368][968]LogModuleManager: Shutting down and abandoning module AudioCapture (486)
[2018.01.22-09.08.10:368][968]LogModuleManager: Shutting down and abandoning module SequenceRecorder (485)
[2018.01.22-09.08.10:368][968]LogModuleManager: Shutting down and abandoning module SmartSnapping (482)
[2018.01.22-09.08.10:368][968]LogModuleManager: Shutting down and abandoning module SessionServices (480)
[2018.01.22-09.08.10:368][968]LogModuleManager: Shutting down and abandoning module ViewportSnapping (478)
[2018.01.22-09.08.10:368][968]LogModuleManager: Shutting down and abandoning module ViewportInteraction (476)
[2018.01.22-09.08.10:368][968]LogModuleManager: Shutting down and abandoning module ClothPainter (474)
[2018.01.22-09.08.10:368][968]LogModuleManager: Shutting down and abandoning module SkeletalMeshEditor (473)
[2018.01.22-09.08.10:368][968]LogModuleManager: Shutting down and abandoning module LogVisualizer (470)
[2018.01.22-09.08.10:368][968]LogModuleManager: Shutting down and abandoning module IntroTutorials (468)
[2018.01.22-09.08.10:368][968]LogModuleManager: Shutting down and abandoning module GameProjectGeneration (467)
[2018.01.22-09.08.10:368][968]LogModuleManager: Shutting down and abandoning module IOSPlatformEditor (464)
[2018.01.22-09.08.10:368][968]LogModuleManager: Shutting down and abandoning module HTML5PlatformEditor (462)
[2018.01.22-09.08.10:368][968]LogModuleManager: Shutting down and abandoning module AndroidPlatformEditor (460)
[2018.01.22-09.08.10:368][968]LogModuleManager: Shutting down and abandoning module AndroidDeviceDetection (459)
[2018.01.22-09.08.10:472][968]LogModuleManager: Shutting down and abandoning module WindowsPlatformEditor (456)
[2018.01.22-09.08.10:472][968]LogModuleManager: Shutting down and abandoning module IOSRuntimeSettings (454)
[2018.01.22-09.08.10:472][968]LogModuleManager: Shutting down and abandoning module AndroidRuntimeSettings (452)
[2018.01.22-09.08.10:472][968]LogModuleManager: Shutting down and abandoning module InputBindingEditor (450)
[2018.01.22-09.08.10:472][968]LogModuleManager: Shutting down and abandoning module MergeActors (448)
[2018.01.22-09.08.10:472][968]LogModuleManager: Shutting down and abandoning module SizeMap (446)
[2018.01.22-09.08.10:472][968]LogModuleManager: Shutting down and abandoning module TreeMap (444)
[2018.01.22-09.08.10:472][968]LogModuleManager: Shutting down and abandoning module ReferenceViewer (442)
[2018.01.22-09.08.10:472][968]LogModuleManager: Shutting down and abandoning module LocalizationDashboard (440)
[2018.01.22-09.08.10:472][968]LogModuleManager: Shutting down and abandoning module LocalizationService (439)
[2018.01.22-09.08.10:472][968]LogModuleManager: Shutting down and abandoning module HardwareTargeting (436)
[2018.01.22-09.08.10:472][968]LogModuleManager: Shutting down and abandoning module DeviceProfileEditor (434)
[2018.01.22-09.08.10:472][968]LogModuleManager: Shutting down and abandoning module UndoHistory (432)
[2018.01.22-09.08.10:472][968]LogModuleManager: Shutting down and abandoning module XmlParser (430)
[2018.01.22-09.08.10:472][968]LogModuleManager: Shutting down and abandoning module Blutility (428)
[2018.01.22-09.08.10:472][968]LogModuleManager: Shutting down and abandoning module ProjectSettingsViewer (426)
[2018.01.22-09.08.10:472][968]LogModuleManager: Shutting down and abandoning module ProjectTargetPlatformEditor (425)
[2018.01.22-09.08.10:472][968]LogModuleManager: Shutting down and abandoning module EditorSettingsViewer (422)
[2018.01.22-09.08.10:472][968]LogModuleManager: Shutting down and abandoning module SettingsEditor (420)
[2018.01.22-09.08.10:472][968]LogModuleManager: Shutting down and abandoning module ProjectLauncher (418)
[2018.01.22-09.08.10:472][968]LogModuleManager: Shutting down and abandoning module SessionFrontend (416)
[2018.01.22-09.08.10:473][968]LogModuleManager: Shutting down and abandoning module ProfilerClient (414)
[2018.01.22-09.08.10:473][968]LogModuleManager: Shutting down and abandoning module DeviceManager (412)
[2018.01.22-09.08.10:473][968]LogModuleManager: Shutting down and abandoning module TargetDeviceServices (411)
[2018.01.22-09.08.10:526][968]LogModuleManager: Shutting down and abandoning module AutomationController (408)
[2018.01.22-09.08.10:526][968]LogModuleManager: Shutting down and abandoning module AutomationWindow (406)
[2018.01.22-09.08.10:526][968]LogModuleManager: Shutting down and abandoning module Layers (404)
[2018.01.22-09.08.10:526][968]LogModuleManager: Shutting down and abandoning module ComponentVisualizers (402)
[2018.01.22-09.08.10:526][968]LogModuleManager: Shutting down and abandoning module DetailCustomizations (400)
[2018.01.22-09.08.10:526][968]LogModuleManager: Shutting down and abandoning module PackagesDialog (398)
[2018.01.22-09.08.10:526][968]LogModuleManager: Shutting down and abandoning module Persona (396)
[2018.01.22-09.08.10:526][968]LogModuleManager: Shutting down and abandoning module AdvancedPreviewScene (395)
[2018.01.22-09.08.10:526][968]LogModuleManager: Shutting down and abandoning module AnimGraph (393)
[2018.01.22-09.08.10:526][968]LogModuleManager: Shutting down and abandoning module Kismet (390)
[2018.01.22-09.08.10:526][968]LogModuleManager: Shutting down and abandoning module ClassViewer (388)
[2018.01.22-09.08.10:526][968]LogModuleManager: Shutting down and abandoning module Toolbox (386)
[2018.01.22-09.08.10:526][968]LogModuleManager: Shutting down and abandoning module ModuleUI (384)
[2018.01.22-09.08.10:526][968]LogModuleManager: Shutting down and abandoning module MovieSceneTools (382)
[2018.01.22-09.08.10:526][968]LogModuleManager: Shutting down and abandoning module OutputLog (380)
[2018.01.22-09.08.10:526][968]LogModuleManager: Shutting down and abandoning module GammaUI (378)
[2018.01.22-09.08.10:526][968]LogModuleManager: Shutting down and abandoning module Documentation (376)
[2018.01.22-09.08.10:526][968]LogModuleManager: Shutting down and abandoning module MovieSceneTracks (374)
[2018.01.22-09.08.10:526][968]LogModuleManager: Shutting down and abandoning module MovieScene (372)
[2018.01.22-09.08.10:526][968]LogModuleManager: Shutting down and abandoning module StreamingPauseRendering (370)
[2018.01.22-09.08.10:526][968]LogModuleManager: Shutting down and abandoning module LauncherPlatform (368)
[2018.01.22-09.08.10:527][968]LogModuleManager: Shutting down and abandoning module AnalyticsET (366)
[2018.01.22-09.08.10:527][968]LogModuleManager: Shutting down and abandoning module PortalServices (364)
[2018.01.22-09.08.10:527][968]LogModuleManager: Shutting down and abandoning module PortalRpc (362)
[2018.01.22-09.08.10:527][968]LogModuleManager: Shutting down and abandoning module MessagingRpc (360)
[2018.01.22-09.08.10:527][968]LogModuleManager: Shutting down and abandoning module AIModule (358)
[2018.01.22-09.08.10:527][968]LogModuleManager: Shutting down and abandoning module GameplayDebugger (357)
[2018.01.22-09.08.10:527][968]LogModuleManager: Shutting down and abandoning module AITestSuite (355)
[2018.01.22-09.08.10:527][968]LogModuleManager: Shutting down and abandoning module ProfilerService (352)
[2018.01.22-09.08.10:676][968]LogModuleManager: Shutting down and abandoning module TaskGraph (350)
[2018.01.22-09.08.10:676][968]LogModuleManager: Shutting down and abandoning module SteamVRController (348)
[2018.01.22-09.08.10:676][968]LogModuleManager: Shutting down and abandoning module ProceduralMeshComponentEditor (346)
[2018.01.22-09.08.10:676][968]LogModuleManager: Shutting down and abandoning module ProceduralMeshComponent (344)
[2018.01.22-09.08.10:676][968]LogModuleManager: Shutting down and abandoning module OculusInput (342)
[2018.01.22-09.08.10:676][968]LogModuleManager: Shutting down and abandoning module MobilePatchingUtils (340)
[2018.01.22-09.08.10:676][968]LogModuleManager: Shutting down and abandoning module CustomMeshComponent (338)
[2018.01.22-09.08.10:676][968]LogModuleManager: Shutting down and abandoning module CableComponent (336)
[2018.01.22-09.08.10:676][968]LogModuleManager: Shutting down and abandoning module ArchVisCharacter (334)
[2018.01.22-09.08.10:676][968]LogModuleManager: Shutting down and abandoning module AndroidPermission (332)
[2018.01.22-09.08.10:676][968]LogModuleManager: Shutting down and abandoning module ActorSequence (328)
[2018.01.22-09.08.10:676][968]LogModuleManager: Shutting down and abandoning module MediaPlayerEditor (326)
[2018.01.22-09.08.10:676][968]LogModuleManager: Shutting down and abandoning module MediaCompositingEditor (324)
[2018.01.22-09.08.10:676][968]LogModuleManager: Shutting down and abandoning module MediaCompositing (322)
[2018.01.22-09.08.10:676][968]LogModuleManager: Shutting down and abandoning module HTML5Networking (320)
[2018.01.22-09.08.10:676][968]LogModuleManager: Shutting down and abandoning module AlembicImporter (318)
[2018.01.22-09.08.10:676][968]LogModuleManager: Shutting down and abandoning module AlembicLibrary (317)
[2018.01.22-09.08.10:676][968]LogModuleManager: Shutting down and abandoning module GeometryCache (316)
[2018.01.22-09.08.10:676][968]LogModuleManager: Shutting down and abandoning module GeometryCacheEd (315)
[2018.01.22-09.08.10:676][968]LogModuleManager: Shutting down and abandoning module SpeedTreeImporter (310)
[2018.01.22-09.08.10:676][968]LogModuleManager: Shutting down and abandoning module PluginBrowser (308)
[2018.01.22-09.08.10:676][968]LogModuleManager: Shutting down and abandoning module MobileLauncherProfileWizard (306)
[2018.01.22-09.08.10:676][968]LogModuleManager: Shutting down and abandoning module VisualStudioSourceCodeAccess (304)
[2018.01.22-09.08.10:676][968]LogModuleManager: Shutting down and abandoning module VisualStudioCodeSourceCodeAccess (302)
[2018.01.22-09.08.10:676][968]LogModuleManager: Shutting down and abandoning module UObjectPlugin (300)
[2018.01.22-09.08.10:676][968]LogModuleManager: Shutting down and abandoning module SubversionSourceControl (298)
[2018.01.22-09.08.10:676][968]LogModuleManager: Shutting down and abandoning module PerforceSourceControl (296)
[2018.01.22-09.08.10:676][968]LogModuleManager: Shutting down and abandoning module GitSourceControl (294)
[2018.01.22-09.08.10:676][968]LogModuleManager: Shutting down and abandoning module SourceControl (293)
[2018.01.22-09.08.10:676][968]LogModuleManager: Shutting down and abandoning module LightPropagationVolumeEditor (290)
[2018.01.22-09.08.10:676][968]LogModuleManager: Shutting down and abandoning module PaperTiledImporter (288)
[2018.01.22-09.08.10:676][968]LogModuleManager: Shutting down and abandoning module PaperSpriteSheetImporter (286)
[2018.01.22-09.08.10:676][968]LogModuleManager: Shutting down and abandoning module Paper2DEditor (284)
[2018.01.22-09.08.10:676][968]LogModuleManager: Shutting down and abandoning module MeshPaint (283)
[2018.01.22-09.08.10:676][968]LogModuleManager: Shutting down and abandoning module LevelEditor (281)
[2018.01.22-09.08.10:677][968]LogModuleManager: Shutting down and abandoning module PixelInspectorModule (280)
[2018.01.22-09.08.10:677][968]LogModuleManager: Shutting down and abandoning module MainFrame (278)
[2018.01.22-09.08.10:677][968]LogModuleManager: Shutting down and abandoning module HotReload (277)
[2018.01.22-09.08.10:677][968]LogDirectoryWatcher: A directory notification for 'C:/Users/WIN 10/Desktop/TechDemo/TechDemo/Binaries/Win64' was aborted.
[2018.01.22-09.08.10:678][968]LogModuleManager: Shutting down and abandoning module TechDemo (272)
[2018.01.22-09.08.10:678][968]LogModuleManager: Shutting down and abandoning module RuntimePhysXCooking (270)
[2018.01.22-09.08.10:678][968]LogModuleManager: Shutting down and abandoning module PhysXVehiclesEditor (268)
[2018.01.22-09.08.10:678][968]LogModuleManager: Shutting down and abandoning module PhysXVehicles (266)
[2018.01.22-09.08.10:678][968]LogModuleManager: Shutting down and abandoning module OculusEditor (264)
[2018.01.22-09.08.10:678][968]LogModuleManager: Shutting down and abandoning module LocationServicesBPLibrary (262)
[2018.01.22-09.08.10:678][968]LogModuleManager: Shutting down and abandoning module ImmediatePhysicsEditor (260)
[2018.01.22-09.08.10:678][968]LogModuleManager: Shutting down and abandoning module ImmediatePhysics (258)
[2018.01.22-09.08.10:678][968]LogModuleManager: Shutting down and abandoning module UdpMessaging (256)
[2018.01.22-09.08.10:779][968]LogModuleManager: Shutting down and abandoning module TcpMessaging (254)
[2018.01.22-09.08.11:082][968]LogModuleManager: Shutting down and abandoning module GameplayTagsEditor (252)
[2018.01.22-09.08.11:082][968]LogModuleManager: Shutting down and abandoning module FacialAnimationEditor (250)
[2018.01.22-09.08.11:082][968]LogModuleManager: Shutting down and abandoning module FacialAnimation (248)
[2018.01.22-09.08.11:082][968]LogModuleManager: Shutting down and abandoning module AssetManagerEditor (246)
[2018.01.22-09.08.11:082][968]LogModuleManager: Shutting down and abandoning module GraphEditor (245)
[2018.01.22-09.08.11:082][968]LogModuleManager: Shutting down and abandoning module ContentBrowser (243)
[2018.01.22-09.08.11:083][968]LogModuleManager: Shutting down and abandoning module LightPropagationVolumeRuntime (240)
[2018.01.22-09.08.11:083][968]LogModuleManager: Shutting down and abandoning module Paper2D (238)
[2018.01.22-09.08.11:083][968]LogModuleManager: Shutting down and abandoning module WindowsMoviePlayer (236)
[2018.01.22-09.08.11:083][968]LogModuleManager: Shutting down and abandoning module WmfMedia (234)
[2018.01.22-09.08.11:083][968]LogModuleManager: Shutting down and abandoning module ImgMedia (232)
[2018.01.22-09.08.11:083][968]LogModuleManager: Shutting down and abandoning module PacketHandler (230)
[2018.01.22-09.08.11:083][968]LogModuleManager: Shutting down and abandoning module ClothingSystemEditor (228)
[2018.01.22-09.08.11:083][968]LogModuleManager: Shutting down and abandoning module ClothingSystemRuntime (226)
[2018.01.22-09.08.11:083][968]LogModuleManager: Shutting down and abandoning module MediaAssets (224)
[2018.01.22-09.08.11:083][968]LogModuleManager: Shutting down and abandoning module Media (223)
[2018.01.22-09.08.11:089][968]LogModuleManager: Shutting down and abandoning module Overlay (220)
[2018.01.22-09.08.11:089][968]LogModuleManager: Shutting down and abandoning module OverlayEditor (219)
[2018.01.22-09.08.11:089][968]LogModuleManager: Shutting down and abandoning module VREditor (216)
[2018.01.22-09.08.11:089][968]LogModuleManager: Shutting down and abandoning module StringTableEditor (214)
[2018.01.22-09.08.11:089][968]LogModuleManager: Shutting down and abandoning module GameplayTasksEditor (212)
[2018.01.22-09.08.11:089][968]LogModuleManager: Shutting down and abandoning module BehaviorTreeEditor (210)
[2018.01.22-09.08.11:089][968]LogModuleManager: Shutting down and abandoning module FunctionalTesting (208)
[2018.01.22-09.08.11:089][968]LogModuleManager: Shutting down and abandoning module CollisionAnalyzer (206)
[2018.01.22-09.08.11:089][968]LogModuleManager: Shutting down and abandoning module WorkspaceMenuStructure (205)
[2018.01.22-09.08.11:089][968]LogModuleManager: Shutting down and abandoning module UMG (202)
[2018.01.22-09.08.11:089][968]LogModuleManager: Shutting down and abandoning module UMGEditor (201)
[2018.01.22-09.08.11:089][968]LogModuleManager: Shutting down and abandoning module Sequencer (200)
[2018.01.22-09.08.11:089][968]LogModuleManager: Shutting down and abandoning module MessageLog (197)
[2018.01.22-09.08.11:089][968]LogModuleManager: Shutting down and abandoning module SlateReflector (192)
[2018.01.22-09.08.11:089][968]LogModuleManager: Shutting down and abandoning module Slate (190)
[2018.01.22-09.08.11:089][968]LogModuleManager: Shutting down and abandoning module EditorStyle (188)
[2018.01.22-09.08.11:091][968]LogModuleManager: Shutting down and abandoning module MRMesh (186)
[2018.01.22-09.08.11:091][968]LogModuleManager: Shutting down and abandoning module SourceCodeAccess (184)
[2018.01.22-09.08.11:091][968]LogModuleManager: Shutting down and abandoning module HeadMountedDisplay (182)
[2018.01.22-09.08.11:091][968]LogModuleManager: Shutting down and abandoning module XAudio2 (180)
[2018.01.22-09.08.11:091][968]LogModuleManager: Shutting down and abandoning module Networking (178)
[2018.01.22-09.08.11:091][968]LogModuleManager: Shutting down and abandoning module Core (174)
[2018.01.22-09.08.11:091][968]LogModuleManager: Shutting down and abandoning module LevelSequence (170)
[2018.01.22-09.08.11:091][968]LogModuleManager: Shutting down and abandoning module DirectoryWatcher (168)
[2018.01.22-09.08.11:091][968]LogModuleManager: Shutting down and abandoning module KismetCompiler (166)
[2018.01.22-09.08.11:091][968]LogModuleManager: Shutting down and abandoning module MeshUtilities (164)
[2018.01.22-09.08.11:091][968]LogModuleManager: Shutting down and abandoning module MeshMergeUtilities (163)
[2018.01.22-09.08.11:091][968]LogModuleManager: Shutting down and abandoning module MeshReductionInterface (162)
[2018.01.22-09.08.11:091][968]LogModuleManager: Shutting down and abandoning module SimplygonSwarm (161)
[2018.01.22-09.08.11:091][968]LogModuleManager: Shutting down and abandoning module SimplygonMeshReduction (159)
[2018.01.22-09.08.11:091][968]LogModuleManager: Shutting down and abandoning module QuadricMeshReduction (157)
[2018.01.22-09.08.11:091][968]LogModuleManager: Shutting down and abandoning module MaterialBaking (153)
[2018.01.22-09.08.11:091][968]LogModuleManager: Shutting down and abandoning module DerivedDataCache (150)
[2018.01.22-09.08.11:193][968]LogDerivedDataCache: Shutdown
[2018.01.22-09.08.11:193][968]LogModuleManager: Shutting down and abandoning module TargetPlatform (148)
[2018.01.22-09.08.11:193][968]LogModuleManager: Shutting down and abandoning module VulkanShaderFormat (147)
[2018.01.22-09.08.11:193][968]LogModuleManager: Shutting down and abandoning module ShaderFormatVectorVM (145)
[2018.01.22-09.08.11:193][968]LogModuleManager: Shutting down and abandoning module ShaderFormatOpenGL (143)
[2018.01.22-09.08.11:193][968]LogModuleManager: Shutting down and abandoning module ShaderFormatD3D (141)
[2018.01.22-09.08.11:193][968]LogModuleManager: Shutting down and abandoning module MetalShaderFormat (139)
[2018.01.22-09.08.11:193][968]LogModuleManager: Shutting down and abandoning module TextureFormatUncompressed (137)
[2018.01.22-09.08.11:193][968]LogModuleManager: Shutting down and abandoning module TextureFormatPVR (135)
[2018.01.22-09.08.11:193][968]LogModuleManager: Shutting down and abandoning module TextureFormatDXT (133)
[2018.01.22-09.08.11:193][968]LogModuleManager: Shutting down and abandoning module TextureFormatIntelISPCTexComp (131)
[2018.01.22-09.08.11:193][968]LogModuleManager: Shutting down and abandoning module TextureFormatASTC (129)
[2018.01.22-09.08.11:193][968]LogModuleManager: Shutting down and abandoning module ImageWrapper (128)
[2018.01.22-09.08.11:193][968]LogModuleManager: Shutting down and abandoning module TextureFormatAndroid (125)
[2018.01.22-09.08.11:193][968]LogModuleManager: Shutting down and abandoning module AudioFormatOpus (123)
[2018.01.22-09.08.11:193][968]LogModuleManager: Shutting down and abandoning module AudioFormatOgg (121)
[2018.01.22-09.08.11:193][968]LogModuleManager: Shutting down and abandoning module AudioFormatADPCM (119)
[2018.01.22-09.08.11:193][968]LogModuleManager: Shutting down and abandoning module LinuxTargetPlatform (117)
[2018.01.22-09.08.11:193][968]LogModuleManager: Shutting down and abandoning module LinuxServerTargetPlatform (115)
[2018.01.22-09.08.11:193][968]LogModuleManager: Shutting down and abandoning module LinuxNoEditorTargetPlatform (113)
[2018.01.22-09.08.11:193][968]LogModuleManager: Shutting down and abandoning module LinuxClientTargetPlatform (111)
[2018.01.22-09.08.11:193][968]LogModuleManager: Shutting down and abandoning module TVOSTargetPlatform (109)
[2018.01.22-09.08.11:193][968]LogModuleManager: Shutting down and abandoning module Messaging (107)
[2018.01.22-09.08.11:193][968]LogModuleManager: Shutting down and abandoning module IOSTargetPlatform (105)
[2018.01.22-09.08.11:193][968]LogModuleManager: Shutting down and abandoning module HTML5TargetPlatform (103)
[2018.01.22-09.08.11:193][968]LogModuleManager: Shutting down and abandoning module AndroidTargetPlatform (101)
[2018.01.22-09.08.11:193][968]LogModuleManager: Shutting down and abandoning module Android_PVRTCTargetPlatform (99)
[2018.01.22-09.08.11:193][968]LogModuleManager: Shutting down and abandoning module Android_MultiTargetPlatform (97)
[2018.01.22-09.08.11:193][968]LogModuleManager: Shutting down and abandoning module Android_ETC2TargetPlatform (95)
[2018.01.22-09.08.11:193][968]LogModuleManager: Shutting down and abandoning module Android_ETC1TargetPlatform (93)
[2018.01.22-09.08.11:193][968]LogModuleManager: Shutting down and abandoning module Android_DXTTargetPlatform (91)
[2018.01.22-09.08.11:193][968]LogModuleManager: Shutting down and abandoning module Android_ATCTargetPlatform (89)
[2018.01.22-09.08.11:193][968]LogModuleManager: Shutting down and abandoning module Android_ASTCTargetPlatform (87)
[2018.01.22-09.08.11:193][968]LogModuleManager: Shutting down and abandoning module WindowsTargetPlatform (85)
[2018.01.22-09.08.11:193][968]LogModuleManager: Shutting down and abandoning module WindowsServerTargetPlatform (83)
[2018.01.22-09.08.11:193][968]LogModuleManager: Shutting down and abandoning module WindowsNoEditorTargetPlatform (81)
[2018.01.22-09.08.11:193][968]LogModuleManager: Shutting down and abandoning module WindowsClientTargetPlatform (79)
[2018.01.22-09.08.11:193][968]LogModuleManager: Shutting down and abandoning module MacTargetPlatform (77)
[2018.01.22-09.08.11:193][968]LogModuleManager: Shutting down and abandoning module MacServerTargetPlatform (75)
[2018.01.22-09.08.11:193][968]LogModuleManager: Shutting down and abandoning module MacNoEditorTargetPlatform (73)
[2018.01.22-09.08.11:193][968]LogModuleManager: Shutting down and abandoning module MacClientTargetPlatform (71)
[2018.01.22-09.08.11:193][968]LogModuleManager: Shutting down and abandoning module AllDesktopTargetPlatform (69)
[2018.01.22-09.08.11:193][968]LogModuleManager: Shutting down and abandoning module InputCore (66)
[2018.01.22-09.08.11:193][968]LogModuleManager: Shutting down and abandoning module Settings (64)
[2018.01.22-09.08.11:193][968]LogModuleManager: Shutting down and abandoning module PhysXCooking (62)
[2018.01.22-09.08.11:193][968]LogModuleManager: Shutting down and abandoning module SteamVR (60)
[2018.01.22-09.08.11:193][968]LogModuleManager: Shutting down and abandoning module OculusHMD (58)
[2018.01.22-09.08.11:193][968]LogModuleManager: Shutting down and abandoning module ExampleDeviceProfileSelector (56)
[2018.01.22-09.08.11:193][968]LogModuleManager: Shutting down and abandoning module AppleARKit (54)
[2018.01.22-09.08.11:193][968]LogModuleManager: Shutting down and abandoning module AugmentedReality (53)
[2018.01.22-09.08.11:193][968]LogModuleManager: Shutting down and abandoning module OnlineBlueprintSupport (50)
[2018.01.22-09.08.11:193][968]LogModuleManager: Shutting down and abandoning module OnlineSubsystem (46)
[2018.01.22-09.08.11:193][968]LogModuleManager: Shutting down and abandoning module XMPP (45)
[2018.01.22-09.08.11:194][968]LogModuleManager: Shutting down and abandoning module HTTP (43)
[2018.01.22-09.08.11:194][968]LogHttp: Display: Http module shutting down, but needs to wait on 1 outstanding Http requests:
[2018.01.22-09.08.11:194][968]LogHttp: Display: 	verb=[POST] url=[https://datarouter.ol.epicgames.com/datarouter/api/v1/public/data?SessionID=%7BA6FD8CED-4975-F385-A594-89BF1DC0C3F2%7D&AppID=UEEditor.Rocket.Release&AppVersion=4.18.3-3832480%2B%2B%2BUE4%2BRelease-4.18&UserID=014b875149afdbfc689712b49e363672%7Caf4cf2b1072a460d8575291530f4bb99%7Cf73e61e6-ab17-4802-9d04-972df57db628&AppEnvironment=datacollector-binary&UploadType=eteventstream] status=Processing
[2018.01.22-09.08.11:222][968]LogModuleManager: Shutting down and abandoning module SSL (42)
[2018.01.22-09.08.11:223][968]LogModuleManager: Shutting down and abandoning module DesktopPlatform (38)
[2018.01.22-09.08.11:223][968]LogModuleManager: Shutting down and abandoning module AnimationModifiers (36)
[2018.01.22-09.08.11:223][968]LogModuleManager: Shutting down and abandoning module PropertyEditor (35)
[2018.01.22-09.08.11:223][968]LogModuleManager: Shutting down and abandoning module AudioEditor (32)
[2018.01.22-09.08.11:223][968]LogModuleManager: Shutting down and abandoning module TextureCompressor (30)
[2018.01.22-09.08.11:223][968]LogModuleManager: Shutting down and abandoning module ShaderCore (28)
[2018.01.22-09.08.11:223][968]LogModuleManager: Shutting down and abandoning module Landscape (26)
[2018.01.22-09.08.11:223][968]LogModuleManager: Shutting down and abandoning module SlateRHIRenderer (24)
[2018.01.22-09.08.11:224][968]LogModuleManager: Shutting down and abandoning module OpenGLDrv (22)
[2018.01.22-09.08.11:224][968]LogModuleManager: Shutting down and abandoning module D3D11RHI (20)
[2018.01.22-09.08.11:224][968]LogModuleManager: Shutting down and abandoning module AnimGraphRuntime (18)
[2018.01.22-09.08.11:224][968]LogModuleManager: Shutting down and abandoning module Renderer (16)
[2018.01.22-09.08.11:224][968]LogModuleManager: Shutting down and abandoning module Engine (14)
[2018.01.22-09.08.11:224][968]LogModuleManager: Shutting down and abandoning module CoreUObject (12)
[2018.01.22-09.08.11:224][968]LogModuleManager: Shutting down and abandoning module NetworkFile (10)
[2018.01.22-09.08.11:224][968]LogModuleManager: Shutting down and abandoning module CookedIterativeFile (8)
[2018.01.22-09.08.11:224][968]LogModuleManager: Shutting down and abandoning module StreamingFile (6)
[2018.01.22-09.08.11:224][968]LogModuleManager: Shutting down and abandoning module SandboxFile (4)
[2018.01.22-09.08.11:224][968]LogModuleManager: Shutting down and abandoning module PakFile (2)
[2018.01.22-09.08.11:228][968]LogExit: Exiting.
[2018.01.22-09.08.11:239][968]Log file closed, 01/22/18 11:08:11
